/opt/homebrew/lib/python3.14/site-packages/webrtcvad.py:1: UserWarning: pkg_resources is deprecated as an API. See https://setuptools.pypa.io/en/latest/pkg_resources.html. The pkg_resources package is slated for removal as early as 2025-11-30. Refrain from using this package or pin to Setuptools<81.
  import pkg_resources
======================================================================
Paralinguistics Training for Whisper
======================================================================
Output: checkpoints/paralinguistics_v1
Model: mlx-community/whisper-large-v3-mlx

1. Loading Whisper model...
Fetching 1 files:   0%|          | 0/1 [00:00<?, ?it/s]Fetching 1 files: 100%|██████████| 1/1 [00:00<00:00, 92.17it/s]
   d_model=1280
2. Creating ParalinguisticsHead...
   Parameters: 0.33M
3. Loading VocalSound...
Loading VocalSound from HuggingFace...
  Processing test: 3591 samples
  Processing val: 1855 samples
Total samples: 5400
   Loaded 5400 samples
4. Loading ESC-50...
Loading ESC-50 from: data/paralinguistics/esc50
  Found 200 relevant samples
Total samples: 200
   Loaded 200 samples

Total samples: 5600
Train: 5040, Val: 560
Loading checkpoint: checkpoints/paralinguistics_v1/step_500.npz
Resumed from step 500, epoch 0

======================================================================
Resuming Training from checkpoints/paralinguistics_v1/step_500.npz
======================================================================
Resuming paralinguistics training from step 500
Epochs: 3
Train samples: 5040
Val samples: 560
Classes: 11
Steps per epoch: 630
Train distribution: {'Cough': 811, 'Sigh': 804, 'Sneeze': 816, 'Sniff': 805, 'Throat clearing': 819, 'Laughter': 808, 'coughing': 38, 'sneezing': 37, 'breathing': 36, 'laughing': 32, 'snoring': 34}
/opt/homebrew/Cellar/python@3.14/3.14.0_1/Frameworks/Python.framework/Versions/3.14/lib/python3.14/multiprocessing/resource_tracker.py:297: UserWarning: resource_tracker: There appear to be 1 leaked semaphore objects to clean up at shutdown: {'/mp-3w9p6zbp'}
  warnings.warn(
