usage: train_rich_audio_heads.py [-h] [--checkpoint CHECKPOINT]
                                 [--output-dir OUTPUT_DIR]
                                 [--head {emotion,paralinguistics,language}]
                                 [--data-dir DATA_DIR]
                                 [--dataset {crema-d,combined,meld}]
                                 [--epochs EPOCHS] [--batch-size BATCH_SIZE]
                                 [--learning-rate LEARNING_RATE]
                                 [--encoder-lr ENCODER_LR]
                                 [--warmup-steps WARMUP_STEPS]
                                 [--weight-decay WEIGHT_DECAY]
                                 [--unfreeze-layers UNFREEZE_LAYERS]
                                 [--grad-clip GRAD_CLIP]
                                 [--accumulation-steps ACCUMULATION_STEPS]
                                 [--clear-cache-every CLEAR_CACHE_EVERY]
                                 [--save-every SAVE_EVERY]
                                 [--eval-every EVAL_EVERY]
                                 [--log-every LOG_EVERY]
                                 [--label-smoothing LABEL_SMOOTHING]
                                 [--use-class-weights] [--ema-decay EMA_DECAY]
                                 [--dtype {float32,float16,bfloat16}]
                                 [--spec-augment] [--no-spec-augment]
                                 [--num-time-masks NUM_TIME_MASKS]
                                 [--time-mask-max TIME_MASK_MAX]
                                 [--num-freq-masks NUM_FREQ_MASKS]
                                 [--freq-mask-max FREQ_MASK_MAX] [--seed SEED]
train_rich_audio_heads.py: error: unrecognized arguments:              
