Manifest: 65883 samples
Traceback (most recent call last):
  File "/Users/ayates/model_mlx_migration/scripts/preextract_encoder_features.py", line 254, in <module>
    main()
    ~~~~^^
  File "/Users/ayates/model_mlx_migration/scripts/preextract_encoder_features.py", line 242, in main
    preextract_features(
    ~~~~~~~~~~~~~~~~~~~^
        manifest_path=args.manifest,
        ^^^^^^^^^^^^^^^^^^^^^^^^^^^^
    ...<5 lines>...
        extract_prosody=not args.no_prosody,
        ^^^^^^^^^^^^^^^^^^^^^^^^^^^^^^^^^^^^
    )
    ^
  File "/Users/ayates/model_mlx_migration/scripts/preextract_encoder_features.py", line 141, in preextract_features
    model = load_whisper_encoder(model_name)
  File "/Users/ayates/model_mlx_migration/scripts/preextract_encoder_features.py", line 35, in load_whisper_encoder
    from tools.whisper_mlx.model import WhisperMLX
ModuleNotFoundError: No module named 'tools'
