2026-01-07 11:22:23,372 [INFO] Acquired training lock
2026-01-07 11:22:23,372 [INFO] Loading encoder from checkpoints/zipformer/en-streaming/exp/pretrained.pt
2026-01-07 11:22:23,468 [INFO] Encoder loaded: output_dim=512
2026-01-07 11:22:23,468 [INFO] Loading data from data/paralinguistics/vocalsound_labeled (dataset=crema-d)
2026-01-07 11:22:27,732 [INFO] Train batches: 486
2026-01-07 11:22:27,732 [INFO] Val batches: 112
2026-01-07 11:22:27,733 [INFO] Head num_classes: 6
2026-01-07 11:22:27,734 [INFO] Created paralinguistics head with 988,166 parameters
2026-01-07 11:22:27,734 [INFO] Stage 4: 11,754,487 params (UNFROZEN)
2026-01-07 11:22:27,734 [INFO] Stage 5: 3,906,660 params (UNFROZEN)
2026-01-07 11:22:27,734 [INFO] Total unfrozen encoder params: 15,661,147
2026-01-07 11:22:27,734 [INFO] Total trainable parameters: 16,649,313
2026-01-07 11:22:27,734 [INFO] Fine-tuning with encoder unfreezing: lr=4e-05 (encoder_lr parameter is ignored - both encoder and head use same lr)
2026-01-07 11:22:27,734 [INFO] ============================================================
2026-01-07 11:22:27,734 [INFO] Training Configuration
2026-01-07 11:22:27,734 [INFO] ============================================================
2026-01-07 11:22:27,734 [INFO] Head type: paralinguistics
2026-01-07 11:22:27,734 [INFO] Encoder dim: 512
2026-01-07 11:22:27,734 [INFO] Batch size: 32
2026-01-07 11:22:27,734 [INFO] Head learning rate: 4e-05
2026-01-07 11:22:27,734 [INFO] Encoder learning rate: 1e-05
2026-01-07 11:22:27,734 [INFO] Unfrozen encoder stages: 2
2026-01-07 11:22:27,734 [INFO] Gradient clipping: 1.0
2026-01-07 11:22:27,734 [INFO] Cache clearing: every 100 steps
2026-01-07 11:22:27,734 [INFO] Label smoothing: 0.1
2026-01-07 11:22:27,734 [INFO] Loss function: Cross-Entropy
2026-01-07 11:22:27,734 [INFO] SpecAugment: True
2026-01-07 11:22:27,734 [INFO] Param dtype: float32
2026-01-07 11:22:27,734 [INFO] Epochs: 10
2026-01-07 11:22:27,734 [INFO] Max steps: 4860
2026-01-07 11:22:27,734 [INFO] Label key: paralinguistic_labels
2026-01-07 11:22:27,734 [INFO] ============================================================
2026-01-07 11:22:27,735 [INFO] Created EncoderHeadModel for fine-tuning (reused across all steps)
2026-01-07 11:22:27,735 [INFO] Epoch 1/10
2026-01-07 11:22:32,292 [INFO] Step 10/4860 | Loss: 1.7980 | Acc: 0.0938 | LR: 7.20e-07
2026-01-07 11:22:36,835 [INFO] Step 20/4860 | Loss: 1.7946 | Acc: 0.1250 | LR: 1.52e-06
2026-01-07 11:22:41,480 [INFO] Step 30/4860 | Loss: 1.7826 | Acc: 0.3125 | LR: 2.32e-06
2026-01-07 11:22:46,219 [INFO] Step 40/4860 | Loss: 1.7867 | Acc: 0.2500 | LR: 3.12e-06
2026-01-07 11:22:50,703 [INFO] Step 50/4860 | Loss: 1.7801 | Acc: 0.2188 | LR: 3.92e-06
2026-01-07 11:22:53,328 [WARNING] Skipping batch due to non-finite loss at step=55 (loss=nan, epoch=1).
2026-01-07 11:22:55,692 [INFO] Step 60/4860 | Loss: 1.7830 | Acc: 0.2812 | LR: 4.72e-06
2026-01-07 11:23:00,336 [INFO] Step 70/4860 | Loss: 1.7880 | Acc: 0.2500 | LR: 5.52e-06
2026-01-07 11:23:05,254 [INFO] Step 80/4860 | Loss: 1.7695 | Acc: 0.3438 | LR: 6.32e-06
2026-01-07 11:23:09,603 [INFO] Step 90/4860 | Loss: 1.7814 | Acc: 0.1875 | LR: 7.12e-06
2026-01-07 11:23:14,803 [INFO] Step 100/4860 | Loss: 1.7747 | Acc: 0.2812 | LR: 7.92e-06
2026-01-07 11:23:34,441 [INFO] [EVAL] Step 100 | Val Loss: 1.7472 | Val Acc: 0.2828
2026-01-07 11:23:34,444 [INFO] New best validation accuracy: 0.2828
2026-01-07 11:23:39,263 [INFO] Step 110/4860 | Loss: 1.7529 | Acc: 0.3438 | LR: 8.72e-06
2026-01-07 11:23:43,925 [INFO] Step 120/4860 | Loss: 1.7594 | Acc: 0.2500 | LR: 9.52e-06
2026-01-07 11:23:48,604 [INFO] Step 130/4860 | Loss: 1.6715 | Acc: 0.3750 | LR: 1.03e-05
2026-01-07 11:23:53,161 [INFO] Step 140/4860 | Loss: 1.6287 | Acc: 0.4688 | LR: 1.11e-05
2026-01-07 11:23:57,604 [INFO] Step 150/4860 | Loss: 1.7147 | Acc: 0.2812 | LR: 1.19e-05
2026-01-07 11:24:01,910 [INFO] Step 160/4860 | Loss: 1.6042 | Acc: 0.3750 | LR: 1.27e-05
2026-01-07 11:24:06,346 [INFO] Step 170/4860 | Loss: 1.6647 | Acc: 0.2812 | LR: 1.35e-05
2026-01-07 11:24:07,135 [WARNING] Skipping batch due to non-finite loss at step=171 (loss=nan, epoch=1).
2026-01-07 11:24:11,297 [INFO] Step 180/4860 | Loss: 1.6803 | Acc: 0.2188 | LR: 1.43e-05
2026-01-07 11:24:15,742 [WARNING] Skipping batch due to non-finite loss at step=189 (loss=nan, epoch=1).
2026-01-07 11:24:16,238 [INFO] Step 190/4860 | Loss: 1.6070 | Acc: 0.4062 | LR: 1.51e-05
2026-01-07 11:24:21,093 [INFO] Step 200/4860 | Loss: 1.5457 | Acc: 0.3438 | LR: 1.59e-05
2026-01-07 11:24:41,446 [INFO] [EVAL] Step 200 | Val Loss: 1.2896 | Val Acc: 0.5291
2026-01-07 11:24:41,451 [INFO] New best validation accuracy: 0.5291
2026-01-07 11:24:46,277 [INFO] Step 210/4860 | Loss: 1.4221 | Acc: 0.4688 | LR: 1.67e-05
2026-01-07 11:24:50,879 [INFO] Step 220/4860 | Loss: 1.5840 | Acc: 0.3125 | LR: 1.75e-05
2026-01-07 11:24:55,494 [INFO] Step 230/4860 | Loss: 1.2606 | Acc: 0.5625 | LR: 1.83e-05
2026-01-07 11:24:58,757 [WARNING] Skipping batch due to non-finite loss at step=236 (loss=nan, epoch=1).
2026-01-07 11:25:00,616 [INFO] Step 240/4860 | Loss: 1.4294 | Acc: 0.4375 | LR: 1.91e-05
2026-01-07 11:25:05,023 [INFO] Step 250/4860 | Loss: 1.1301 | Acc: 0.5938 | LR: 1.99e-05
2026-01-07 11:25:09,710 [INFO] Step 260/4860 | Loss: 1.2621 | Acc: 0.5312 | LR: 2.07e-05
2026-01-07 11:25:14,404 [INFO] Step 270/4860 | Loss: 1.3607 | Acc: 0.5625 | LR: 2.15e-05
2026-01-07 11:25:18,883 [INFO] Step 280/4860 | Loss: 1.3409 | Acc: 0.5625 | LR: 2.23e-05
2026-01-07 11:25:23,823 [INFO] Step 290/4860 | Loss: 1.3797 | Acc: 0.5312 | LR: 2.31e-05
2026-01-07 11:25:28,824 [INFO] Step 300/4860 | Loss: 1.2740 | Acc: 0.5625 | LR: 2.39e-05
2026-01-07 11:25:50,223 [INFO] [EVAL] Step 300 | Val Loss: 0.9409 | Val Acc: 0.6522
2026-01-07 11:25:50,225 [INFO] New best validation accuracy: 0.6522
2026-01-07 11:25:55,492 [INFO] Step 310/4860 | Loss: 1.2331 | Acc: 0.6250 | LR: 2.47e-05
2026-01-07 11:26:00,304 [INFO] Step 320/4860 | Loss: 1.1896 | Acc: 0.5000 | LR: 2.55e-05
2026-01-07 11:26:04,994 [INFO] Step 330/4860 | Loss: 1.3482 | Acc: 0.5312 | LR: 2.63e-05
2026-01-07 11:26:09,729 [INFO] Step 340/4860 | Loss: 1.2390 | Acc: 0.5938 | LR: 2.71e-05
2026-01-07 11:26:14,455 [INFO] Step 350/4860 | Loss: 1.0956 | Acc: 0.6562 | LR: 2.79e-05
2026-01-07 11:26:19,189 [INFO] Step 360/4860 | Loss: 1.1430 | Acc: 0.6250 | LR: 2.87e-05
2026-01-07 11:26:20,864 [WARNING] Skipping batch due to non-finite loss at step=363 (loss=nan, epoch=1).
2026-01-07 11:26:24,155 [INFO] Step 370/4860 | Loss: 1.1501 | Acc: 0.6562 | LR: 2.95e-05
2026-01-07 11:26:28,939 [INFO] Step 380/4860 | Loss: 1.2053 | Acc: 0.5938 | LR: 3.03e-05
2026-01-07 11:26:31,274 [WARNING] Skipping batch due to non-finite loss at step=384 (loss=nan, epoch=1).
2026-01-07 11:26:34,040 [INFO] Step 390/4860 | Loss: 1.3549 | Acc: 0.5000 | LR: 3.11e-05
2026-01-07 11:26:36,926 [WARNING] Skipping batch due to non-finite loss at step=395 (loss=nan, epoch=1).
2026-01-07 11:26:39,716 [INFO] Step 400/4860 | Loss: 1.2244 | Acc: 0.6250 | LR: 3.19e-05
2026-01-07 11:27:03,104 [INFO] [EVAL] Step 400 | Val Loss: 0.7068 | Val Acc: 0.7719
2026-01-07 11:27:03,108 [INFO] New best validation accuracy: 0.7719
2026-01-07 11:27:08,232 [INFO] Step 410/4860 | Loss: 0.9038 | Acc: 0.7812 | LR: 3.27e-05
2026-01-07 11:27:13,273 [INFO] Step 420/4860 | Loss: 1.3488 | Acc: 0.5312 | LR: 3.35e-05
2026-01-07 11:27:18,018 [INFO] Step 430/4860 | Loss: 1.1724 | Acc: 0.6562 | LR: 3.43e-05
2026-01-07 11:27:22,374 [WARNING] Skipping batch due to non-finite loss at step=438 (loss=nan, epoch=1).
2026-01-07 11:27:23,359 [INFO] Step 440/4860 | Loss: 1.0454 | Acc: 0.6875 | LR: 3.51e-05
2026-01-07 11:27:28,220 [INFO] Step 450/4860 | Loss: 1.1338 | Acc: 0.6562 | LR: 3.59e-05
2026-01-07 11:27:33,103 [INFO] Step 460/4860 | Loss: 1.2610 | Acc: 0.4375 | LR: 3.67e-05
2026-01-07 11:27:37,996 [INFO] Step 470/4860 | Loss: 1.3006 | Acc: 0.5938 | LR: 3.75e-05
2026-01-07 11:27:41,392 [INFO] Epoch 1 complete | Avg Loss: 1.4314 | Avg Acc: 0.4655 | Updates: 477 | Micro-batches: 485 | Skipped: 8 (loss=8, logits=0, grads=0)
2026-01-07 11:27:41,392 [INFO] Epoch 2/10
2026-01-07 11:27:42,898 [INFO] Step 480/4860 | Loss: 0.9217 | Acc: 0.7812 | LR: 3.83e-05
2026-01-07 11:27:47,727 [INFO] Step 490/4860 | Loss: 1.0359 | Acc: 0.7500 | LR: 3.91e-05
2026-01-07 11:27:52,768 [INFO] Step 500/4860 | Loss: 1.1773 | Acc: 0.6875 | LR: 3.99e-05
2026-01-07 11:28:15,485 [INFO] [EVAL] Step 500 | Val Loss: 0.6430 | Val Acc: 0.7891
2026-01-07 11:28:15,490 [INFO] New best validation accuracy: 0.7891
2026-01-07 11:28:20,575 [INFO] Step 510/4860 | Loss: 0.9492 | Acc: 0.7500 | LR: 4.00e-05
2026-01-07 11:28:25,287 [INFO] Step 520/4860 | Loss: 1.0605 | Acc: 0.7500 | LR: 4.00e-05
2026-01-07 11:28:29,632 [INFO] Step 530/4860 | Loss: 1.0323 | Acc: 0.7188 | LR: 4.00e-05
2026-01-07 11:28:30,491 [WARNING] Skipping batch due to non-finite loss at step=531 (loss=nan, epoch=2).
2026-01-07 11:28:33,520 [WARNING] Skipping batch due to non-finite loss at step=537 (loss=nan, epoch=2).
2026-01-07 11:28:34,963 [INFO] Step 540/4860 | Loss: 0.9903 | Acc: 0.7188 | LR: 4.00e-05
2026-01-07 11:28:39,726 [INFO] Step 550/4860 | Loss: 1.0570 | Acc: 0.7188 | LR: 4.00e-05
2026-01-07 11:28:44,399 [INFO] Step 560/4860 | Loss: 0.9237 | Acc: 0.7812 | LR: 4.00e-05
2026-01-07 11:28:49,224 [INFO] Step 570/4860 | Loss: 1.1058 | Acc: 0.6875 | LR: 4.00e-05
2026-01-07 11:28:54,051 [INFO] Step 580/4860 | Loss: 1.1339 | Acc: 0.6562 | LR: 4.00e-05
2026-01-07 11:28:58,980 [INFO] Step 590/4860 | Loss: 1.3395 | Acc: 0.6562 | LR: 4.00e-05
2026-01-07 11:29:00,833 [WARNING] Skipping batch due to non-finite loss at step=593 (loss=nan, epoch=2).
2026-01-07 11:29:04,633 [INFO] Step 600/4860 | Loss: 0.9394 | Acc: 0.7812 | LR: 4.00e-05
2026-01-07 11:29:27,031 [INFO] [EVAL] Step 600 | Val Loss: 0.5759 | Val Acc: 0.8313
2026-01-07 11:29:27,034 [INFO] New best validation accuracy: 0.8313
2026-01-07 11:29:31,827 [INFO] Step 610/4860 | Loss: 0.9535 | Acc: 0.7188 | LR: 3.99e-05
2026-01-07 11:29:36,508 [INFO] Step 620/4860 | Loss: 0.8724 | Acc: 0.8125 | LR: 3.99e-05
2026-01-07 11:29:41,097 [INFO] Step 630/4860 | Loss: 0.9203 | Acc: 0.8125 | LR: 3.99e-05
2026-01-07 11:29:45,890 [INFO] Step 640/4860 | Loss: 0.7861 | Acc: 0.8125 | LR: 3.99e-05
2026-01-07 11:29:50,854 [INFO] Step 650/4860 | Loss: 0.7594 | Acc: 0.8750 | LR: 3.99e-05
2026-01-07 11:29:55,594 [INFO] Step 660/4860 | Loss: 0.9168 | Acc: 0.8438 | LR: 3.99e-05
2026-01-07 11:30:00,476 [INFO] Step 670/4860 | Loss: 1.1941 | Acc: 0.6875 | LR: 3.99e-05
2026-01-07 11:30:05,084 [INFO] Step 680/4860 | Loss: 0.8691 | Acc: 0.8438 | LR: 3.98e-05
2026-01-07 11:30:07,258 [WARNING] Skipping batch due to non-finite loss at step=684 (loss=nan, epoch=2).
2026-01-07 11:30:10,074 [INFO] Step 690/4860 | Loss: 0.7499 | Acc: 0.8750 | LR: 3.98e-05
2026-01-07 11:30:15,476 [INFO] Step 700/4860 | Loss: 0.7741 | Acc: 0.8438 | LR: 3.98e-05
2026-01-07 11:30:37,876 [INFO] [EVAL] Step 700 | Val Loss: 0.5257 | Val Acc: 0.8359
2026-01-07 11:30:37,881 [INFO] New best validation accuracy: 0.8359
2026-01-07 11:30:42,635 [INFO] Step 710/4860 | Loss: 0.8415 | Acc: 0.8125 | LR: 3.98e-05
2026-01-07 11:30:47,185 [INFO] Step 720/4860 | Loss: 1.1842 | Acc: 0.7188 | LR: 3.98e-05
2026-01-07 11:30:51,993 [INFO] Step 730/4860 | Loss: 0.9678 | Acc: 0.6250 | LR: 3.97e-05
2026-01-07 11:30:56,803 [INFO] Step 740/4860 | Loss: 1.0199 | Acc: 0.7500 | LR: 3.97e-05
2026-01-07 11:31:01,661 [INFO] Step 750/4860 | Loss: 1.1167 | Acc: 0.6250 | LR: 3.97e-05
2026-01-07 11:31:06,729 [INFO] Step 760/4860 | Loss: 1.1774 | Acc: 0.5312 | LR: 3.97e-05
2026-01-07 11:31:11,175 [INFO] Step 770/4860 | Loss: 0.8908 | Acc: 0.8125 | LR: 3.96e-05
2026-01-07 11:31:15,812 [INFO] Step 780/4860 | Loss: 0.7520 | Acc: 0.8750 | LR: 3.96e-05
2026-01-07 11:31:20,639 [INFO] Step 790/4860 | Loss: 1.1595 | Acc: 0.6875 | LR: 3.96e-05
2026-01-07 11:31:25,699 [INFO] Step 800/4860 | Loss: 1.0214 | Acc: 0.7500 | LR: 3.95e-05
2026-01-07 11:31:47,923 [INFO] [EVAL] Step 800 | Val Loss: 0.5393 | Val Acc: 0.8453
2026-01-07 11:31:47,927 [INFO] New best validation accuracy: 0.8453
2026-01-07 11:31:53,037 [INFO] Step 810/4860 | Loss: 0.9130 | Acc: 0.7500 | LR: 3.95e-05
2026-01-07 11:31:57,627 [INFO] Step 820/4860 | Loss: 0.8764 | Acc: 0.7500 | LR: 3.95e-05
2026-01-07 11:32:02,274 [INFO] Step 830/4860 | Loss: 1.1510 | Acc: 0.6250 | LR: 3.95e-05
2026-01-07 11:32:06,957 [INFO] Step 840/4860 | Loss: 0.8366 | Acc: 0.8438 | LR: 3.94e-05
2026-01-07 11:32:11,571 [INFO] Step 850/4860 | Loss: 0.7166 | Acc: 0.8750 | LR: 3.94e-05
2026-01-07 11:32:16,369 [INFO] Step 860/4860 | Loss: 1.0033 | Acc: 0.7188 | LR: 3.94e-05
2026-01-07 11:32:21,056 [INFO] Step 870/4860 | Loss: 0.5142 | Acc: 0.9688 | LR: 3.93e-05
2026-01-07 11:32:25,565 [INFO] Step 880/4860 | Loss: 0.9631 | Acc: 0.7188 | LR: 3.93e-05
2026-01-07 11:32:30,181 [INFO] Step 890/4860 | Loss: 1.1980 | Acc: 0.6250 | LR: 3.92e-05
2026-01-07 11:32:35,249 [INFO] Step 900/4860 | Loss: 0.9695 | Acc: 0.8125 | LR: 3.92e-05
2026-01-07 11:32:57,496 [INFO] [EVAL] Step 900 | Val Loss: 0.4772 | Val Acc: 0.8578
2026-01-07 11:32:57,502 [INFO] New best validation accuracy: 0.8578
2026-01-07 11:33:02,514 [INFO] Step 910/4860 | Loss: 0.7935 | Acc: 0.8125 | LR: 3.92e-05
2026-01-07 11:33:07,362 [INFO] Step 920/4860 | Loss: 0.8018 | Acc: 0.8438 | LR: 3.91e-05
2026-01-07 11:33:12,316 [INFO] Step 930/4860 | Loss: 0.9570 | Acc: 0.7812 | LR: 3.91e-05
2026-01-07 11:33:16,958 [INFO] Step 940/4860 | Loss: 1.2635 | Acc: 0.6562 | LR: 3.90e-05
2026-01-07 11:33:21,711 [INFO] Step 950/4860 | Loss: 0.8591 | Acc: 0.8438 | LR: 3.90e-05
2026-01-07 11:33:25,443 [INFO] Epoch 2 complete | Avg Loss: 0.9454 | Avg Acc: 0.7542 | Updates: 481 | Micro-batches: 485 | Skipped: 4 (loss=4, logits=0, grads=0)
2026-01-07 11:33:25,443 [INFO] Epoch 3/10
2026-01-07 11:33:26,508 [INFO] Step 960/4860 | Loss: 0.8759 | Acc: 0.7812 | LR: 3.89e-05
2026-01-07 11:33:31,106 [INFO] Step 970/4860 | Loss: 0.9394 | Acc: 0.7500 | LR: 3.89e-05
2026-01-07 11:33:31,463 [WARNING] Skipping batch due to non-finite loss at step=970 (loss=nan, epoch=3).
2026-01-07 11:33:36,243 [INFO] Step 980/4860 | Loss: 0.8988 | Acc: 0.8125 | LR: 3.89e-05
2026-01-07 11:33:40,936 [INFO] Step 990/4860 | Loss: 1.0850 | Acc: 0.6250 | LR: 3.88e-05
2026-01-07 11:33:42,253 [WARNING] Skipping batch due to non-finite loss at step=992 (loss=nan, epoch=3).
2026-01-07 11:33:46,365 [INFO] Step 1000/4860 | Loss: 0.8518 | Acc: 0.8438 | LR: 3.88e-05
2026-01-07 11:34:09,933 [INFO] [EVAL] Step 1000 | Val Loss: 0.4662 | Val Acc: 0.8638
2026-01-07 11:34:09,936 [INFO] New best validation accuracy: 0.8638
2026-01-07 11:34:14,913 [INFO] Step 1010/4860 | Loss: 0.8336 | Acc: 0.7500 | LR: 3.87e-05
2026-01-07 11:34:19,933 [INFO] Step 1020/4860 | Loss: 0.8949 | Acc: 0.8438 | LR: 3.87e-05
2026-01-07 11:34:24,680 [INFO] Step 1030/4860 | Loss: 0.9912 | Acc: 0.7500 | LR: 3.86e-05
2026-01-07 11:34:29,369 [INFO] Step 1040/4860 | Loss: 0.9246 | Acc: 0.7812 | LR: 3.85e-05
2026-01-07 11:34:34,086 [INFO] Step 1050/4860 | Loss: 0.7133 | Acc: 0.8438 | LR: 3.85e-05
2026-01-07 11:34:38,758 [INFO] Step 1060/4860 | Loss: 0.8300 | Acc: 0.8438 | LR: 3.84e-05
2026-01-07 11:34:43,664 [INFO] Step 1070/4860 | Loss: 0.8498 | Acc: 0.7812 | LR: 3.84e-05
2026-01-07 11:34:48,310 [INFO] Step 1080/4860 | Loss: 1.1227 | Acc: 0.6562 | LR: 3.83e-05
2026-01-07 11:34:53,159 [INFO] Step 1090/4860 | Loss: 0.8477 | Acc: 0.8438 | LR: 3.83e-05
2026-01-07 11:34:58,332 [INFO] Step 1100/4860 | Loss: 1.0432 | Acc: 0.6562 | LR: 3.82e-05
2026-01-07 11:35:20,784 [INFO] [EVAL] Step 1100 | Val Loss: 0.4773 | Val Acc: 0.8575
2026-01-07 11:35:25,843 [INFO] Step 1110/4860 | Loss: 0.8045 | Acc: 0.7812 | LR: 3.82e-05
2026-01-07 11:35:30,640 [INFO] Step 1120/4860 | Loss: 0.7878 | Acc: 0.8438 | LR: 3.81e-05
2026-01-07 11:35:35,062 [INFO] Step 1130/4860 | Loss: 0.7307 | Acc: 0.8125 | LR: 3.80e-05
2026-01-07 11:35:39,351 [INFO] Step 1140/4860 | Loss: 0.6936 | Acc: 0.9062 | LR: 3.80e-05
2026-01-07 11:35:44,034 [INFO] Step 1150/4860 | Loss: 0.7865 | Acc: 0.8750 | LR: 3.79e-05
2026-01-07 11:35:46,687 [WARNING] Skipping batch due to non-finite loss at step=1155 (loss=nan, epoch=3).
2026-01-07 11:35:49,142 [INFO] Step 1160/4860 | Loss: 1.0192 | Acc: 0.7188 | LR: 3.78e-05
2026-01-07 11:35:53,825 [INFO] Step 1170/4860 | Loss: 1.0768 | Acc: 0.6875 | LR: 3.78e-05
2026-01-07 11:35:58,661 [INFO] Step 1180/4860 | Loss: 0.7492 | Acc: 0.8438 | LR: 3.77e-05
2026-01-07 11:36:03,480 [INFO] Step 1190/4860 | Loss: 0.8045 | Acc: 0.8125 | LR: 3.76e-05
2026-01-07 11:36:08,548 [INFO] Step 1200/4860 | Loss: 0.8506 | Acc: 0.7812 | LR: 3.76e-05
2026-01-07 11:36:31,052 [INFO] [EVAL] Step 1200 | Val Loss: 0.4390 | Val Acc: 0.8656
2026-01-07 11:36:31,056 [INFO] New best validation accuracy: 0.8656
2026-01-07 11:36:34,730 [WARNING] Skipping batch due to non-finite loss at step=1206 (loss=nan, epoch=3).
2026-01-07 11:36:36,727 [INFO] Step 1210/4860 | Loss: 0.8428 | Acc: 0.8125 | LR: 3.75e-05
2026-01-07 11:36:40,832 [WARNING] Skipping batch due to non-finite loss at step=1218 (loss=nan, epoch=3).
2026-01-07 11:36:41,710 [INFO] Step 1220/4860 | Loss: 0.7716 | Acc: 0.8438 | LR: 3.74e-05
2026-01-07 11:36:45,754 [WARNING] Skipping batch due to non-finite loss at step=1228 (loss=nan, epoch=3).
2026-01-07 11:36:46,754 [INFO] Step 1230/4860 | Loss: 0.8160 | Acc: 0.7812 | LR: 3.74e-05
2026-01-07 11:36:48,004 [WARNING] Skipping batch due to non-finite loss at step=1232 (loss=nan, epoch=3).
2026-01-07 11:36:48,236 [WARNING] Skipping batch due to non-finite loss at step=1232 (loss=nan, epoch=3).
2026-01-07 11:36:51,741 [WARNING] Skipping batch due to non-finite loss at step=1239 (loss=nan, epoch=3).
2026-01-07 11:36:52,285 [INFO] Step 1240/4860 | Loss: 0.6576 | Acc: 0.9375 | LR: 3.73e-05
2026-01-07 11:36:53,667 [WARNING] Skipping batch due to non-finite loss at step=1242 (loss=nan, epoch=3).
2026-01-07 11:36:57,972 [INFO] Step 1250/4860 | Loss: 0.8947 | Acc: 0.8125 | LR: 3.72e-05
2026-01-07 11:37:03,159 [INFO] Step 1260/4860 | Loss: 0.6294 | Acc: 0.9062 | LR: 3.72e-05
2026-01-07 11:37:08,174 [INFO] Step 1270/4860 | Loss: 0.7492 | Acc: 0.8438 | LR: 3.71e-05
2026-01-07 11:37:13,178 [INFO] Step 1280/4860 | Loss: 0.7773 | Acc: 0.8438 | LR: 3.70e-05
2026-01-07 11:37:19,570 [INFO] Step 1290/4860 | Loss: 0.7049 | Acc: 0.8750 | LR: 3.69e-05
2026-01-07 11:37:29,786 [INFO] Step 1300/4860 | Loss: 0.7727 | Acc: 0.8438 | LR: 3.69e-05
2026-01-07 11:37:54,982 [INFO] [EVAL] Step 1300 | Val Loss: 0.4719 | Val Acc: 0.8493
2026-01-07 11:38:11,847 [INFO] Step 1310/4860 | Loss: 1.0700 | Acc: 0.7188 | LR: 3.68e-05
2026-01-07 11:38:19,914 [INFO] Step 1320/4860 | Loss: 0.8372 | Acc: 0.7812 | LR: 3.67e-05
2026-01-07 11:38:29,828 [INFO] Step 1330/4860 | Loss: 0.6677 | Acc: 0.8750 | LR: 3.66e-05
2026-01-07 11:38:37,317 [INFO] Step 1340/4860 | Loss: 0.6272 | Acc: 0.9375 | LR: 3.65e-05
2026-01-07 11:38:40,030 [INFO] Epoch 3 complete | Avg Loss: 0.8667 | Avg Acc: 0.7909 | Updates: 387 | Micro-batches: 485 | Skipped: 98 (loss=98, logits=0, grads=0)
2026-01-07 11:38:40,030 [INFO] Epoch 4/10
2026-01-07 11:38:41,894 [WARNING] Skipping batch due to non-finite loss at step=1348 (loss=nan, epoch=4).
2026-01-07 11:38:42,848 [INFO] Step 1350/4860 | Loss: 0.8477 | Acc: 0.8125 | LR: 3.65e-05
2026-01-07 11:38:46,365 [WARNING] Skipping batch due to non-finite loss at step=1357 (loss=nan, epoch=4).
2026-01-07 11:38:47,980 [INFO] Step 1360/4860 | Loss: 0.7473 | Acc: 0.8438 | LR: 3.64e-05
2026-01-07 11:38:48,248 [WARNING] Skipping batch due to non-finite loss at step=1360 (loss=nan, epoch=4).
2026-01-07 11:38:52,974 [INFO] Step 1370/4860 | Loss: 1.0955 | Acc: 0.6562 | LR: 3.63e-05
2026-01-07 11:38:57,810 [INFO] Step 1380/4860 | Loss: 0.7455 | Acc: 0.8438 | LR: 3.62e-05
2026-01-07 11:39:02,352 [INFO] Step 1390/4860 | Loss: 0.6804 | Acc: 0.8750 | LR: 3.61e-05
2026-01-07 11:39:07,462 [INFO] Step 1400/4860 | Loss: 0.8030 | Acc: 0.8125 | LR: 3.60e-05
2026-01-07 11:39:31,136 [INFO] [EVAL] Step 1400 | Val Loss: 0.4295 | Val Acc: 0.8725
2026-01-07 11:39:31,142 [INFO] New best validation accuracy: 0.8725
2026-01-07 11:39:36,291 [INFO] Step 1410/4860 | Loss: 0.7678 | Acc: 0.8125 | LR: 3.60e-05
2026-01-07 11:39:40,961 [INFO] Step 1420/4860 | Loss: 0.5974 | Acc: 0.9062 | LR: 3.59e-05
2026-01-07 11:39:45,933 [INFO] Step 1430/4860 | Loss: 0.7117 | Acc: 0.8438 | LR: 3.58e-05
2026-01-07 11:39:47,504 [WARNING] Skipping batch due to non-finite loss at step=1433 (loss=nan, epoch=4).
2026-01-07 11:39:50,860 [INFO] Step 1440/4860 | Loss: 1.0717 | Acc: 0.6562 | LR: 3.57e-05
2026-01-07 11:39:55,971 [INFO] Step 1450/4860 | Loss: 0.8059 | Acc: 0.7500 | LR: 3.56e-05
2026-01-07 11:40:00,842 [INFO] Step 1460/4860 | Loss: 0.8764 | Acc: 0.7812 | LR: 3.55e-05
2026-01-07 11:40:06,068 [INFO] Step 1470/4860 | Loss: 0.8923 | Acc: 0.8438 | LR: 3.54e-05
2026-01-07 11:40:11,013 [INFO] Step 1480/4860 | Loss: 0.9733 | Acc: 0.7812 | LR: 3.53e-05
2026-01-07 11:40:16,187 [INFO] Step 1490/4860 | Loss: 0.8098 | Acc: 0.8125 | LR: 3.53e-05
2026-01-07 11:40:21,541 [INFO] Step 1500/4860 | Loss: 0.7245 | Acc: 0.8750 | LR: 3.52e-05
2026-01-07 11:40:48,034 [INFO] [EVAL] Step 1500 | Val Loss: 0.4286 | Val Acc: 0.8715
2026-01-07 11:40:52,756 [WARNING] Skipping batch due to non-finite loss at step=1508 (loss=nan, epoch=4).
2026-01-07 11:40:53,789 [INFO] Step 1510/4860 | Loss: 0.7375 | Acc: 0.8438 | LR: 3.51e-05
2026-01-07 11:40:56,192 [WARNING] Skipping batch due to non-finite loss at step=1514 (loss=nan, epoch=4).
2026-01-07 11:40:57,429 [WARNING] Skipping batch due to non-finite loss at step=1516 (loss=nan, epoch=4).
2026-01-07 11:40:58,383 [WARNING] Skipping batch due to non-finite loss at step=1517 (loss=nan, epoch=4).
2026-01-07 11:40:59,669 [WARNING] Skipping batch due to non-finite loss at step=1519 (loss=nan, epoch=4).
2026-01-07 11:41:00,072 [INFO] Step 1520/4860 | Loss: 0.8416 | Acc: 0.8125 | LR: 3.50e-05
2026-01-07 11:41:01,768 [WARNING] Skipping batch due to non-finite loss at step=1523 (loss=nan, epoch=4).
2026-01-07 11:41:05,399 [INFO] Step 1530/4860 | Loss: 1.1393 | Acc: 0.6250 | LR: 3.49e-05
2026-01-07 11:41:11,234 [INFO] Step 1540/4860 | Loss: 0.9407 | Acc: 0.7812 | LR: 3.48e-05
2026-01-07 11:41:17,360 [INFO] Step 1550/4860 | Loss: 1.2220 | Acc: 0.5625 | LR: 3.47e-05
2026-01-07 11:41:22,551 [INFO] Step 1560/4860 | Loss: 0.5802 | Acc: 0.9375 | LR: 3.46e-05
2026-01-07 11:41:32,868 [INFO] Step 1570/4860 | Loss: 1.0179 | Acc: 0.7188 | LR: 3.45e-05
2026-01-07 11:41:38,281 [INFO] Step 1580/4860 | Loss: 0.9041 | Acc: 0.7188 | LR: 3.44e-05
2026-01-07 11:41:43,781 [INFO] Step 1590/4860 | Loss: 0.9334 | Acc: 0.7500 | LR: 3.43e-05
2026-01-07 11:41:49,722 [INFO] Step 1600/4860 | Loss: 0.6443 | Acc: 0.9062 | LR: 3.42e-05
2026-01-07 11:42:12,821 [INFO] [EVAL] Step 1600 | Val Loss: 0.4354 | Val Acc: 0.8768
2026-01-07 11:42:12,822 [INFO] New best validation accuracy: 0.8768
2026-01-07 11:42:19,452 [INFO] Step 1610/4860 | Loss: 0.7093 | Acc: 0.8125 | LR: 3.41e-05
2026-01-07 11:42:26,675 [INFO] Step 1620/4860 | Loss: 0.9963 | Acc: 0.7500 | LR: 3.40e-05
2026-01-07 11:42:33,193 [INFO] Step 1630/4860 | Loss: 1.1284 | Acc: 0.6875 | LR: 3.39e-05
2026-01-07 11:42:41,139 [INFO] Step 1640/4860 | Loss: 0.7127 | Acc: 0.8125 | LR: 3.38e-05
2026-01-07 11:42:51,637 [INFO] Step 1650/4860 | Loss: 0.7789 | Acc: 0.8438 | LR: 3.37e-05
2026-01-07 11:42:57,820 [INFO] Step 1660/4860 | Loss: 0.9344 | Acc: 0.7500 | LR: 3.36e-05
2026-01-07 11:43:04,070 [INFO] Step 1670/4860 | Loss: 0.7305 | Acc: 0.7812 | LR: 3.35e-05
2026-01-07 11:43:09,818 [INFO] Step 1680/4860 | Loss: 0.8209 | Acc: 0.7812 | LR: 3.34e-05
2026-01-07 11:43:15,879 [INFO] Step 1690/4860 | Loss: 0.8001 | Acc: 0.8125 | LR: 3.33e-05
2026-01-07 11:43:21,115 [INFO] Step 1700/4860 | Loss: 0.7602 | Acc: 0.8125 | LR: 3.32e-05
2026-01-07 11:43:45,747 [INFO] [EVAL] Step 1700 | Val Loss: 0.4637 | Val Acc: 0.8648
2026-01-07 11:43:49,779 [WARNING] Skipping batch due to non-finite loss at step=1707 (loss=nan, epoch=4).
2026-01-07 11:43:51,134 [INFO] Step 1710/4860 | Loss: 0.8008 | Acc: 0.8125 | LR: 3.31e-05
2026-01-07 11:43:55,877 [INFO] Step 1720/4860 | Loss: 0.9099 | Acc: 0.7812 | LR: 3.29e-05
2026-01-07 11:44:00,757 [INFO] Epoch 4 complete | Avg Loss: 0.8239 | Avg Acc: 0.8070 | Updates: 384 | Micro-batches: 485 | Skipped: 101 (loss=101, logits=0, grads=0)
2026-01-07 11:44:00,757 [INFO] Epoch 5/10
2026-01-07 11:44:01,262 [INFO] Step 1730/4860 | Loss: 0.7109 | Acc: 0.8750 | LR: 3.28e-05
2026-01-07 11:44:06,009 [INFO] Step 1740/4860 | Loss: 0.9620 | Acc: 0.7500 | LR: 3.27e-05
2026-01-07 11:44:10,860 [INFO] Step 1750/4860 | Loss: 0.6200 | Acc: 0.9375 | LR: 3.26e-05
2026-01-07 11:44:11,661 [WARNING] Skipping batch due to non-finite loss at step=1751 (loss=nan, epoch=5).
2026-01-07 11:44:11,993 [WARNING] Skipping batch due to non-finite loss at step=1751 (loss=nan, epoch=5).
2026-01-07 11:44:12,801 [WARNING] Skipping batch due to non-finite loss at step=1752 (loss=nan, epoch=5).
2026-01-07 11:44:15,605 [WARNING] Skipping batch due to non-finite loss at step=1757 (loss=nan, epoch=5).
2026-01-07 11:44:17,014 [INFO] Step 1760/4860 | Loss: 0.7112 | Acc: 0.8750 | LR: 3.25e-05
2026-01-07 11:44:18,736 [WARNING] Skipping batch due to non-finite loss at step=1763 (loss=nan, epoch=5).
2026-01-07 11:44:20,742 [WARNING] Skipping batch due to non-finite loss at step=1766 (loss=nan, epoch=5).
2026-01-07 11:44:21,180 [WARNING] Skipping batch due to non-finite loss at step=1766 (loss=nan, epoch=5).
2026-01-07 11:44:22,600 [WARNING] Skipping batch due to non-finite loss at step=1768 (loss=nan, epoch=5).
2026-01-07 11:44:23,637 [INFO] Step 1770/4860 | Loss: 0.8880 | Acc: 0.8125 | LR: 3.24e-05
2026-01-07 11:44:26,958 [WARNING] Skipping batch due to non-finite loss at step=1776 (loss=nan, epoch=5).
2026-01-07 11:44:28,747 [INFO] Step 1780/4860 | Loss: 0.9171 | Acc: 0.7188 | LR: 3.23e-05
2026-01-07 11:44:32,475 [WARNING] Skipping batch due to non-finite loss at step=1787 (loss=nan, epoch=5).
2026-01-07 11:44:34,104 [INFO] Step 1790/4860 | Loss: 0.9861 | Acc: 0.7500 | LR: 3.22e-05
2026-01-07 11:44:38,947 [INFO] Step 1800/4860 | Loss: 0.6104 | Acc: 0.9688 | LR: 3.21e-05
2026-01-07 11:45:01,971 [INFO] [EVAL] Step 1800 | Val Loss: 0.4137 | Val Acc: 0.8804
2026-01-07 11:45:01,975 [INFO] New best validation accuracy: 0.8804
2026-01-07 11:45:06,886 [INFO] Step 1810/4860 | Loss: 0.6904 | Acc: 0.8750 | LR: 3.20e-05
2026-01-07 11:45:12,189 [INFO] Step 1820/4860 | Loss: 1.0618 | Acc: 0.7188 | LR: 3.18e-05
2026-01-07 11:45:17,384 [INFO] Step 1830/4860 | Loss: 0.7575 | Acc: 0.8438 | LR: 3.17e-05
2026-01-07 11:45:22,731 [INFO] Step 1840/4860 | Loss: 0.9572 | Acc: 0.8125 | LR: 3.16e-05
2026-01-07 11:45:29,651 [INFO] Step 1850/4860 | Loss: 0.7613 | Acc: 0.7812 | LR: 3.15e-05
2026-01-07 11:45:35,516 [INFO] Step 1860/4860 | Loss: 0.6877 | Acc: 0.8750 | LR: 3.14e-05
2026-01-07 11:45:41,225 [INFO] Step 1870/4860 | Loss: 0.6787 | Acc: 0.9062 | LR: 3.13e-05
2026-01-07 11:45:46,178 [INFO] Step 1880/4860 | Loss: 0.6693 | Acc: 0.8750 | LR: 3.11e-05
2026-01-07 11:45:50,830 [INFO] Step 1890/4860 | Loss: 0.6863 | Acc: 0.8438 | LR: 3.10e-05
2026-01-07 11:45:56,454 [INFO] Step 1900/4860 | Loss: 0.6697 | Acc: 0.8750 | LR: 3.09e-05
2026-01-07 11:46:20,861 [INFO] [EVAL] Step 1900 | Val Loss: 0.4387 | Val Acc: 0.8792
2026-01-07 11:46:25,860 [INFO] Step 1910/4860 | Loss: 0.8316 | Acc: 0.7812 | LR: 3.08e-05
2026-01-07 11:46:31,350 [INFO] Step 1920/4860 | Loss: 0.8686 | Acc: 0.7188 | LR: 3.07e-05
2026-01-07 11:46:36,083 [INFO] Step 1930/4860 | Loss: 0.8586 | Acc: 0.8438 | LR: 3.05e-05
2026-01-07 11:46:41,187 [INFO] Step 1940/4860 | Loss: 1.0133 | Acc: 0.7188 | LR: 3.04e-05
2026-01-07 11:46:46,283 [INFO] Step 1950/4860 | Loss: 0.7868 | Acc: 0.8438 | LR: 3.03e-05
2026-01-07 11:46:50,968 [INFO] Step 1960/4860 | Loss: 0.8267 | Acc: 0.8125 | LR: 3.02e-05
2026-01-07 11:46:56,098 [INFO] Step 1970/4860 | Loss: 0.7157 | Acc: 0.8125 | LR: 3.01e-05
2026-01-07 11:47:00,415 [INFO] Step 1980/4860 | Loss: 0.9392 | Acc: 0.8438 | LR: 2.99e-05
2026-01-07 11:47:05,077 [INFO] Step 1990/4860 | Loss: 0.9313 | Acc: 0.7500 | LR: 2.98e-05
2026-01-07 11:47:11,434 [INFO] Step 2000/4860 | Loss: 0.7574 | Acc: 0.8438 | LR: 2.97e-05
2026-01-07 11:47:36,585 [INFO] [EVAL] Step 2000 | Val Loss: 0.4253 | Val Acc: 0.8788
2026-01-07 11:47:43,022 [INFO] Step 2010/4860 | Loss: 0.9197 | Acc: 0.7500 | LR: 2.96e-05
2026-01-07 11:47:49,413 [INFO] Step 2020/4860 | Loss: 0.8054 | Acc: 0.8125 | LR: 2.94e-05
2026-01-07 11:47:54,334 [INFO] Step 2030/4860 | Loss: 1.0138 | Acc: 0.7188 | LR: 2.93e-05
2026-01-07 11:47:59,423 [INFO] Step 2040/4860 | Loss: 0.7348 | Acc: 0.8438 | LR: 2.92e-05
2026-01-07 11:48:04,282 [INFO] Step 2050/4860 | Loss: 0.5935 | Acc: 0.9375 | LR: 2.91e-05
2026-01-07 11:48:09,259 [INFO] Step 2060/4860 | Loss: 0.7104 | Acc: 0.8125 | LR: 2.89e-05
2026-01-07 11:48:14,220 [INFO] Step 2070/4860 | Loss: 0.9357 | Acc: 0.6875 | LR: 2.88e-05
2026-01-07 11:48:18,767 [INFO] Step 2080/4860 | Loss: 0.7031 | Acc: 0.8750 | LR: 2.87e-05
2026-01-07 11:48:24,030 [INFO] Step 2090/4860 | Loss: 0.7083 | Acc: 0.8438 | LR: 2.86e-05
2026-01-07 11:48:29,328 [INFO] Step 2100/4860 | Loss: 0.6953 | Acc: 0.8438 | LR: 2.84e-05
2026-01-07 11:48:51,933 [INFO] [EVAL] Step 2100 | Val Loss: 0.3888 | Val Acc: 0.8900
2026-01-07 11:48:51,937 [INFO] New best validation accuracy: 0.8900
2026-01-07 11:48:56,794 [INFO] Step 2110/4860 | Loss: 0.7486 | Acc: 0.8438 | LR: 2.83e-05
2026-01-07 11:49:02,520 [INFO] Step 2120/4860 | Loss: 0.5461 | Acc: 0.9375 | LR: 2.82e-05
2026-01-07 11:49:07,074 [INFO] Step 2130/4860 | Loss: 0.5688 | Acc: 0.9375 | LR: 2.80e-05
2026-01-07 11:49:11,819 [INFO] Step 2140/4860 | Loss: 0.7828 | Acc: 0.7812 | LR: 2.79e-05
2026-01-07 11:49:16,925 [INFO] Step 2150/4860 | Loss: 0.7201 | Acc: 0.9062 | LR: 2.78e-05
2026-01-07 11:49:22,557 [INFO] Epoch 5 complete | Avg Loss: 0.7926 | Avg Acc: 0.8246 | Updates: 430 | Micro-batches: 485 | Skipped: 55 (loss=55, logits=0, grads=0)
2026-01-07 11:49:22,557 [INFO] Epoch 6/10
2026-01-07 11:49:23,078 [INFO] Step 2160/4860 | Loss: 0.7773 | Acc: 0.7812 | LR: 2.76e-05
2026-01-07 11:49:26,631 [WARNING] Skipping batch due to non-finite loss at step=2167 (loss=nan, epoch=6).
2026-01-07 11:49:28,146 [INFO] Step 2170/4860 | Loss: 0.7849 | Acc: 0.8125 | LR: 2.75e-05
2026-01-07 11:49:32,809 [INFO] Step 2180/4860 | Loss: 1.0508 | Acc: 0.7188 | LR: 2.74e-05
2026-01-07 11:49:33,163 [WARNING] Skipping batch due to non-finite loss at step=2180 (loss=nan, epoch=6).
2026-01-07 11:49:37,470 [WARNING] Skipping batch due to non-finite loss at step=2188 (loss=nan, epoch=6).
2026-01-07 11:49:38,476 [INFO] Step 2190/4860 | Loss: 0.8625 | Acc: 0.8125 | LR: 2.73e-05
2026-01-07 11:49:39,890 [WARNING] Skipping batch due to non-finite loss at step=2192 (loss=nan, epoch=6).
2026-01-07 11:49:44,032 [INFO] Step 2200/4860 | Loss: 0.6886 | Acc: 0.8750 | LR: 2.71e-05
2026-01-07 11:50:09,266 [INFO] [EVAL] Step 2200 | Val Loss: 0.3936 | Val Acc: 0.8884
2026-01-07 11:50:09,611 [WARNING] Skipping batch due to non-finite loss at step=2200 (loss=nan, epoch=6).
2026-01-07 11:50:14,456 [INFO] Step 2210/4860 | Loss: 0.7969 | Acc: 0.8125 | LR: 2.70e-05
2026-01-07 11:50:16,090 [WARNING] Skipping batch due to non-finite loss at step=2213 (loss=nan, epoch=6).
2026-01-07 11:50:16,421 [WARNING] Skipping batch due to non-finite loss at step=2213 (loss=nan, epoch=6).
2026-01-07 11:50:19,913 [INFO] Step 2220/4860 | Loss: 0.9932 | Acc: 0.7188 | LR: 2.69e-05
2026-01-07 11:50:24,341 [WARNING] Skipping batch due to non-finite loss at step=2229 (loss=nan, epoch=6).
2026-01-07 11:50:24,901 [INFO] Step 2230/4860 | Loss: 0.9239 | Acc: 0.7500 | LR: 2.67e-05
2026-01-07 11:50:29,876 [WARNING] Skipping batch due to non-finite loss at step=2239 (loss=nan, epoch=6).
2026-01-07 11:50:30,349 [INFO] Step 2240/4860 | Loss: 0.7391 | Acc: 0.8125 | LR: 2.66e-05
2026-01-07 11:50:30,702 [WARNING] Skipping batch due to non-finite loss at step=2240 (loss=nan, epoch=6).
2026-01-07 11:50:36,976 [INFO] Step 2250/4860 | Loss: 0.6990 | Acc: 0.9062 | LR: 2.65e-05
2026-01-07 11:50:42,328 [INFO] Step 2260/4860 | Loss: 0.6077 | Acc: 0.9062 | LR: 2.63e-05
2026-01-07 11:50:47,902 [INFO] Step 2270/4860 | Loss: 0.7889 | Acc: 0.8125 | LR: 2.62e-05
2026-01-07 11:50:54,432 [INFO] Step 2280/4860 | Loss: 0.7121 | Acc: 0.8125 | LR: 2.61e-05
2026-01-07 11:50:59,815 [INFO] Step 2290/4860 | Loss: 0.9438 | Acc: 0.6875 | LR: 2.59e-05
2026-01-07 11:51:07,905 [INFO] Step 2300/4860 | Loss: 1.1585 | Acc: 0.5938 | LR: 2.58e-05
2026-01-07 11:51:33,413 [INFO] [EVAL] Step 2300 | Val Loss: 0.3904 | Val Acc: 0.8860
2026-01-07 11:51:39,383 [INFO] Step 2310/4860 | Loss: 0.8769 | Acc: 0.8125 | LR: 2.57e-05
2026-01-07 11:51:46,740 [INFO] Step 2320/4860 | Loss: 0.7679 | Acc: 0.8438 | LR: 2.55e-05
2026-01-07 11:51:56,065 [INFO] Step 2330/4860 | Loss: 0.7225 | Acc: 0.8750 | LR: 2.54e-05
2026-01-07 11:52:08,915 [INFO] Step 2340/4860 | Loss: 0.8211 | Acc: 0.8125 | LR: 2.52e-05
2026-01-07 11:52:20,304 [INFO] Step 2350/4860 | Loss: 0.7396 | Acc: 0.8125 | LR: 2.51e-05
2026-01-07 11:52:23,187 [WARNING] Skipping batch due to non-finite loss at step=2350 (loss=nan, epoch=6).
2026-01-07 11:52:33,324 [INFO] Step 2360/4860 | Loss: 0.7768 | Acc: 0.8750 | LR: 2.50e-05
2026-01-07 11:52:40,829 [INFO] Step 2370/4860 | Loss: 0.7932 | Acc: 0.8125 | LR: 2.48e-05
2026-01-07 11:52:55,629 [INFO] Step 2380/4860 | Loss: 0.9260 | Acc: 0.7812 | LR: 2.47e-05
2026-01-07 11:53:04,950 [INFO] Step 2390/4860 | Loss: 0.6947 | Acc: 0.8750 | LR: 2.46e-05
2026-01-07 11:53:13,234 [INFO] Step 2400/4860 | Loss: 0.6658 | Acc: 0.9062 | LR: 2.44e-05
2026-01-07 11:53:38,117 [INFO] [EVAL] Step 2400 | Val Loss: 0.4100 | Val Acc: 0.8859
2026-01-07 11:53:47,480 [INFO] Step 2410/4860 | Loss: 0.7700 | Acc: 0.8438 | LR: 2.43e-05
2026-01-07 11:53:55,274 [WARNING] Skipping batch due to non-finite loss at step=2417 (loss=nan, epoch=6).
2026-01-07 11:54:00,380 [INFO] Step 2420/4860 | Loss: 0.7325 | Acc: 0.8750 | LR: 2.41e-05
2026-01-07 11:54:05,250 [INFO] Epoch 6 complete | Avg Loss: 0.7837 | Avg Acc: 0.8349 | Updates: 265 | Micro-batches: 485 | Skipped: 220 (loss=220, logits=0, grads=0)
2026-01-07 11:54:05,250 [INFO] Epoch 7/10
2026-01-07 11:54:05,624 [WARNING] Skipping batch due to non-finite loss at step=2424 (loss=nan, epoch=7).
2026-01-07 11:54:06,997 [WARNING] Skipping batch due to non-finite loss at step=2426 (loss=nan, epoch=7).
2026-01-07 11:54:07,302 [WARNING] Skipping batch due to non-finite loss at step=2426 (loss=nan, epoch=7).
2026-01-07 11:54:08,166 [WARNING] Skipping batch due to non-finite loss at step=2427 (loss=nan, epoch=7).
2026-01-07 11:54:08,902 [WARNING] Skipping batch due to non-finite loss at step=2428 (loss=nan, epoch=7).
2026-01-07 11:54:09,265 [WARNING] Skipping batch due to non-finite loss at step=2428 (loss=nan, epoch=7).
2026-01-07 11:54:09,568 [WARNING] Skipping batch due to non-finite loss at step=2428 (loss=nan, epoch=7).
2026-01-07 11:54:10,493 [INFO] Step 2430/4860 | Loss: 0.8942 | Acc: 0.7500 | LR: 2.40e-05
2026-01-07 11:54:10,801 [WARNING] Skipping batch due to non-finite loss at step=2430 (loss=nan, epoch=7).
2026-01-07 11:54:12,614 [WARNING] Skipping batch due to non-finite loss at step=2433 (loss=nan, epoch=7).
2026-01-07 11:54:13,493 [WARNING] Skipping batch due to non-finite loss at step=2434 (loss=nan, epoch=7).
2026-01-07 11:54:20,085 [INFO] Step 2440/4860 | Loss: 0.8654 | Acc: 0.8125 | LR: 2.39e-05
2026-01-07 11:54:33,005 [INFO] Step 2450/4860 | Loss: 0.7689 | Acc: 0.8438 | LR: 2.37e-05
2026-01-07 11:54:44,125 [INFO] Step 2460/4860 | Loss: 0.5819 | Acc: 0.9688 | LR: 2.36e-05
2026-01-07 11:55:00,404 [WARNING] Skipping batch due to non-finite loss at step=2468 (loss=nan, epoch=7).
2026-01-07 11:55:03,477 [INFO] Step 2470/4860 | Loss: 0.6740 | Acc: 0.8750 | LR: 2.35e-05
2026-01-07 11:55:14,625 [INFO] Step 2480/4860 | Loss: 0.8865 | Acc: 0.8125 | LR: 2.33e-05
2026-01-07 11:55:24,719 [INFO] Step 2490/4860 | Loss: 0.6792 | Acc: 0.8750 | LR: 2.32e-05
2026-01-07 11:55:33,549 [INFO] Step 2500/4860 | Loss: 0.6833 | Acc: 0.9062 | LR: 2.30e-05
2026-01-07 11:55:58,682 [INFO] [EVAL] Step 2500 | Val Loss: 0.4161 | Val Acc: 0.8795
2026-01-07 11:56:06,985 [INFO] Step 2510/4860 | Loss: 0.7299 | Acc: 0.8438 | LR: 2.29e-05
2026-01-07 11:56:16,619 [INFO] Step 2520/4860 | Loss: 0.7446 | Acc: 0.8750 | LR: 2.28e-05
2026-01-07 11:56:24,475 [INFO] Step 2530/4860 | Loss: 0.8535 | Acc: 0.8438 | LR: 2.26e-05
2026-01-07 11:56:31,673 [INFO] Step 2540/4860 | Loss: 0.7499 | Acc: 0.8438 | LR: 2.25e-05
2026-01-07 11:56:37,956 [INFO] Step 2550/4860 | Loss: 0.7788 | Acc: 0.8438 | LR: 2.23e-05
2026-01-07 11:56:41,604 [WARNING] Skipping batch due to non-finite loss at step=2552 (loss=nan, epoch=7).
2026-01-07 11:56:48,065 [INFO] Step 2560/4860 | Loss: 0.6177 | Acc: 0.9062 | LR: 2.22e-05
2026-01-07 11:56:57,745 [INFO] Step 2570/4860 | Loss: 0.7815 | Acc: 0.7812 | LR: 2.21e-05
2026-01-07 11:57:04,971 [INFO] Step 2580/4860 | Loss: 0.7435 | Acc: 0.8125 | LR: 2.19e-05
2026-01-07 11:57:10,597 [INFO] Step 2590/4860 | Loss: 0.8580 | Acc: 0.7812 | LR: 2.18e-05
2026-01-07 11:57:18,283 [INFO] Step 2600/4860 | Loss: 0.9523 | Acc: 0.7188 | LR: 2.16e-05
2026-01-07 11:57:43,710 [INFO] [EVAL] Step 2600 | Val Loss: 0.3800 | Val Acc: 0.8901
2026-01-07 11:57:43,713 [INFO] New best validation accuracy: 0.8901
2026-01-07 11:57:54,043 [INFO] Step 2610/4860 | Loss: 0.7196 | Acc: 0.8438 | LR: 2.15e-05
2026-01-07 11:58:05,370 [INFO] Step 2620/4860 | Loss: 0.8424 | Acc: 0.7500 | LR: 2.14e-05
2026-01-07 11:58:13,388 [INFO] Epoch 7 complete | Avg Loss: 0.7706 | Avg Acc: 0.8396 | Updates: 204 | Micro-batches: 485 | Skipped: 281 (loss=281, logits=0, grads=0)
2026-01-07 11:58:13,388 [INFO] Epoch 8/10
2026-01-07 11:58:13,847 [WARNING] Skipping batch due to non-finite loss at step=2628 (loss=nan, epoch=8).
2026-01-07 11:58:14,907 [INFO] Step 2630/4860 | Loss: 0.4787 | Acc: 1.0000 | LR: 2.12e-05
2026-01-07 11:58:16,220 [WARNING] Skipping batch due to non-finite loss at step=2632 (loss=nan, epoch=8).
2026-01-07 11:58:16,582 [WARNING] Skipping batch due to non-finite loss at step=2632 (loss=nan, epoch=8).
2026-01-07 11:58:16,941 [WARNING] Skipping batch due to non-finite loss at step=2632 (loss=nan, epoch=8).
2026-01-07 11:58:17,338 [WARNING] Skipping batch due to non-finite loss at step=2632 (loss=nan, epoch=8).
2026-01-07 11:58:17,642 [WARNING] Skipping batch due to non-finite loss at step=2632 (loss=nan, epoch=8).
2026-01-07 11:58:18,042 [WARNING] Skipping batch due to non-finite loss at step=2632 (loss=nan, epoch=8).
2026-01-07 11:58:18,378 [WARNING] Skipping batch due to non-finite loss at step=2632 (loss=nan, epoch=8).
2026-01-07 11:58:18,690 [WARNING] Skipping batch due to non-finite loss at step=2632 (loss=nan, epoch=8).
2026-01-07 11:58:19,051 [WARNING] Skipping batch due to non-finite loss at step=2632 (loss=nan, epoch=8).
2026-01-07 11:58:28,688 [INFO] Step 2640/4860 | Loss: 0.6644 | Acc: 0.8750 | LR: 2.11e-05
2026-01-07 11:58:37,509 [INFO] Step 2650/4860 | Loss: 0.7573 | Acc: 0.8125 | LR: 2.09e-05
2026-01-07 11:58:46,097 [INFO] Step 2660/4860 | Loss: 0.7353 | Acc: 0.8125 | LR: 2.08e-05
2026-01-07 11:58:55,175 [INFO] Step 2670/4860 | Loss: 0.6526 | Acc: 0.9375 | LR: 2.07e-05
2026-01-07 11:59:05,197 [INFO] Step 2680/4860 | Loss: 0.7551 | Acc: 0.9062 | LR: 2.05e-05
2026-01-07 11:59:14,503 [WARNING] Skipping batch due to non-finite loss at step=2685 (loss=nan, epoch=8).
2026-01-07 11:59:19,845 [INFO] Step 2690/4860 | Loss: 0.8096 | Acc: 0.8125 | LR: 2.04e-05
2026-01-07 11:59:36,672 [INFO] Step 2700/4860 | Loss: 0.9657 | Acc: 0.7812 | LR: 2.02e-05
2026-01-07 12:00:01,218 [INFO] [EVAL] Step 2700 | Val Loss: 0.4685 | Val Acc: 0.8516
2026-01-07 12:00:13,652 [INFO] Step 2710/4860 | Loss: 0.7740 | Acc: 0.8438 | LR: 2.01e-05
2026-01-07 12:00:27,714 [WARNING] Skipping batch due to non-finite loss at step=2715 (loss=nan, epoch=8).
2026-01-07 12:00:36,334 [INFO] Step 2720/4860 | Loss: 0.7025 | Acc: 0.8438 | LR: 2.00e-05
2026-01-07 12:00:56,024 [INFO] Step 2730/4860 | Loss: 0.6741 | Acc: 0.9062 | LR: 1.98e-05
2026-01-07 12:01:14,054 [WARNING] Skipping batch due to non-finite loss at step=2739 (loss=nan, epoch=8).
2026-01-07 12:01:14,637 [INFO] Step 2740/4860 | Loss: 0.9924 | Acc: 0.7188 | LR: 1.97e-05
2026-01-07 12:01:42,338 [INFO] Step 2750/4860 | Loss: 0.7198 | Acc: 0.7812 | LR: 1.95e-05
2026-01-07 12:01:42,339 [INFO] Epoch 8 complete | Avg Loss: 0.7645 | Avg Acc: 0.8371 | Updates: 122 | Micro-batches: 485 | Skipped: 363 (loss=363, logits=0, grads=0)
2026-01-07 12:01:42,339 [INFO] Epoch 9/10
2026-01-07 12:01:42,752 [WARNING] Skipping batch due to non-finite loss at step=2750 (loss=nan, epoch=9).
2026-01-07 12:01:44,068 [WARNING] Skipping batch due to non-finite loss at step=2752 (loss=nan, epoch=9).
2026-01-07 12:01:44,418 [WARNING] Skipping batch due to non-finite loss at step=2752 (loss=nan, epoch=9).
2026-01-07 12:01:45,200 [WARNING] Skipping batch due to non-finite loss at step=2753 (loss=nan, epoch=9).
2026-01-07 12:01:45,994 [WARNING] Skipping batch due to non-finite loss at step=2754 (loss=nan, epoch=9).
2026-01-07 12:01:46,327 [WARNING] Skipping batch due to non-finite loss at step=2754 (loss=nan, epoch=9).
2026-01-07 12:01:46,623 [WARNING] Skipping batch due to non-finite loss at step=2754 (loss=nan, epoch=9).
2026-01-07 12:01:46,902 [WARNING] Skipping batch due to non-finite loss at step=2754 (loss=nan, epoch=9).
2026-01-07 12:01:47,233 [WARNING] Skipping batch due to non-finite loss at step=2754 (loss=nan, epoch=9).
2026-01-07 12:01:47,541 [WARNING] Skipping batch due to non-finite loss at step=2754 (loss=nan, epoch=9).
2026-01-07 12:01:53,126 [INFO] Step 2760/4860 | Loss: 0.6074 | Acc: 0.8750 | LR: 1.94e-05
2026-01-07 12:02:04,065 [INFO] Step 2770/4860 | Loss: 0.5609 | Acc: 0.9375 | LR: 1.93e-05
2026-01-07 12:02:11,423 [INFO] Step 2780/4860 | Loss: 0.7451 | Acc: 0.8438 | LR: 1.91e-05
2026-01-07 12:02:24,669 [INFO] Step 2790/4860 | Loss: 0.7450 | Acc: 0.9062 | LR: 1.90e-05
2026-01-07 12:02:39,537 [INFO] Step 2800/4860 | Loss: 0.6782 | Acc: 0.8750 | LR: 1.88e-05
2026-01-07 12:03:02,571 [INFO] [EVAL] Step 2800 | Val Loss: 0.4878 | Val Acc: 0.8482
2026-01-07 12:03:05,725 [WARNING] Skipping batch due to non-finite loss at step=2801 (loss=nan, epoch=9).
2026-01-07 12:03:19,338 [INFO] Step 2810/4860 | Loss: 1.0266 | Acc: 0.7500 | LR: 1.87e-05
2026-01-07 12:03:27,747 [INFO] Step 2820/4860 | Loss: 0.6385 | Acc: 0.9062 | LR: 1.86e-05
2026-01-07 12:03:34,494 [INFO] Step 2830/4860 | Loss: 0.9008 | Acc: 0.7812 | LR: 1.84e-05
2026-01-07 12:03:46,590 [INFO] Step 2840/4860 | Loss: 0.6369 | Acc: 0.8750 | LR: 1.83e-05
2026-01-07 12:03:57,641 [INFO] Step 2850/4860 | Loss: 0.7531 | Acc: 0.8750 | LR: 1.81e-05
2026-01-07 12:04:04,853 [WARNING] Skipping batch due to non-finite loss at step=2853 (loss=nan, epoch=9).
2026-01-07 12:04:14,867 [INFO] Step 2860/4860 | Loss: 0.9272 | Acc: 0.8125 | LR: 1.80e-05
2026-01-07 12:04:34,596 [INFO] Step 2870/4860 | Loss: 1.0511 | Acc: 0.7188 | LR: 1.79e-05
2026-01-07 12:04:48,872 [WARNING] Skipping batch due to non-finite loss at step=2871 (loss=nan, epoch=9).
2026-01-07 12:05:10,439 [INFO] Step 2880/4860 | Loss: 0.7275 | Acc: 0.8750 | LR: 1.77e-05
2026-01-07 12:05:13,736 [INFO] Epoch 9 complete | Avg Loss: 0.7553 | Avg Acc: 0.8459 | Updates: 133 | Micro-batches: 485 | Skipped: 352 (loss=352, logits=0, grads=0)
2026-01-07 12:05:13,736 [INFO] Epoch 10/10
2026-01-07 12:05:14,178 [WARNING] Skipping batch due to non-finite loss at step=2883 (loss=nan, epoch=10).
2026-01-07 12:05:15,038 [WARNING] Skipping batch due to non-finite loss at step=2884 (loss=nan, epoch=10).
2026-01-07 12:05:15,891 [WARNING] Skipping batch due to non-finite loss at step=2885 (loss=nan, epoch=10).
2026-01-07 12:05:16,298 [WARNING] Skipping batch due to non-finite loss at step=2885 (loss=nan, epoch=10).
2026-01-07 12:05:16,716 [WARNING] Skipping batch due to non-finite loss at step=2885 (loss=nan, epoch=10).
2026-01-07 12:05:17,139 [WARNING] Skipping batch due to non-finite loss at step=2885 (loss=nan, epoch=10).
2026-01-07 12:05:17,955 [WARNING] Skipping batch due to non-finite loss at step=2886 (loss=nan, epoch=10).
2026-01-07 12:05:18,378 [WARNING] Skipping batch due to non-finite loss at step=2886 (loss=nan, epoch=10).
2026-01-07 12:05:18,765 [WARNING] Skipping batch due to non-finite loss at step=2886 (loss=nan, epoch=10).
2026-01-07 12:05:19,090 [WARNING] Skipping batch due to non-finite loss at step=2886 (loss=nan, epoch=10).
2026-01-07 12:05:25,329 [INFO] Step 2890/4860 | Loss: 0.9312 | Acc: 0.7812 | LR: 1.76e-05
2026-01-07 12:05:45,025 [INFO] Step 2900/4860 | Loss: 0.9626 | Acc: 0.7812 | LR: 1.74e-05
2026-01-07 12:06:10,309 [INFO] [EVAL] Step 2900 | Val Loss: 0.4692 | Val Acc: 0.8646
2026-01-07 12:06:27,978 [WARNING] Skipping batch due to non-finite loss at step=2909 (loss=nan, epoch=10).
2026-01-07 12:06:31,164 [INFO] Step 2910/4860 | Loss: 0.7362 | Acc: 0.8750 | LR: 1.73e-05
2026-01-07 12:06:46,790 [INFO] Step 2920/4860 | Loss: 0.7651 | Acc: 0.7812 | LR: 1.72e-05
2026-01-07 12:07:13,030 [WARNING] Skipping batch due to non-finite loss at step=2925 (loss=nan, epoch=10).
2026-01-07 12:07:30,472 [INFO] Step 2930/4860 | Loss: 0.9148 | Acc: 0.7500 | LR: 1.70e-05
2026-01-07 12:07:55,131 [WARNING] Skipping batch due to non-finite loss at step=2938 (loss=nan, epoch=10).
2026-01-07 12:07:58,233 [INFO] Step 2940/4860 | Loss: 0.5837 | Acc: 0.9375 | LR: 1.69e-05
2026-01-07 12:08:07,115 [INFO] Step 2950/4860 | Loss: 0.7089 | Acc: 0.8438 | LR: 1.67e-05
2026-01-07 12:08:16,910 [INFO] Step 2960/4860 | Loss: 0.7901 | Acc: 0.8438 | LR: 1.66e-05
2026-01-07 12:08:28,241 [INFO] Step 2970/4860 | Loss: 0.8446 | Acc: 0.8125 | LR: 1.65e-05
2026-01-07 12:08:39,209 [INFO] Step 2980/4860 | Loss: 0.7544 | Acc: 0.8750 | LR: 1.63e-05
2026-01-07 12:08:47,738 [INFO] Epoch 10 complete | Avg Loss: 0.7494 | Avg Acc: 0.8453 | Updates: 103 | Micro-batches: 485 | Skipped: 382 (loss=382, logits=0, grads=0)
2026-01-07 12:09:13,638 [INFO] Final validation: Loss=0.3894, Acc=0.8819
2026-01-07 12:09:13,642 [INFO] Training completed in 2805.91s (0.78h)
2026-01-07 12:09:13,642 [INFO] Best validation accuracy: 0.8901
Warning: Skipping sample 1116: shapes (80,257) and (0,) not aligned: 257 (dim 1) != 0 (dim 0)
Warning: Skipping sample 8648: shapes (80,257) and (0,) not aligned: 257 (dim 1) != 0 (dim 0)
Warning: Skipping sample 141: shapes (80,257) and (0,) not aligned: 257 (dim 1) != 0 (dim 0)
Warning: Skipping sample 4826: shapes (80,257) and (0,) not aligned: 257 (dim 1) != 0 (dim 0)
Warning: Skipping sample 4827: shapes (80,257) and (0,) not aligned: 257 (dim 1) != 0 (dim 0)
Warning: Skipping sample 8644: shapes (80,257) and (0,) not aligned: 257 (dim 1) != 0 (dim 0)
Warning: Skipping sample 8643: shapes (80,257) and (0,) not aligned: 257 (dim 1) != 0 (dim 0)
Warning: Skipping sample 12074: shapes (80,257) and (0,) not aligned: 257 (dim 1) != 0 (dim 0)
Warning: Skipping sample 12072: shapes (80,257) and (0,) not aligned: 257 (dim 1) != 0 (dim 0)
Warning: Skipping sample 4824: shapes (80,257) and (0,) not aligned: 257 (dim 1) != 0 (dim 0)
Warning: Skipping sample 4830: shapes (80,257) and (0,) not aligned: 257 (dim 1) != 0 (dim 0)
Warning: Skipping sample 7084: shapes (80,257) and (0,) not aligned: 257 (dim 1) != 0 (dim 0)
Warning: Skipping sample 4829: shapes (80,257) and (0,) not aligned: 257 (dim 1) != 0 (dim 0)
Warning: Skipping sample 12071: shapes (80,257) and (0,) not aligned: 257 (dim 1) != 0 (dim 0)
Warning: Skipping sample 6696: shapes (80,257) and (0,) not aligned: 257 (dim 1) != 0 (dim 0)
Warning: Skipping sample 4822: shapes (80,257) and (0,) not aligned: 257 (dim 1) != 0 (dim 0)
Warning: Skipping sample 4823: shapes (80,257) and (0,) not aligned: 257 (dim 1) != 0 (dim 0)
Warning: Skipping sample 6694: shapes (80,257) and (0,) not aligned: 257 (dim 1) != 0 (dim 0)
Warning: Skipping sample 4828: shapes (80,257) and (0,) not aligned: 257 (dim 1) != 0 (dim 0)
Warning: Skipping sample 4821: shapes (80,257) and (0,) not aligned: 257 (dim 1) != 0 (dim 0)
Warning: Skipping sample 6695: shapes (80,257) and (0,) not aligned: 257 (dim 1) != 0 (dim 0)
Warning: Skipping sample 4832: shapes (80,257) and (0,) not aligned: 257 (dim 1) != 0 (dim 0)
Warning: Skipping sample 1117: shapes (80,257) and (0,) not aligned: 257 (dim 1) != 0 (dim 0)
Warning: Skipping sample 12073: shapes (80,257) and (0,) not aligned: 257 (dim 1) != 0 (dim 0)
Warning: Skipping sample 4825: shapes (80,257) and (0,) not aligned: 257 (dim 1) != 0 (dim 0)
Warning: Skipping sample 12629: shapes (80,257) and (0,) not aligned: 257 (dim 1) != 0 (dim 0)
Warning: Skipping sample 8646: shapes (80,257) and (0,) not aligned: 257 (dim 1) != 0 (dim 0)
Warning: Skipping sample 12070: shapes (80,257) and (0,) not aligned: 257 (dim 1) != 0 (dim 0)
Warning: Skipping sample 6698: shapes (80,257) and (0,) not aligned: 257 (dim 1) != 0 (dim 0)
Warning: Skipping sample 84: shapes (80,257) and (0,) not aligned: 257 (dim 1) != 0 (dim 0)
Warning: Skipping sample 7088: shapes (80,257) and (0,) not aligned: 257 (dim 1) != 0 (dim 0)
Warning: Skipping sample 8647: shapes (80,257) and (0,) not aligned: 257 (dim 1) != 0 (dim 0)
Warning: Skipping sample 6697: shapes (80,257) and (0,) not aligned: 257 (dim 1) != 0 (dim 0)
Warning: Skipping sample 1118: shapes (80,257) and (0,) not aligned: 257 (dim 1) != 0 (dim 0)
Warning: Skipping sample 4831: shapes (80,257) and (0,) not aligned: 257 (dim 1) != 0 (dim 0)
Warning: Skipping sample 6693: shapes (80,257) and (0,) not aligned: 257 (dim 1) != 0 (dim 0)
Warning: Skipping sample 12616: shapes (80,257) and (0,) not aligned: 257 (dim 1) != 0 (dim 0)
Warning: Skipping sample 12075: shapes (80,257) and (0,) not aligned: 257 (dim 1) != 0 (dim 0)
Warning: Skipping sample 8645: shapes (80,257) and (0,) not aligned: 257 (dim 1) != 0 (dim 0)
Warning: Skipping sample 6697: shapes (80,257) and (0,) not aligned: 257 (dim 1) != 0 (dim 0)
Warning: Skipping sample 12072: shapes (80,257) and (0,) not aligned: 257 (dim 1) != 0 (dim 0)
Warning: Skipping sample 4823: shapes (80,257) and (0,) not aligned: 257 (dim 1) != 0 (dim 0)
Warning: Skipping sample 6694: shapes (80,257) and (0,) not aligned: 257 (dim 1) != 0 (dim 0)
Warning: Skipping sample 4821: shapes (80,257) and (0,) not aligned: 257 (dim 1) != 0 (dim 0)
Warning: Skipping sample 8644: shapes (80,257) and (0,) not aligned: 257 (dim 1) != 0 (dim 0)
Warning: Skipping sample 4831: shapes (80,257) and (0,) not aligned: 257 (dim 1) != 0 (dim 0)
Warning: Skipping sample 12075: shapes (80,257) and (0,) not aligned: 257 (dim 1) != 0 (dim 0)
Warning: Skipping sample 8648: shapes (80,257) and (0,) not aligned: 257 (dim 1) != 0 (dim 0)
Warning: Skipping sample 4830: shapes (80,257) and (0,) not aligned: 257 (dim 1) != 0 (dim 0)
Warning: Skipping sample 8643: shapes (80,257) and (0,) not aligned: 257 (dim 1) != 0 (dim 0)
Warning: Skipping sample 12073: shapes (80,257) and (0,) not aligned: 257 (dim 1) != 0 (dim 0)
Warning: Skipping sample 4828: shapes (80,257) and (0,) not aligned: 257 (dim 1) != 0 (dim 0)
Warning: Skipping sample 4826: shapes (80,257) and (0,) not aligned: 257 (dim 1) != 0 (dim 0)
Warning: Skipping sample 4829: shapes (80,257) and (0,) not aligned: 257 (dim 1) != 0 (dim 0)
Warning: Skipping sample 84: shapes (80,257) and (0,) not aligned: 257 (dim 1) != 0 (dim 0)
Warning: Skipping sample 1118: shapes (80,257) and (0,) not aligned: 257 (dim 1) != 0 (dim 0)
Warning: Skipping sample 4824: shapes (80,257) and (0,) not aligned: 257 (dim 1) != 0 (dim 0)
Warning: Skipping sample 8645: shapes (80,257) and (0,) not aligned: 257 (dim 1) != 0 (dim 0)
Warning: Skipping sample 4822: shapes (80,257) and (0,) not aligned: 257 (dim 1) != 0 (dim 0)
Warning: Skipping sample 7088: shapes (80,257) and (0,) not aligned: 257 (dim 1) != 0 (dim 0)
Warning: Skipping sample 1117: shapes (80,257) and (0,) not aligned: 257 (dim 1) != 0 (dim 0)
Warning: Skipping sample 4832: shapes (80,257) and (0,) not aligned: 257 (dim 1) != 0 (dim 0)
Warning: Skipping sample 7084: shapes (80,257) and (0,) not aligned: 257 (dim 1) != 0 (dim 0)
Warning: Skipping sample 8646: shapes (80,257) and (0,) not aligned: 257 (dim 1) != 0 (dim 0)
Warning: Skipping sample 12616: shapes (80,257) and (0,) not aligned: 257 (dim 1) != 0 (dim 0)
Warning: Skipping sample 6693: shapes (80,257) and (0,) not aligned: 257 (dim 1) != 0 (dim 0)
Warning: Skipping sample 6695: shapes (80,257) and (0,) not aligned: 257 (dim 1) != 0 (dim 0)
Warning: Skipping sample 1116: shapes (80,257) and (0,) not aligned: 257 (dim 1) != 0 (dim 0)
Warning: Skipping sample 4827: shapes (80,257) and (0,) not aligned: 257 (dim 1) != 0 (dim 0)
Warning: Skipping sample 8647: shapes (80,257) and (0,) not aligned: 257 (dim 1) != 0 (dim 0)
Warning: Skipping sample 6698: shapes (80,257) and (0,) not aligned: 257 (dim 1) != 0 (dim 0)
Warning: Skipping sample 141: shapes (80,257) and (0,) not aligned: 257 (dim 1) != 0 (dim 0)
Warning: Skipping sample 12071: shapes (80,257) and (0,) not aligned: 257 (dim 1) != 0 (dim 0)
Warning: Skipping sample 6696: shapes (80,257) and (0,) not aligned: 257 (dim 1) != 0 (dim 0)
Warning: Skipping sample 4825: shapes (80,257) and (0,) not aligned: 257 (dim 1) != 0 (dim 0)
Warning: Skipping sample 12074: shapes (80,257) and (0,) not aligned: 257 (dim 1) != 0 (dim 0)
Warning: Skipping sample 12070: shapes (80,257) and (0,) not aligned: 257 (dim 1) != 0 (dim 0)
Warning: Skipping sample 12629: shapes (80,257) and (0,) not aligned: 257 (dim 1) != 0 (dim 0)
Warning: Skipping sample 141: shapes (80,257) and (0,) not aligned: 257 (dim 1) != 0 (dim 0)
Warning: Skipping sample 4822: shapes (80,257) and (0,) not aligned: 257 (dim 1) != 0 (dim 0)
Warning: Skipping sample 12074: shapes (80,257) and (0,) not aligned: 257 (dim 1) != 0 (dim 0)
Warning: Skipping sample 8646: shapes (80,257) and (0,) not aligned: 257 (dim 1) != 0 (dim 0)
Warning: Skipping sample 12075: shapes (80,257) and (0,) not aligned: 257 (dim 1) != 0 (dim 0)
Warning: Skipping sample 4821: shapes (80,257) and (0,) not aligned: 257 (dim 1) != 0 (dim 0)
Warning: Skipping sample 84: shapes (80,257) and (0,) not aligned: 257 (dim 1) != 0 (dim 0)
Warning: Skipping sample 12072: shapes (80,257) and (0,) not aligned: 257 (dim 1) != 0 (dim 0)
Warning: Skipping sample 12071: shapes (80,257) and (0,) not aligned: 257 (dim 1) != 0 (dim 0)
Warning: Skipping sample 8644: shapes (80,257) and (0,) not aligned: 257 (dim 1) != 0 (dim 0)
Warning: Skipping sample 7088: shapes (80,257) and (0,) not aligned: 257 (dim 1) != 0 (dim 0)
Warning: Skipping sample 8645: shapes (80,257) and (0,) not aligned: 257 (dim 1) != 0 (dim 0)
Warning: Skipping sample 4832: shapes (80,257) and (0,) not aligned: 257 (dim 1) != 0 (dim 0)
Warning: Skipping sample 12616: shapes (80,257) and (0,) not aligned: 257 (dim 1) != 0 (dim 0)
Warning: Skipping sample 6698: shapes (80,257) and (0,) not aligned: 257 (dim 1) != 0 (dim 0)
Warning: Skipping sample 6693: shapes (80,257) and (0,) not aligned: 257 (dim 1) != 0 (dim 0)
Warning: Skipping sample 6694: shapes (80,257) and (0,) not aligned: 257 (dim 1) != 0 (dim 0)
Warning: Skipping sample 6695: shapes (80,257) and (0,) not aligned: 257 (dim 1) != 0 (dim 0)
Warning: Skipping sample 12629: shapes (80,257) and (0,) not aligned: 257 (dim 1) != 0 (dim 0)
Warning: Skipping sample 4830: shapes (80,257) and (0,) not aligned: 257 (dim 1) != 0 (dim 0)
Warning: Skipping sample 4827: shapes (80,257) and (0,) not aligned: 257 (dim 1) != 0 (dim 0)
Warning: Skipping sample 7084: shapes (80,257) and (0,) not aligned: 257 (dim 1) != 0 (dim 0)
Warning: Skipping sample 8648: shapes (80,257) and (0,) not aligned: 257 (dim 1) != 0 (dim 0)
Warning: Skipping sample 4829: shapes (80,257) and (0,) not aligned: 257 (dim 1) != 0 (dim 0)
Warning: Skipping sample 8643: shapes (80,257) and (0,) not aligned: 257 (dim 1) != 0 (dim 0)
Warning: Skipping sample 4825: shapes (80,257) and (0,) not aligned: 257 (dim 1) != 0 (dim 0)
Warning: Skipping sample 8647: shapes (80,257) and (0,) not aligned: 257 (dim 1) != 0 (dim 0)
Warning: Skipping sample 4824: shapes (80,257) and (0,) not aligned: 257 (dim 1) != 0 (dim 0)
Warning: Skipping sample 1116: shapes (80,257) and (0,) not aligned: 257 (dim 1) != 0 (dim 0)
Warning: Skipping sample 4828: shapes (80,257) and (0,) not aligned: 257 (dim 1) != 0 (dim 0)
Warning: Skipping sample 1118: shapes (80,257) and (0,) not aligned: 257 (dim 1) != 0 (dim 0)
Warning: Skipping sample 4826: shapes (80,257) and (0,) not aligned: 257 (dim 1) != 0 (dim 0)
Warning: Skipping sample 12073: shapes (80,257) and (0,) not aligned: 257 (dim 1) != 0 (dim 0)
Warning: Skipping sample 4823: shapes (80,257) and (0,) not aligned: 257 (dim 1) != 0 (dim 0)
Warning: Skipping sample 1117: shapes (80,257) and (0,) not aligned: 257 (dim 1) != 0 (dim 0)
Warning: Skipping sample 12070: shapes (80,257) and (0,) not aligned: 257 (dim 1) != 0 (dim 0)
Warning: Skipping sample 6696: shapes (80,257) and (0,) not aligned: 257 (dim 1) != 0 (dim 0)
Warning: Skipping sample 4831: shapes (80,257) and (0,) not aligned: 257 (dim 1) != 0 (dim 0)
Warning: Skipping sample 6697: shapes (80,257) and (0,) not aligned: 257 (dim 1) != 0 (dim 0)
Warning: Skipping sample 4829: shapes (80,257) and (0,) not aligned: 257 (dim 1) != 0 (dim 0)
Warning: Skipping sample 4831: shapes (80,257) and (0,) not aligned: 257 (dim 1) != 0 (dim 0)
Warning: Skipping sample 6694: shapes (80,257) and (0,) not aligned: 257 (dim 1) != 0 (dim 0)
Warning: Skipping sample 8647: shapes (80,257) and (0,) not aligned: 257 (dim 1) != 0 (dim 0)
Warning: Skipping sample 1116: shapes (80,257) and (0,) not aligned: 257 (dim 1) != 0 (dim 0)
Warning: Skipping sample 7088: shapes (80,257) and (0,) not aligned: 257 (dim 1) != 0 (dim 0)
Warning: Skipping sample 12070: shapes (80,257) and (0,) not aligned: 257 (dim 1) != 0 (dim 0)
Warning: Skipping sample 12074: shapes (80,257) and (0,) not aligned: 257 (dim 1) != 0 (dim 0)
Warning: Skipping sample 4824: shapes (80,257) and (0,) not aligned: 257 (dim 1) != 0 (dim 0)
Warning: Skipping sample 1118: shapes (80,257) and (0,) not aligned: 257 (dim 1) != 0 (dim 0)
Warning: Skipping sample 8645: shapes (80,257) and (0,) not aligned: 257 (dim 1) != 0 (dim 0)
Warning: Skipping sample 6697: shapes (80,257) and (0,) not aligned: 257 (dim 1) != 0 (dim 0)
Warning: Skipping sample 6696: shapes (80,257) and (0,) not aligned: 257 (dim 1) != 0 (dim 0)
Warning: Skipping sample 4821: shapes (80,257) and (0,) not aligned: 257 (dim 1) != 0 (dim 0)
Warning: Skipping sample 8644: shapes (80,257) and (0,) not aligned: 257 (dim 1) != 0 (dim 0)
Warning: Skipping sample 12072: shapes (80,257) and (0,) not aligned: 257 (dim 1) != 0 (dim 0)
Warning: Skipping sample 7084: shapes (80,257) and (0,) not aligned: 257 (dim 1) != 0 (dim 0)
Warning: Skipping sample 6693: shapes (80,257) and (0,) not aligned: 257 (dim 1) != 0 (dim 0)
Warning: Skipping sample 141: shapes (80,257) and (0,) not aligned: 257 (dim 1) != 0 (dim 0)
Warning: Skipping sample 84: shapes (80,257) and (0,) not aligned: 257 (dim 1) != 0 (dim 0)
Warning: Skipping sample 6695: shapes (80,257) and (0,) not aligned: 257 (dim 1) != 0 (dim 0)
Warning: Skipping sample 1117: shapes (80,257) and (0,) not aligned: 257 (dim 1) != 0 (dim 0)
Warning: Skipping sample 4825: shapes (80,257) and (0,) not aligned: 257 (dim 1) != 0 (dim 0)
Warning: Skipping sample 4822: shapes (80,257) and (0,) not aligned: 257 (dim 1) != 0 (dim 0)
Warning: Skipping sample 8643: shapes (80,257) and (0,) not aligned: 257 (dim 1) != 0 (dim 0)
Warning: Skipping sample 12071: shapes (80,257) and (0,) not aligned: 257 (dim 1) != 0 (dim 0)
Warning: Skipping sample 6698: shapes (80,257) and (0,) not aligned: 257 (dim 1) != 0 (dim 0)
Warning: Skipping sample 4826: shapes (80,257) and (0,) not aligned: 257 (dim 1) != 0 (dim 0)
Warning: Skipping sample 4830: shapes (80,257) and (0,) not aligned: 257 (dim 1) != 0 (dim 0)
Warning: Skipping sample 12075: shapes (80,257) and (0,) not aligned: 257 (dim 1) != 0 (dim 0)
Warning: Skipping sample 12073: shapes (80,257) and (0,) not aligned: 257 (dim 1) != 0 (dim 0)
Warning: Skipping sample 4828: shapes (80,257) and (0,) not aligned: 257 (dim 1) != 0 (dim 0)
Warning: Skipping sample 8648: shapes (80,257) and (0,) not aligned: 257 (dim 1) != 0 (dim 0)
Warning: Skipping sample 12629: shapes (80,257) and (0,) not aligned: 257 (dim 1) != 0 (dim 0)
Warning: Skipping sample 12616: shapes (80,257) and (0,) not aligned: 257 (dim 1) != 0 (dim 0)
Warning: Skipping sample 4827: shapes (80,257) and (0,) not aligned: 257 (dim 1) != 0 (dim 0)
Warning: Skipping sample 8646: shapes (80,257) and (0,) not aligned: 257 (dim 1) != 0 (dim 0)
Warning: Skipping sample 4823: shapes (80,257) and (0,) not aligned: 257 (dim 1) != 0 (dim 0)
Warning: Skipping sample 4832: shapes (80,257) and (0,) not aligned: 257 (dim 1) != 0 (dim 0)
Warning: Skipping sample 1117: shapes (80,257) and (0,) not aligned: 257 (dim 1) != 0 (dim 0)
Warning: Skipping sample 12072: shapes (80,257) and (0,) not aligned: 257 (dim 1) != 0 (dim 0)
Warning: Skipping sample 6694: shapes (80,257) and (0,) not aligned: 257 (dim 1) != 0 (dim 0)
Warning: Skipping sample 12073: shapes (80,257) and (0,) not aligned: 257 (dim 1) != 0 (dim 0)
Warning: Skipping sample 4822: shapes (80,257) and (0,) not aligned: 257 (dim 1) != 0 (dim 0)
Warning: Skipping sample 8645: shapes (80,257) and (0,) not aligned: 257 (dim 1) != 0 (dim 0)
Warning: Skipping sample 4829: shapes (80,257) and (0,) not aligned: 257 (dim 1) != 0 (dim 0)
Warning: Skipping sample 4823: shapes (80,257) and (0,) not aligned: 257 (dim 1) != 0 (dim 0)
Warning: Skipping sample 12616: shapes (80,257) and (0,) not aligned: 257 (dim 1) != 0 (dim 0)
Warning: Skipping sample 8648: shapes (80,257) and (0,) not aligned: 257 (dim 1) != 0 (dim 0)
Warning: Skipping sample 1116: shapes (80,257) and (0,) not aligned: 257 (dim 1) != 0 (dim 0)
Warning: Skipping sample 4832: shapes (80,257) and (0,) not aligned: 257 (dim 1) != 0 (dim 0)
Warning: Skipping sample 6696: shapes (80,257) and (0,) not aligned: 257 (dim 1) != 0 (dim 0)
Warning: Skipping sample 12071: shapes (80,257) and (0,) not aligned: 257 (dim 1) != 0 (dim 0)
Warning: Skipping sample 4831: shapes (80,257) and (0,) not aligned: 257 (dim 1) != 0 (dim 0)
Warning: Skipping sample 7084: shapes (80,257) and (0,) not aligned: 257 (dim 1) != 0 (dim 0)
Warning: Skipping sample 7088: shapes (80,257) and (0,) not aligned: 257 (dim 1) != 0 (dim 0)
Warning: Skipping sample 12070: shapes (80,257) and (0,) not aligned: 257 (dim 1) != 0 (dim 0)
Warning: Skipping sample 4821: shapes (80,257) and (0,) not aligned: 257 (dim 1) != 0 (dim 0)
Warning: Skipping sample 4828: shapes (80,257) and (0,) not aligned: 257 (dim 1) != 0 (dim 0)
Warning: Skipping sample 12074: shapes (80,257) and (0,) not aligned: 257 (dim 1) != 0 (dim 0)
Warning: Skipping sample 6693: shapes (80,257) and (0,) not aligned: 257 (dim 1) != 0 (dim 0)
Warning: Skipping sample 6697: shapes (80,257) and (0,) not aligned: 257 (dim 1) != 0 (dim 0)
Warning: Skipping sample 8643: shapes (80,257) and (0,) not aligned: 257 (dim 1) != 0 (dim 0)
Warning: Skipping sample 8644: shapes (80,257) and (0,) not aligned: 257 (dim 1) != 0 (dim 0)
Warning: Skipping sample 6698: shapes (80,257) and (0,) not aligned: 257 (dim 1) != 0 (dim 0)
Warning: Skipping sample 4830: shapes (80,257) and (0,) not aligned: 257 (dim 1) != 0 (dim 0)
Warning: Skipping sample 4826: shapes (80,257) and (0,) not aligned: 257 (dim 1) != 0 (dim 0)
Warning: Skipping sample 4824: shapes (80,257) and (0,) not aligned: 257 (dim 1) != 0 (dim 0)
Warning: Skipping sample 8647: shapes (80,257) and (0,) not aligned: 257 (dim 1) != 0 (dim 0)
Warning: Skipping sample 141: shapes (80,257) and (0,) not aligned: 257 (dim 1) != 0 (dim 0)
Warning: Skipping sample 6695: shapes (80,257) and (0,) not aligned: 257 (dim 1) != 0 (dim 0)
Warning: Skipping sample 8646: shapes (80,257) and (0,) not aligned: 257 (dim 1) != 0 (dim 0)
Warning: Skipping sample 12075: shapes (80,257) and (0,) not aligned: 257 (dim 1) != 0 (dim 0)
Warning: Skipping sample 4827: shapes (80,257) and (0,) not aligned: 257 (dim 1) != 0 (dim 0)
Warning: Skipping sample 12629: shapes (80,257) and (0,) not aligned: 257 (dim 1) != 0 (dim 0)
Warning: Skipping sample 1118: shapes (80,257) and (0,) not aligned: 257 (dim 1) != 0 (dim 0)
Warning: Skipping sample 4825: shapes (80,257) and (0,) not aligned: 257 (dim 1) != 0 (dim 0)
Warning: Skipping sample 84: shapes (80,257) and (0,) not aligned: 257 (dim 1) != 0 (dim 0)
Warning: Skipping sample 4822: shapes (80,257) and (0,) not aligned: 257 (dim 1) != 0 (dim 0)
Warning: Skipping sample 6695: shapes (80,257) and (0,) not aligned: 257 (dim 1) != 0 (dim 0)
Warning: Skipping sample 6698: shapes (80,257) and (0,) not aligned: 257 (dim 1) != 0 (dim 0)
Warning: Skipping sample 12071: shapes (80,257) and (0,) not aligned: 257 (dim 1) != 0 (dim 0)
Warning: Skipping sample 8647: shapes (80,257) and (0,) not aligned: 257 (dim 1) != 0 (dim 0)
Warning: Skipping sample 4832: shapes (80,257) and (0,) not aligned: 257 (dim 1) != 0 (dim 0)
Warning: Skipping sample 12616: shapes (80,257) and (0,) not aligned: 257 (dim 1) != 0 (dim 0)
Warning: Skipping sample 12073: shapes (80,257) and (0,) not aligned: 257 (dim 1) != 0 (dim 0)
Warning: Skipping sample 84: shapes (80,257) and (0,) not aligned: 257 (dim 1) != 0 (dim 0)
Warning: Skipping sample 6696: shapes (80,257) and (0,) not aligned: 257 (dim 1) != 0 (dim 0)
Warning: Skipping sample 141: shapes (80,257) and (0,) not aligned: 257 (dim 1) != 0 (dim 0)
Warning: Skipping sample 8645: shapes (80,257) and (0,) not aligned: 257 (dim 1) != 0 (dim 0)
Warning: Skipping sample 4825: shapes (80,257) and (0,) not aligned: 257 (dim 1) != 0 (dim 0)
Warning: Skipping sample 8643: shapes (80,257) and (0,) not aligned: 257 (dim 1) != 0 (dim 0)
Warning: Skipping sample 8644: shapes (80,257) and (0,) not aligned: 257 (dim 1) != 0 (dim 0)
Warning: Skipping sample 6693: shapes (80,257) and (0,) not aligned: 257 (dim 1) != 0 (dim 0)
Warning: Skipping sample 12074: shapes (80,257) and (0,) not aligned: 257 (dim 1) != 0 (dim 0)
Warning: Skipping sample 4830: shapes (80,257) and (0,) not aligned: 257 (dim 1) != 0 (dim 0)
Warning: Skipping sample 7084: shapes (80,257) and (0,) not aligned: 257 (dim 1) != 0 (dim 0)
Warning: Skipping sample 6694: shapes (80,257) and (0,) not aligned: 257 (dim 1) != 0 (dim 0)
Warning: Skipping sample 8648: shapes (80,257) and (0,) not aligned: 257 (dim 1) != 0 (dim 0)
Warning: Skipping sample 8646: shapes (80,257) and (0,) not aligned: 257 (dim 1) != 0 (dim 0)
Warning: Skipping sample 4829: shapes (80,257) and (0,) not aligned: 257 (dim 1) != 0 (dim 0)
Warning: Skipping sample 6697: shapes (80,257) and (0,) not aligned: 257 (dim 1) != 0 (dim 0)
Warning: Skipping sample 4821: shapes (80,257) and (0,) not aligned: 257 (dim 1) != 0 (dim 0)
Warning: Skipping sample 4827: shapes (80,257) and (0,) not aligned: 257 (dim 1) != 0 (dim 0)
Warning: Skipping sample 4826: shapes (80,257) and (0,) not aligned: 257 (dim 1) != 0 (dim 0)
Warning: Skipping sample 12629: shapes (80,257) and (0,) not aligned: 257 (dim 1) != 0 (dim 0)
Warning: Skipping sample 1116: shapes (80,257) and (0,) not aligned: 257 (dim 1) != 0 (dim 0)
Warning: Skipping sample 12075: shapes (80,257) and (0,) not aligned: 257 (dim 1) != 0 (dim 0)
Warning: Skipping sample 4831: shapes (80,257) and (0,) not aligned: 257 (dim 1) != 0 (dim 0)
Warning: Skipping sample 12070: shapes (80,257) and (0,) not aligned: 257 (dim 1) != 0 (dim 0)
Warning: Skipping sample 4823: shapes (80,257) and (0,) not aligned: 257 (dim 1) != 0 (dim 0)
Warning: Skipping sample 1117: shapes (80,257) and (0,) not aligned: 257 (dim 1) != 0 (dim 0)
Warning: Skipping sample 4824: shapes (80,257) and (0,) not aligned: 257 (dim 1) != 0 (dim 0)
Warning: Skipping sample 7088: shapes (80,257) and (0,) not aligned: 257 (dim 1) != 0 (dim 0)
Warning: Skipping sample 1118: shapes (80,257) and (0,) not aligned: 257 (dim 1) != 0 (dim 0)
Warning: Skipping sample 4828: shapes (80,257) and (0,) not aligned: 257 (dim 1) != 0 (dim 0)
Warning: Skipping sample 12072: shapes (80,257) and (0,) not aligned: 257 (dim 1) != 0 (dim 0)
Warning: Skipping sample 4826: shapes (80,257) and (0,) not aligned: 257 (dim 1) != 0 (dim 0)
Warning: Skipping sample 8643: shapes (80,257) and (0,) not aligned: 257 (dim 1) != 0 (dim 0)
Warning: Skipping sample 1118: shapes (80,257) and (0,) not aligned: 257 (dim 1) != 0 (dim 0)
Warning: Skipping sample 8647: shapes (80,257) and (0,) not aligned: 257 (dim 1) != 0 (dim 0)
Warning: Skipping sample 4825: shapes (80,257) and (0,) not aligned: 257 (dim 1) != 0 (dim 0)
Warning: Skipping sample 4821: shapes (80,257) and (0,) not aligned: 257 (dim 1) != 0 (dim 0)
Warning: Skipping sample 6697: shapes (80,257) and (0,) not aligned: 257 (dim 1) != 0 (dim 0)
Warning: Skipping sample 12075: shapes (80,257) and (0,) not aligned: 257 (dim 1) != 0 (dim 0)
Warning: Skipping sample 141: shapes (80,257) and (0,) not aligned: 257 (dim 1) != 0 (dim 0)
Warning: Skipping sample 12072: shapes (80,257) and (0,) not aligned: 257 (dim 1) != 0 (dim 0)
Warning: Skipping sample 6696: shapes (80,257) and (0,) not aligned: 257 (dim 1) != 0 (dim 0)
Warning: Skipping sample 12074: shapes (80,257) and (0,) not aligned: 257 (dim 1) != 0 (dim 0)
Warning: Skipping sample 6694: shapes (80,257) and (0,) not aligned: 257 (dim 1) != 0 (dim 0)
Warning: Skipping sample 12616: shapes (80,257) and (0,) not aligned: 257 (dim 1) != 0 (dim 0)
Warning: Skipping sample 12629: shapes (80,257) and (0,) not aligned: 257 (dim 1) != 0 (dim 0)
Warning: Skipping sample 1116: shapes (80,257) and (0,) not aligned: 257 (dim 1) != 0 (dim 0)
Warning: Skipping sample 4828: shapes (80,257) and (0,) not aligned: 257 (dim 1) != 0 (dim 0)
Warning: Skipping sample 4824: shapes (80,257) and (0,) not aligned: 257 (dim 1) != 0 (dim 0)
Warning: Skipping sample 4832: shapes (80,257) and (0,) not aligned: 257 (dim 1) != 0 (dim 0)
Warning: Skipping sample 8648: shapes (80,257) and (0,) not aligned: 257 (dim 1) != 0 (dim 0)
Warning: Skipping sample 4831: shapes (80,257) and (0,) not aligned: 257 (dim 1) != 0 (dim 0)
Warning: Skipping sample 4822: shapes (80,257) and (0,) not aligned: 257 (dim 1) != 0 (dim 0)
Warning: Skipping sample 6698: shapes (80,257) and (0,) not aligned: 257 (dim 1) != 0 (dim 0)
Warning: Skipping sample 4829: shapes (80,257) and (0,) not aligned: 257 (dim 1) != 0 (dim 0)
Warning: Skipping sample 4823: shapes (80,257) and (0,) not aligned: 257 (dim 1) != 0 (dim 0)
Warning: Skipping sample 8644: shapes (80,257) and (0,) not aligned: 257 (dim 1) != 0 (dim 0)
Warning: Skipping sample 12073: shapes (80,257) and (0,) not aligned: 257 (dim 1) != 0 (dim 0)
Warning: Skipping sample 84: shapes (80,257) and (0,) not aligned: 257 (dim 1) != 0 (dim 0)
Warning: Skipping sample 4827: shapes (80,257) and (0,) not aligned: 257 (dim 1) != 0 (dim 0)
Warning: Skipping sample 12071: shapes (80,257) and (0,) not aligned: 257 (dim 1) != 0 (dim 0)
Warning: Skipping sample 6693: shapes (80,257) and (0,) not aligned: 257 (dim 1) != 0 (dim 0)
Warning: Skipping sample 4830: shapes (80,257) and (0,) not aligned: 257 (dim 1) != 0 (dim 0)
Warning: Skipping sample 7088: shapes (80,257) and (0,) not aligned: 257 (dim 1) != 0 (dim 0)
Warning: Skipping sample 6695: shapes (80,257) and (0,) not aligned: 257 (dim 1) != 0 (dim 0)
Warning: Skipping sample 7084: shapes (80,257) and (0,) not aligned: 257 (dim 1) != 0 (dim 0)
Warning: Skipping sample 8645: shapes (80,257) and (0,) not aligned: 257 (dim 1) != 0 (dim 0)
Warning: Skipping sample 12070: shapes (80,257) and (0,) not aligned: 257 (dim 1) != 0 (dim 0)
Warning: Skipping sample 8646: shapes (80,257) and (0,) not aligned: 257 (dim 1) != 0 (dim 0)
Warning: Skipping sample 1117: shapes (80,257) and (0,) not aligned: 257 (dim 1) != 0 (dim 0)
Warning: Skipping sample 12071: shapes (80,257) and (0,) not aligned: 257 (dim 1) != 0 (dim 0)
Warning: Skipping sample 12072: shapes (80,257) and (0,) not aligned: 257 (dim 1) != 0 (dim 0)
Warning: Skipping sample 12070: shapes (80,257) and (0,) not aligned: 257 (dim 1) != 0 (dim 0)
Warning: Skipping sample 7088: shapes (80,257) and (0,) not aligned: 257 (dim 1) != 0 (dim 0)
Warning: Skipping sample 8643: shapes (80,257) and (0,) not aligned: 257 (dim 1) != 0 (dim 0)
Warning: Skipping sample 4830: shapes (80,257) and (0,) not aligned: 257 (dim 1) != 0 (dim 0)
Warning: Skipping sample 1116: shapes (80,257) and (0,) not aligned: 257 (dim 1) != 0 (dim 0)
Warning: Skipping sample 4828: shapes (80,257) and (0,) not aligned: 257 (dim 1) != 0 (dim 0)
Warning: Skipping sample 8644: shapes (80,257) and (0,) not aligned: 257 (dim 1) != 0 (dim 0)
Warning: Skipping sample 6694: shapes (80,257) and (0,) not aligned: 257 (dim 1) != 0 (dim 0)
Warning: Skipping sample 6696: shapes (80,257) and (0,) not aligned: 257 (dim 1) != 0 (dim 0)
Warning: Skipping sample 4823: shapes (80,257) and (0,) not aligned: 257 (dim 1) != 0 (dim 0)
Warning: Skipping sample 6695: shapes (80,257) and (0,) not aligned: 257 (dim 1) != 0 (dim 0)
Warning: Skipping sample 7084: shapes (80,257) and (0,) not aligned: 257 (dim 1) != 0 (dim 0)
Warning: Skipping sample 4827: shapes (80,257) and (0,) not aligned: 257 (dim 1) != 0 (dim 0)
Warning: Skipping sample 12629: shapes (80,257) and (0,) not aligned: 257 (dim 1) != 0 (dim 0)
Warning: Skipping sample 12616: shapes (80,257) and (0,) not aligned: 257 (dim 1) != 0 (dim 0)
Warning: Skipping sample 1118: shapes (80,257) and (0,) not aligned: 257 (dim 1) != 0 (dim 0)
Warning: Skipping sample 84: shapes (80,257) and (0,) not aligned: 257 (dim 1) != 0 (dim 0)
Warning: Skipping sample 4821: shapes (80,257) and (0,) not aligned: 257 (dim 1) != 0 (dim 0)
Warning: Skipping sample 12073: shapes (80,257) and (0,) not aligned: 257 (dim 1) != 0 (dim 0)
Warning: Skipping sample 4825: shapes (80,257) and (0,) not aligned: 257 (dim 1) != 0 (dim 0)
Warning: Skipping sample 8647: shapes (80,257) and (0,) not aligned: 257 (dim 1) != 0 (dim 0)
Warning: Skipping sample 6697: shapes (80,257) and (0,) not aligned: 257 (dim 1) != 0 (dim 0)
Warning: Skipping sample 4832: shapes (80,257) and (0,) not aligned: 257 (dim 1) != 0 (dim 0)
Warning: Skipping sample 12074: shapes (80,257) and (0,) not aligned: 257 (dim 1) != 0 (dim 0)
Warning: Skipping sample 4829: shapes (80,257) and (0,) not aligned: 257 (dim 1) != 0 (dim 0)
Warning: Skipping sample 8646: shapes (80,257) and (0,) not aligned: 257 (dim 1) != 0 (dim 0)
Warning: Skipping sample 4826: shapes (80,257) and (0,) not aligned: 257 (dim 1) != 0 (dim 0)
Warning: Skipping sample 8648: shapes (80,257) and (0,) not aligned: 257 (dim 1) != 0 (dim 0)
Warning: Skipping sample 8645: shapes (80,257) and (0,) not aligned: 257 (dim 1) != 0 (dim 0)
Warning: Skipping sample 6693: shapes (80,257) and (0,) not aligned: 257 (dim 1) != 0 (dim 0)
Warning: Skipping sample 1117: shapes (80,257) and (0,) not aligned: 257 (dim 1) != 0 (dim 0)
Warning: Skipping sample 6698: shapes (80,257) and (0,) not aligned: 257 (dim 1) != 0 (dim 0)
Warning: Skipping sample 12075: shapes (80,257) and (0,) not aligned: 257 (dim 1) != 0 (dim 0)
Warning: Skipping sample 4824: shapes (80,257) and (0,) not aligned: 257 (dim 1) != 0 (dim 0)
Warning: Skipping sample 141: shapes (80,257) and (0,) not aligned: 257 (dim 1) != 0 (dim 0)
Warning: Skipping sample 4822: shapes (80,257) and (0,) not aligned: 257 (dim 1) != 0 (dim 0)
Warning: Skipping sample 4831: shapes (80,257) and (0,) not aligned: 257 (dim 1) != 0 (dim 0)
Warning: Skipping sample 4821: shapes (80,257) and (0,) not aligned: 257 (dim 1) != 0 (dim 0)
Warning: Skipping sample 4829: shapes (80,257) and (0,) not aligned: 257 (dim 1) != 0 (dim 0)
Warning: Skipping sample 6696: shapes (80,257) and (0,) not aligned: 257 (dim 1) != 0 (dim 0)
Warning: Skipping sample 12629: shapes (80,257) and (0,) not aligned: 257 (dim 1) != 0 (dim 0)
Warning: Skipping sample 12074: shapes (80,257) and (0,) not aligned: 257 (dim 1) != 0 (dim 0)
Warning: Skipping sample 1116: shapes (80,257) and (0,) not aligned: 257 (dim 1) != 0 (dim 0)
Warning: Skipping sample 4826: shapes (80,257) and (0,) not aligned: 257 (dim 1) != 0 (dim 0)
Warning: Skipping sample 8643: shapes (80,257) and (0,) not aligned: 257 (dim 1) != 0 (dim 0)
Warning: Skipping sample 6698: shapes (80,257) and (0,) not aligned: 257 (dim 1) != 0 (dim 0)
Warning: Skipping sample 12075: shapes (80,257) and (0,) not aligned: 257 (dim 1) != 0 (dim 0)
Warning: Skipping sample 12071: shapes (80,257) and (0,) not aligned: 257 (dim 1) != 0 (dim 0)
Warning: Skipping sample 6693: shapes (80,257) and (0,) not aligned: 257 (dim 1) != 0 (dim 0)
Warning: Skipping sample 8645: shapes (80,257) and (0,) not aligned: 257 (dim 1) != 0 (dim 0)
Warning: Skipping sample 141: shapes (80,257) and (0,) not aligned: 257 (dim 1) != 0 (dim 0)
Warning: Skipping sample 8644: shapes (80,257) and (0,) not aligned: 257 (dim 1) != 0 (dim 0)
Warning: Skipping sample 12072: shapes (80,257) and (0,) not aligned: 257 (dim 1) != 0 (dim 0)
Warning: Skipping sample 8647: shapes (80,257) and (0,) not aligned: 257 (dim 1) != 0 (dim 0)
Warning: Skipping sample 7084: shapes (80,257) and (0,) not aligned: 257 (dim 1) != 0 (dim 0)
Warning: Skipping sample 4824: shapes (80,257) and (0,) not aligned: 257 (dim 1) != 0 (dim 0)
Warning: Skipping sample 8648: shapes (80,257) and (0,) not aligned: 257 (dim 1) != 0 (dim 0)
Warning: Skipping sample 4831: shapes (80,257) and (0,) not aligned: 257 (dim 1) != 0 (dim 0)
Warning: Skipping sample 4828: shapes (80,257) and (0,) not aligned: 257 (dim 1) != 0 (dim 0)
Warning: Skipping sample 4822: shapes (80,257) and (0,) not aligned: 257 (dim 1) != 0 (dim 0)
Warning: Skipping sample 8646: shapes (80,257) and (0,) not aligned: 257 (dim 1) != 0 (dim 0)
Warning: Skipping sample 4830: shapes (80,257) and (0,) not aligned: 257 (dim 1) != 0 (dim 0)
Warning: Skipping sample 12616: shapes (80,257) and (0,) not aligned: 257 (dim 1) != 0 (dim 0)
Warning: Skipping sample 12070: shapes (80,257) and (0,) not aligned: 257 (dim 1) != 0 (dim 0)
Warning: Skipping sample 4825: shapes (80,257) and (0,) not aligned: 257 (dim 1) != 0 (dim 0)
Warning: Skipping sample 12073: shapes (80,257) and (0,) not aligned: 257 (dim 1) != 0 (dim 0)
Warning: Skipping sample 4823: shapes (80,257) and (0,) not aligned: 257 (dim 1) != 0 (dim 0)
Warning: Skipping sample 84: shapes (80,257) and (0,) not aligned: 257 (dim 1) != 0 (dim 0)
Warning: Skipping sample 6695: shapes (80,257) and (0,) not aligned: 257 (dim 1) != 0 (dim 0)
Warning: Skipping sample 4827: shapes (80,257) and (0,) not aligned: 257 (dim 1) != 0 (dim 0)
Warning: Skipping sample 1118: shapes (80,257) and (0,) not aligned: 257 (dim 1) != 0 (dim 0)
Warning: Skipping sample 1117: shapes (80,257) and (0,) not aligned: 257 (dim 1) != 0 (dim 0)
Warning: Skipping sample 6694: shapes (80,257) and (0,) not aligned: 257 (dim 1) != 0 (dim 0)
Warning: Skipping sample 4832: shapes (80,257) and (0,) not aligned: 257 (dim 1) != 0 (dim 0)
Warning: Skipping sample 6697: shapes (80,257) and (0,) not aligned: 257 (dim 1) != 0 (dim 0)
Warning: Skipping sample 7088: shapes (80,257) and (0,) not aligned: 257 (dim 1) != 0 (dim 0)
Warning: Skipping sample 141: shapes (80,257) and (0,) not aligned: 257 (dim 1) != 0 (dim 0)
Warning: Skipping sample 8643: shapes (80,257) and (0,) not aligned: 257 (dim 1) != 0 (dim 0)
Warning: Skipping sample 6698: shapes (80,257) and (0,) not aligned: 257 (dim 1) != 0 (dim 0)
Warning: Skipping sample 4827: shapes (80,257) and (0,) not aligned: 257 (dim 1) != 0 (dim 0)
Warning: Skipping sample 12075: shapes (80,257) and (0,) not aligned: 257 (dim 1) != 0 (dim 0)
Warning: Skipping sample 12074: shapes (80,257) and (0,) not aligned: 257 (dim 1) != 0 (dim 0)
Warning: Skipping sample 6697: shapes (80,257) and (0,) not aligned: 257 (dim 1) != 0 (dim 0)
Warning: Skipping sample 12070: shapes (80,257) and (0,) not aligned: 257 (dim 1) != 0 (dim 0)
Warning: Skipping sample 4825: shapes (80,257) and (0,) not aligned: 257 (dim 1) != 0 (dim 0)
Warning: Skipping sample 8645: shapes (80,257) and (0,) not aligned: 257 (dim 1) != 0 (dim 0)
Warning: Skipping sample 6695: shapes (80,257) and (0,) not aligned: 257 (dim 1) != 0 (dim 0)
Warning: Skipping sample 8646: shapes (80,257) and (0,) not aligned: 257 (dim 1) != 0 (dim 0)
Warning: Skipping sample 12073: shapes (80,257) and (0,) not aligned: 257 (dim 1) != 0 (dim 0)
Warning: Skipping sample 4832: shapes (80,257) and (0,) not aligned: 257 (dim 1) != 0 (dim 0)
Warning: Skipping sample 4823: shapes (80,257) and (0,) not aligned: 257 (dim 1) != 0 (dim 0)
Warning: Skipping sample 4831: shapes (80,257) and (0,) not aligned: 257 (dim 1) != 0 (dim 0)
Warning: Skipping sample 4826: shapes (80,257) and (0,) not aligned: 257 (dim 1) != 0 (dim 0)
Warning: Skipping sample 12071: shapes (80,257) and (0,) not aligned: 257 (dim 1) != 0 (dim 0)
Warning: Skipping sample 6694: shapes (80,257) and (0,) not aligned: 257 (dim 1) != 0 (dim 0)
Warning: Skipping sample 12072: shapes (80,257) and (0,) not aligned: 257 (dim 1) != 0 (dim 0)
Warning: Skipping sample 4822: shapes (80,257) and (0,) not aligned: 257 (dim 1) != 0 (dim 0)
Warning: Skipping sample 12629: shapes (80,257) and (0,) not aligned: 257 (dim 1) != 0 (dim 0)
Warning: Skipping sample 4821: shapes (80,257) and (0,) not aligned: 257 (dim 1) != 0 (dim 0)
Warning: Skipping sample 6693: shapes (80,257) and (0,) not aligned: 257 (dim 1) != 0 (dim 0)
Warning: Skipping sample 1116: shapes (80,257) and (0,) not aligned: 257 (dim 1) != 0 (dim 0)
Warning: Skipping sample 4828: shapes (80,257) and (0,) not aligned: 257 (dim 1) != 0 (dim 0)
Warning: Skipping sample 4829: shapes (80,257) and (0,) not aligned: 257 (dim 1) != 0 (dim 0)
Warning: Skipping sample 1117: shapes (80,257) and (0,) not aligned: 257 (dim 1) != 0 (dim 0)
Warning: Skipping sample 8644: shapes (80,257) and (0,) not aligned: 257 (dim 1) != 0 (dim 0)
Warning: Skipping sample 4824: shapes (80,257) and (0,) not aligned: 257 (dim 1) != 0 (dim 0)
Warning: Skipping sample 4830: shapes (80,257) and (0,) not aligned: 257 (dim 1) != 0 (dim 0)
Warning: Skipping sample 7088: shapes (80,257) and (0,) not aligned: 257 (dim 1) != 0 (dim 0)
Warning: Skipping sample 7084: shapes (80,257) and (0,) not aligned: 257 (dim 1) != 0 (dim 0)
Warning: Skipping sample 84: shapes (80,257) and (0,) not aligned: 257 (dim 1) != 0 (dim 0)
Warning: Skipping sample 1118: shapes (80,257) and (0,) not aligned: 257 (dim 1) != 0 (dim 0)
Warning: Skipping sample 8647: shapes (80,257) and (0,) not aligned: 257 (dim 1) != 0 (dim 0)
Warning: Skipping sample 8648: shapes (80,257) and (0,) not aligned: 257 (dim 1) != 0 (dim 0)
Warning: Skipping sample 6696: shapes (80,257) and (0,) not aligned: 257 (dim 1) != 0 (dim 0)
Warning: Skipping sample 12616: shapes (80,257) and (0,) not aligned: 257 (dim 1) != 0 (dim 0)
