2026-01-07 14:44:21,775 [INFO] Acquired training lock
2026-01-07 14:44:21,776 [INFO] Loading encoder from checkpoints/zipformer/en-streaming/exp/pretrained.pt
2026-01-07 14:44:21,904 [INFO] Encoder loaded: output_dim=512
2026-01-07 14:44:21,904 [INFO] Loading data from data/paralinguistics/vocalsound_labeled (dataset=crema-d)
2026-01-07 14:44:22,406 [INFO] Train batches: 973
2026-01-07 14:44:22,406 [INFO] Val batches: 224
2026-01-07 14:44:22,407 [INFO] Head num_classes: 6
2026-01-07 14:44:22,408 [INFO] Created paralinguistics head with 988,166 parameters
2026-01-07 14:44:22,408 [INFO] Stage 4: 11,754,487 params (UNFROZEN)
2026-01-07 14:44:22,408 [INFO] Stage 5: 3,906,660 params (UNFROZEN)
2026-01-07 14:44:22,408 [INFO] Total unfrozen encoder params: 15,661,147
2026-01-07 14:44:22,408 [INFO] Total trainable parameters: 16,649,313
2026-01-07 14:44:22,408 [WARNING] Learning rate 4e-05 is too high for encoder fine-tuning. This can cause NaN values during training. Automatically reducing to 1.5e-05.
2026-01-07 14:44:22,408 [INFO] Fine-tuning with encoder unfreezing: lr=1.5e-05 (encoder_lr parameter is ignored - both encoder and head use same lr)
2026-01-07 14:44:22,408 [INFO] Adaptive LR enabled: will reduce LR by 0.5x if NaN rate > 10%
2026-01-07 14:44:22,408 [INFO] ============================================================
2026-01-07 14:44:22,408 [INFO] Training Configuration
2026-01-07 14:44:22,408 [INFO] ============================================================
2026-01-07 14:44:22,408 [INFO] Head type: paralinguistics
2026-01-07 14:44:22,408 [INFO] Encoder dim: 512
2026-01-07 14:44:22,408 [INFO] Batch size: 16
2026-01-07 14:44:22,408 [INFO] Head learning rate: 1.5e-05
2026-01-07 14:44:22,408 [INFO] Encoder learning rate: 1e-05
2026-01-07 14:44:22,408 [INFO] Unfrozen encoder stages: 2
2026-01-07 14:44:22,408 [INFO] Gradient clipping: 1.0
2026-01-07 14:44:22,408 [INFO] Cache clearing: every 100 steps
2026-01-07 14:44:22,408 [INFO] Label smoothing: 0.1
2026-01-07 14:44:22,408 [INFO] Loss function: Cross-Entropy
2026-01-07 14:44:22,408 [INFO] SpecAugment: True
2026-01-07 14:44:22,408 [INFO] Param dtype: float32
2026-01-07 14:44:22,408 [INFO] Epochs: 5
2026-01-07 14:44:22,408 [INFO] Max steps: 4865
2026-01-07 14:44:22,408 [INFO] Label key: paralinguistic_labels
2026-01-07 14:44:22,408 [INFO] ============================================================
2026-01-07 14:44:22,409 [INFO] Created EncoderHeadModel for fine-tuning (reused across all steps)
2026-01-07 14:44:22,409 [INFO] Epoch 1/5
2026-01-07 14:44:29,762 [INFO] Step 20/4865 | Loss: 1.8012 | Acc: 0.0000 | LR: 5.70e-07
2026-01-07 14:44:36,764 [INFO] Step 40/4865 | Loss: 1.7925 | Acc: 0.1875 | LR: 1.17e-06
2026-01-07 14:44:43,884 [INFO] Step 60/4865 | Loss: 1.7865 | Acc: 0.2500 | LR: 1.77e-06
2026-01-07 14:44:51,255 [INFO] Step 80/4865 | Loss: 1.7781 | Acc: 0.3750 | LR: 2.37e-06
2026-01-07 14:44:58,918 [INFO] Step 100/4865 | Loss: 1.7809 | Acc: 0.1875 | LR: 2.97e-06
2026-01-07 14:45:09,194 [INFO] [EVAL] Step 100 | Val Loss: 1.7856 | Val Acc: 0.2350
2026-01-07 14:45:09,198 [INFO] New best validation accuracy: 0.2350
2026-01-07 14:45:12,813 [WARNING] Skipping batch due to non-finite loss at step=110 (loss=nan, epoch=1).
2026-01-07 14:45:16,493 [INFO] Step 120/4865 | Loss: 1.7952 | Acc: 0.2500 | LR: 3.57e-06
2026-01-07 14:45:23,891 [INFO] Step 140/4865 | Loss: 1.7855 | Acc: 0.2500 | LR: 4.17e-06
2026-01-07 14:45:30,924 [INFO] Step 160/4865 | Loss: 1.7637 | Acc: 0.4375 | LR: 4.77e-06
2026-01-07 14:45:37,942 [INFO] Step 180/4865 | Loss: 1.7768 | Acc: 0.1250 | LR: 5.37e-06
2026-01-07 14:45:45,552 [INFO] Step 200/4865 | Loss: 1.7946 | Acc: 0.0625 | LR: 5.97e-06
2026-01-07 14:45:55,554 [INFO] [EVAL] Step 200 | Val Loss: 1.7447 | Val Acc: 0.2687
2026-01-07 14:45:55,559 [INFO] New best validation accuracy: 0.2687
2026-01-07 14:46:02,912 [INFO] Step 220/4865 | Loss: 1.7525 | Acc: 0.3750 | LR: 6.57e-06
2026-01-07 14:46:09,988 [INFO] Step 240/4865 | Loss: 1.7488 | Acc: 0.1875 | LR: 7.17e-06
2026-01-07 14:46:17,362 [INFO] Step 260/4865 | Loss: 1.7884 | Acc: 0.2500 | LR: 7.77e-06
2026-01-07 14:46:24,532 [INFO] Step 280/4865 | Loss: 1.6380 | Acc: 0.2500 | LR: 8.37e-06
2026-01-07 14:46:31,979 [INFO] Step 300/4865 | Loss: 1.6331 | Acc: 0.4375 | LR: 8.97e-06
2026-01-07 14:46:41,660 [INFO] [EVAL] Step 300 | Val Loss: 1.5309 | Val Acc: 0.3894
2026-01-07 14:46:41,663 [INFO] New best validation accuracy: 0.3894
2026-01-07 14:46:48,638 [INFO] Step 320/4865 | Loss: 1.4818 | Acc: 0.5000 | LR: 9.57e-06
2026-01-07 14:46:55,642 [INFO] Step 340/4865 | Loss: 1.5833 | Acc: 0.2500 | LR: 1.02e-05
2026-01-07 14:47:02,636 [INFO] Step 360/4865 | Loss: 1.4589 | Acc: 0.5000 | LR: 1.08e-05
2026-01-07 14:47:09,845 [INFO] Step 380/4865 | Loss: 1.4941 | Acc: 0.4375 | LR: 1.14e-05
2026-01-07 14:47:17,263 [INFO] Step 400/4865 | Loss: 1.6149 | Acc: 0.3750 | LR: 1.20e-05
2026-01-07 14:47:28,090 [INFO] [EVAL] Step 400 | Val Loss: 1.3136 | Val Acc: 0.5062
2026-01-07 14:47:28,094 [INFO] New best validation accuracy: 0.5062
2026-01-07 14:47:35,547 [INFO] Step 420/4865 | Loss: 1.7024 | Acc: 0.3750 | LR: 1.26e-05
2026-01-07 14:47:42,744 [INFO] Step 440/4865 | Loss: 1.5370 | Acc: 0.5000 | LR: 1.32e-05
2026-01-07 14:47:49,826 [INFO] Step 460/4865 | Loss: 1.3801 | Acc: 0.5625 | LR: 1.38e-05
2026-01-07 14:47:56,315 [WARNING] Skipping batch due to non-finite loss at step=478 (loss=nan, epoch=1).
2026-01-07 14:47:57,054 [INFO] Step 480/4865 | Loss: 1.5932 | Acc: 0.2500 | LR: 1.44e-05
2026-01-07 14:48:04,417 [INFO] Step 500/4865 | Loss: 1.1217 | Acc: 0.6875 | LR: 1.50e-05
2026-01-07 14:48:15,721 [INFO] [EVAL] Step 500 | Val Loss: 1.0432 | Val Acc: 0.6281
2026-01-07 14:48:15,728 [INFO] New best validation accuracy: 0.6281
2026-01-07 14:48:23,281 [INFO] Step 520/4865 | Loss: 1.3543 | Acc: 0.3125 | LR: 1.50e-05
2026-01-07 14:48:30,289 [INFO] Step 540/4865 | Loss: 1.5144 | Acc: 0.3125 | LR: 1.50e-05
2026-01-07 14:48:37,422 [INFO] Step 560/4865 | Loss: 1.0478 | Acc: 0.8125 | LR: 1.50e-05
2026-01-07 14:48:44,610 [INFO] Step 580/4865 | Loss: 0.9855 | Acc: 0.7500 | LR: 1.50e-05
2026-01-07 14:48:52,631 [INFO] Step 600/4865 | Loss: 1.2373 | Acc: 0.5000 | LR: 1.50e-05
2026-01-07 14:49:03,988 [INFO] [EVAL] Step 600 | Val Loss: 0.9519 | Val Acc: 0.6506
2026-01-07 14:49:03,991 [INFO] New best validation accuracy: 0.6506
2026-01-07 14:49:11,488 [INFO] Step 620/4865 | Loss: 1.3574 | Acc: 0.3125 | LR: 1.50e-05
2026-01-07 14:49:18,780 [INFO] Step 640/4865 | Loss: 1.1428 | Acc: 0.6875 | LR: 1.50e-05
2026-01-07 14:49:26,438 [INFO] Step 660/4865 | Loss: 0.8575 | Acc: 0.7500 | LR: 1.50e-05
2026-01-07 14:49:33,791 [INFO] Step 680/4865 | Loss: 1.0276 | Acc: 0.6875 | LR: 1.49e-05
2026-01-07 14:49:41,387 [INFO] Step 700/4865 | Loss: 1.0591 | Acc: 0.8125 | LR: 1.49e-05
2026-01-07 14:49:52,686 [INFO] [EVAL] Step 700 | Val Loss: 0.8240 | Val Acc: 0.7188
2026-01-07 14:49:52,689 [INFO] New best validation accuracy: 0.7188
2026-01-07 14:49:59,983 [INFO] Step 720/4865 | Loss: 1.0722 | Acc: 0.6875 | LR: 1.49e-05
2026-01-07 14:50:04,926 [WARNING] Skipping batch due to non-finite loss at step=733 (loss=nan, epoch=1).
2026-01-07 14:50:07,495 [INFO] Step 740/4865 | Loss: 0.9093 | Acc: 0.6875 | LR: 1.49e-05
2026-01-07 14:50:14,584 [INFO] Step 760/4865 | Loss: 1.3246 | Acc: 0.5625 | LR: 1.49e-05
2026-01-07 14:50:20,128 [WARNING] Skipping batch due to non-finite loss at step=775 (loss=nan, epoch=1).
2026-01-07 14:50:21,768 [INFO] Step 780/4865 | Loss: 1.1142 | Acc: 0.6875 | LR: 1.49e-05
2026-01-07 14:50:28,821 [WARNING] Skipping batch due to non-finite loss at step=799 (loss=nan, epoch=1).
2026-01-07 14:50:29,688 [INFO] Step 800/4865 | Loss: 1.2426 | Acc: 0.6250 | LR: 1.48e-05
2026-01-07 14:50:40,986 [INFO] [EVAL] Step 800 | Val Loss: 0.7646 | Val Acc: 0.7500
2026-01-07 14:50:40,991 [INFO] New best validation accuracy: 0.7500
2026-01-07 14:50:48,214 [INFO] Step 820/4865 | Loss: 0.9730 | Acc: 0.8125 | LR: 1.48e-05
2026-01-07 14:50:55,729 [INFO] Step 840/4865 | Loss: 1.2140 | Acc: 0.5625 | LR: 1.48e-05
2026-01-07 14:51:02,894 [INFO] Step 860/4865 | Loss: 1.0252 | Acc: 0.5625 | LR: 1.48e-05
2026-01-07 14:51:10,226 [INFO] Step 880/4865 | Loss: 0.9818 | Acc: 0.6875 | LR: 1.47e-05
2026-01-07 14:51:12,555 [WARNING] Skipping batch due to non-finite loss at step=886 (loss=nan, epoch=1).
2026-01-07 14:51:18,252 [INFO] Step 900/4865 | Loss: 1.1573 | Acc: 0.5000 | LR: 1.47e-05
2026-01-07 14:51:29,400 [INFO] [EVAL] Step 900 | Val Loss: 0.7198 | Val Acc: 0.7644
2026-01-07 14:51:29,404 [INFO] New best validation accuracy: 0.7644
2026-01-07 14:51:36,954 [INFO] Step 920/4865 | Loss: 1.1782 | Acc: 0.8125 | LR: 1.47e-05
2026-01-07 14:51:44,103 [INFO] Step 940/4865 | Loss: 1.1660 | Acc: 0.6250 | LR: 1.47e-05
2026-01-07 14:51:51,031 [INFO] Step 960/4865 | Loss: 1.1194 | Acc: 0.5625 | LR: 1.46e-05
2026-01-07 14:51:52,814 [INFO] Epoch 1 complete | Avg Loss: 1.4238 | Avg Acc: 0.4690 | Updates: 965 | Micro-batches: 971 | Skipped: 6 (loss=6, logits=0, grads=0)
2026-01-07 14:51:52,814 [INFO] Epoch 2/5
2026-01-07 14:51:58,247 [INFO] Step 980/4865 | Loss: 0.7713 | Acc: 0.9375 | LR: 1.46e-05
2026-01-07 14:52:05,664 [INFO] Step 1000/4865 | Loss: 1.3089 | Acc: 0.5000 | LR: 1.46e-05
2026-01-07 14:52:16,575 [INFO] [EVAL] Step 1000 | Val Loss: 0.6219 | Val Acc: 0.8125
2026-01-07 14:52:16,578 [INFO] New best validation accuracy: 0.8125
2026-01-07 14:52:24,223 [INFO] Step 1020/4865 | Loss: 1.1379 | Acc: 0.6250 | LR: 1.45e-05
2026-01-07 14:52:31,272 [INFO] Step 1040/4865 | Loss: 1.2411 | Acc: 0.6250 | LR: 1.45e-05
2026-01-07 14:52:38,607 [INFO] Step 1060/4865 | Loss: 1.3763 | Acc: 0.5000 | LR: 1.44e-05
2026-01-07 14:52:45,546 [INFO] Step 1080/4865 | Loss: 1.1033 | Acc: 0.6875 | LR: 1.44e-05
2026-01-07 14:52:53,252 [INFO] Step 1100/4865 | Loss: 0.9545 | Acc: 0.6250 | LR: 1.44e-05
2026-01-07 14:53:04,059 [INFO] [EVAL] Step 1100 | Val Loss: 0.6744 | Val Acc: 0.7831
2026-01-07 14:53:11,072 [INFO] Step 1120/4865 | Loss: 1.3028 | Acc: 0.5625 | LR: 1.43e-05
2026-01-07 14:53:18,487 [INFO] Step 1140/4865 | Loss: 0.9742 | Acc: 0.7500 | LR: 1.43e-05
2026-01-07 14:53:25,833 [INFO] Step 1160/4865 | Loss: 1.2564 | Acc: 0.5000 | LR: 1.42e-05
2026-01-07 14:53:33,106 [INFO] Step 1180/4865 | Loss: 1.0899 | Acc: 0.7500 | LR: 1.42e-05
2026-01-07 14:53:40,797 [INFO] Step 1200/4865 | Loss: 0.9336 | Acc: 0.7500 | LR: 1.41e-05
2026-01-07 14:53:51,815 [INFO] [EVAL] Step 1200 | Val Loss: 0.5981 | Val Acc: 0.8194
2026-01-07 14:53:51,821 [INFO] New best validation accuracy: 0.8194
2026-01-07 14:53:59,278 [INFO] Step 1220/4865 | Loss: 1.0419 | Acc: 0.6875 | LR: 1.41e-05
2026-01-07 14:54:06,577 [INFO] Step 1240/4865 | Loss: 0.8720 | Acc: 0.8750 | LR: 1.40e-05
2026-01-07 14:54:13,594 [INFO] Step 1260/4865 | Loss: 1.5468 | Acc: 0.4375 | LR: 1.40e-05
2026-01-07 14:54:16,948 [WARNING] Skipping batch due to non-finite loss at step=1269 (loss=nan, epoch=2).
2026-01-07 14:54:21,547 [INFO] Step 1280/4865 | Loss: 0.9663 | Acc: 0.7500 | LR: 1.39e-05
2026-01-07 14:54:30,161 [INFO] Step 1300/4865 | Loss: 1.0929 | Acc: 0.6875 | LR: 1.39e-05
2026-01-07 14:54:41,211 [INFO] [EVAL] Step 1300 | Val Loss: 0.6267 | Val Acc: 0.8037
2026-01-07 14:54:46,986 [WARNING] Skipping batch due to non-finite loss at step=1314 (loss=nan, epoch=2).
2026-01-07 14:54:49,016 [INFO] Step 1320/4865 | Loss: 0.9354 | Acc: 0.6875 | LR: 1.38e-05
2026-01-07 14:54:52,644 [WARNING] Skipping batch due to non-finite loss at step=1330 (loss=nan, epoch=2).
2026-01-07 14:54:56,296 [INFO] Step 1340/4865 | Loss: 1.3015 | Acc: 0.4375 | LR: 1.38e-05
2026-01-07 14:55:03,717 [INFO] Step 1360/4865 | Loss: 0.9507 | Acc: 0.7500 | LR: 1.37e-05
2026-01-07 14:55:10,739 [INFO] Step 1380/4865 | Loss: 1.3692 | Acc: 0.5625 | LR: 1.36e-05
2026-01-07 14:55:18,322 [INFO] Step 1400/4865 | Loss: 0.7362 | Acc: 0.8125 | LR: 1.36e-05
2026-01-07 14:55:29,203 [INFO] [EVAL] Step 1400 | Val Loss: 0.5419 | Val Acc: 0.8350
2026-01-07 14:55:29,208 [INFO] New best validation accuracy: 0.8350
2026-01-07 14:55:36,976 [INFO] Step 1420/4865 | Loss: 0.8541 | Acc: 0.8750 | LR: 1.35e-05
2026-01-07 14:55:44,034 [WARNING] Skipping batch due to non-finite loss at step=1439 (loss=nan, epoch=2).
2026-01-07 14:55:44,440 [INFO] Step 1440/4865 | Loss: 1.0702 | Acc: 0.7500 | LR: 1.35e-05
2026-01-07 14:55:51,394 [INFO] Step 1460/4865 | Loss: 0.9117 | Acc: 0.7500 | LR: 1.34e-05
2026-01-07 14:55:58,811 [INFO] Step 1480/4865 | Loss: 1.0870 | Acc: 0.6875 | LR: 1.33e-05
2026-01-07 14:56:06,571 [INFO] Step 1500/4865 | Loss: 1.1130 | Acc: 0.6875 | LR: 1.33e-05
2026-01-07 14:56:17,485 [INFO] [EVAL] Step 1500 | Val Loss: 0.5154 | Val Acc: 0.8450
2026-01-07 14:56:17,488 [INFO] New best validation accuracy: 0.8450
2026-01-07 14:56:24,733 [INFO] Step 1520/4865 | Loss: 1.0682 | Acc: 0.7500 | LR: 1.32e-05
2026-01-07 14:56:25,724 [WARNING] Skipping batch due to non-finite loss at step=1522 (loss=nan, epoch=2).
2026-01-07 14:56:32,303 [INFO] Step 1540/4865 | Loss: 1.1219 | Acc: 0.6875 | LR: 1.31e-05
2026-01-07 14:56:39,612 [INFO] Step 1560/4865 | Loss: 0.7909 | Acc: 0.8125 | LR: 1.31e-05
2026-01-07 14:56:42,407 [WARNING] Skipping batch due to non-finite loss at step=1567 (loss=nan, epoch=2).
2026-01-07 14:56:42,552 [WARNING] Skipping batch due to non-finite loss at step=1567 (loss=nan, epoch=2).
2026-01-07 14:56:47,256 [INFO] Step 1580/4865 | Loss: 0.9404 | Acc: 0.7500 | LR: 1.30e-05
2026-01-07 14:56:55,102 [INFO] Step 1600/4865 | Loss: 0.6570 | Acc: 0.8750 | LR: 1.29e-05
2026-01-07 14:57:05,874 [INFO] [EVAL] Step 1600 | Val Loss: 0.5217 | Val Acc: 0.8462
2026-01-07 14:57:05,880 [INFO] New best validation accuracy: 0.8462
2026-01-07 14:57:13,325 [INFO] Step 1620/4865 | Loss: 0.6597 | Acc: 0.9375 | LR: 1.28e-05
2026-01-07 14:57:20,482 [INFO] Step 1640/4865 | Loss: 0.8561 | Acc: 0.8125 | LR: 1.28e-05
2026-01-07 14:57:27,548 [INFO] Step 1660/4865 | Loss: 0.9320 | Acc: 0.6875 | LR: 1.27e-05
2026-01-07 14:57:34,872 [INFO] Step 1680/4865 | Loss: 1.1740 | Acc: 0.6875 | LR: 1.26e-05
2026-01-07 14:57:42,829 [INFO] Step 1700/4865 | Loss: 0.9946 | Acc: 0.7500 | LR: 1.26e-05
2026-01-07 14:57:53,825 [INFO] [EVAL] Step 1700 | Val Loss: 0.5314 | Val Acc: 0.8363
2026-01-07 14:58:00,923 [INFO] Step 1720/4865 | Loss: 0.7531 | Acc: 0.8750 | LR: 1.25e-05
2026-01-07 14:58:08,098 [INFO] Step 1740/4865 | Loss: 0.9530 | Acc: 0.6875 | LR: 1.24e-05
2026-01-07 14:58:15,082 [INFO] Step 1760/4865 | Loss: 0.5805 | Acc: 1.0000 | LR: 1.23e-05
2026-01-07 14:58:22,179 [INFO] Step 1780/4865 | Loss: 0.8911 | Acc: 0.7500 | LR: 1.22e-05
2026-01-07 14:58:29,744 [INFO] Step 1800/4865 | Loss: 0.7319 | Acc: 0.8750 | LR: 1.22e-05
2026-01-07 14:58:40,632 [INFO] [EVAL] Step 1800 | Val Loss: 0.4932 | Val Acc: 0.8488
2026-01-07 14:58:40,636 [INFO] New best validation accuracy: 0.8488
2026-01-07 14:58:47,881 [INFO] Step 1820/4865 | Loss: 0.7268 | Acc: 0.8750 | LR: 1.21e-05
2026-01-07 14:58:55,065 [INFO] Step 1840/4865 | Loss: 0.8533 | Acc: 0.8125 | LR: 1.20e-05
2026-01-07 14:59:02,362 [INFO] Step 1860/4865 | Loss: 1.3290 | Acc: 0.6250 | LR: 1.19e-05
2026-01-07 14:59:09,671 [INFO] Step 1880/4865 | Loss: 1.0271 | Acc: 0.8125 | LR: 1.18e-05
2026-01-07 14:59:14,079 [WARNING] Skipping batch due to non-finite loss at step=1891 (loss=nan, epoch=2).
2026-01-07 14:59:17,870 [INFO] Step 1900/4865 | Loss: 0.8064 | Acc: 0.7500 | LR: 1.17e-05
2026-01-07 14:59:28,807 [INFO] [EVAL] Step 1900 | Val Loss: 0.4973 | Val Acc: 0.8519
2026-01-07 14:59:28,818 [INFO] New best validation accuracy: 0.8519
2026-01-07 14:59:36,236 [INFO] Step 1920/4865 | Loss: 0.7088 | Acc: 0.8750 | LR: 1.17e-05
2026-01-07 14:59:38,900 [INFO] Epoch 2 complete | Avg Loss: 0.9771 | Avg Acc: 0.7322 | Updates: 963 | Micro-batches: 971 | Skipped: 8 (loss=8, logits=0, grads=0)
2026-01-07 14:59:38,900 [INFO] Epoch 3/5
2026-01-07 14:59:43,382 [INFO] Step 1940/4865 | Loss: 1.0482 | Acc: 0.6250 | LR: 1.16e-05
2026-01-07 14:59:50,679 [INFO] Step 1960/4865 | Loss: 0.8229 | Acc: 0.8750 | LR: 1.15e-05
2026-01-07 14:59:57,876 [INFO] Step 1980/4865 | Loss: 0.9312 | Acc: 0.6875 | LR: 1.14e-05
2026-01-07 15:00:05,715 [INFO] Step 2000/4865 | Loss: 0.9462 | Acc: 0.7500 | LR: 1.13e-05
2026-01-07 15:00:16,504 [INFO] [EVAL] Step 2000 | Val Loss: 0.4730 | Val Acc: 0.8562
2026-01-07 15:00:16,508 [INFO] New best validation accuracy: 0.8562
2026-01-07 15:00:24,054 [INFO] Step 2020/4865 | Loss: 0.7250 | Acc: 0.8750 | LR: 1.12e-05
2026-01-07 15:00:31,280 [INFO] Step 2040/4865 | Loss: 0.8868 | Acc: 0.8125 | LR: 1.11e-05
2026-01-07 15:00:38,501 [INFO] Step 2060/4865 | Loss: 0.8293 | Acc: 0.8125 | LR: 1.10e-05
2026-01-07 15:00:45,786 [INFO] Step 2080/4865 | Loss: 1.0150 | Acc: 0.6875 | LR: 1.09e-05
2026-01-07 15:00:45,998 [WARNING] Skipping batch due to non-finite loss at step=2080 (loss=nan, epoch=3).
2026-01-07 15:00:54,059 [INFO] Step 2100/4865 | Loss: 0.8321 | Acc: 0.8125 | LR: 1.09e-05
2026-01-07 15:01:05,200 [INFO] [EVAL] Step 2100 | Val Loss: 0.4670 | Val Acc: 0.8606
2026-01-07 15:01:05,205 [INFO] New best validation accuracy: 0.8606
2026-01-07 15:01:12,820 [INFO] Step 2120/4865 | Loss: 0.7374 | Acc: 0.8750 | LR: 1.08e-05
2026-01-07 15:01:19,909 [INFO] Step 2140/4865 | Loss: 0.7773 | Acc: 0.8125 | LR: 1.07e-05
2026-01-07 15:01:26,871 [INFO] Step 2160/4865 | Loss: 0.9091 | Acc: 0.7500 | LR: 1.06e-05
2026-01-07 15:01:34,050 [INFO] Step 2180/4865 | Loss: 0.8952 | Acc: 0.7500 | LR: 1.05e-05
2026-01-07 15:01:41,616 [INFO] Step 2200/4865 | Loss: 0.6679 | Acc: 0.8750 | LR: 1.04e-05
2026-01-07 15:01:52,657 [INFO] [EVAL] Step 2200 | Val Loss: 0.4580 | Val Acc: 0.8588
2026-01-07 15:02:00,338 [INFO] Step 2220/4865 | Loss: 0.7742 | Acc: 0.8750 | LR: 1.03e-05
2026-01-07 15:02:07,982 [INFO] Step 2240/4865 | Loss: 0.5832 | Acc: 0.9375 | LR: 1.02e-05
2026-01-07 15:02:14,866 [INFO] Step 2260/4865 | Loss: 0.8545 | Acc: 0.8125 | LR: 1.01e-05
2026-01-07 15:02:21,967 [INFO] Step 2280/4865 | Loss: 0.8896 | Acc: 0.7500 | LR: 1.00e-05
2026-01-07 15:02:29,540 [INFO] Step 2300/4865 | Loss: 0.8301 | Acc: 0.8750 | LR: 9.91e-06
2026-01-07 15:02:40,529 [INFO] [EVAL] Step 2300 | Val Loss: 0.4768 | Val Acc: 0.8606
2026-01-07 15:02:48,049 [INFO] Step 2320/4865 | Loss: 0.6838 | Acc: 0.8750 | LR: 9.81e-06
2026-01-07 15:02:55,165 [INFO] Step 2340/4865 | Loss: 0.8718 | Acc: 0.8125 | LR: 9.71e-06
2026-01-07 15:03:02,748 [INFO] Step 2360/4865 | Loss: 1.1690 | Acc: 0.7500 | LR: 9.62e-06
2026-01-07 15:03:09,637 [INFO] Step 2380/4865 | Loss: 0.5327 | Acc: 0.9375 | LR: 9.52e-06
2026-01-07 15:03:16,845 [INFO] Step 2400/4865 | Loss: 0.7491 | Acc: 0.8750 | LR: 9.42e-06
2026-01-07 15:03:27,613 [INFO] [EVAL] Step 2400 | Val Loss: 0.4624 | Val Acc: 0.8675
2026-01-07 15:03:27,617 [INFO] New best validation accuracy: 0.8675
2026-01-07 15:03:34,876 [INFO] Step 2420/4865 | Loss: 0.8711 | Acc: 0.7500 | LR: 9.32e-06
2026-01-07 15:03:37,735 [WARNING] Skipping batch due to non-finite loss at step=2427 (loss=nan, epoch=3).
2026-01-07 15:03:42,295 [INFO] Step 2440/4865 | Loss: 0.8776 | Acc: 0.8750 | LR: 9.22e-06
2026-01-07 15:03:49,545 [INFO] Step 2460/4865 | Loss: 0.4655 | Acc: 1.0000 | LR: 9.12e-06
2026-01-07 15:03:56,550 [INFO] Step 2480/4865 | Loss: 1.0490 | Acc: 0.6875 | LR: 9.02e-06
2026-01-07 15:04:04,429 [INFO] Step 2500/4865 | Loss: 1.1177 | Acc: 0.6250 | LR: 8.92e-06
2026-01-07 15:04:15,371 [INFO] [EVAL] Step 2500 | Val Loss: 0.4750 | Val Acc: 0.8550
2026-01-07 15:04:22,551 [INFO] Step 2520/4865 | Loss: 0.9024 | Acc: 0.8125 | LR: 8.82e-06
2026-01-07 15:04:29,884 [INFO] Step 2540/4865 | Loss: 0.6691 | Acc: 0.8750 | LR: 8.72e-06
2026-01-07 15:04:37,140 [INFO] Step 2560/4865 | Loss: 0.6543 | Acc: 0.8125 | LR: 8.62e-06
2026-01-07 15:04:44,528 [INFO] Step 2580/4865 | Loss: 1.2920 | Acc: 0.6250 | LR: 8.52e-06
2026-01-07 15:04:52,150 [INFO] Step 2600/4865 | Loss: 1.3226 | Acc: 0.5000 | LR: 8.42e-06
2026-01-07 15:05:03,226 [INFO] [EVAL] Step 2600 | Val Loss: 0.4463 | Val Acc: 0.8644
2026-01-07 15:05:10,448 [INFO] Step 2620/4865 | Loss: 0.7028 | Acc: 0.8750 | LR: 8.32e-06
2026-01-07 15:05:17,830 [INFO] Step 2640/4865 | Loss: 1.1235 | Acc: 0.6875 | LR: 8.22e-06
2026-01-07 15:05:25,079 [INFO] Step 2660/4865 | Loss: 0.9554 | Acc: 0.7500 | LR: 8.12e-06
2026-01-07 15:05:32,190 [INFO] Step 2680/4865 | Loss: 0.7709 | Acc: 0.8750 | LR: 8.02e-06
2026-01-07 15:05:40,377 [INFO] Step 2700/4865 | Loss: 0.8161 | Acc: 0.8125 | LR: 7.92e-06
2026-01-07 15:05:51,270 [INFO] [EVAL] Step 2700 | Val Loss: 0.4262 | Val Acc: 0.8750
2026-01-07 15:05:51,276 [INFO] New best validation accuracy: 0.8750
2026-01-07 15:05:58,497 [INFO] Step 2720/4865 | Loss: 0.7100 | Acc: 0.9375 | LR: 7.82e-06
2026-01-07 15:06:05,798 [INFO] Step 2740/4865 | Loss: 0.8208 | Acc: 0.8125 | LR: 7.72e-06
2026-01-07 15:06:12,787 [INFO] Step 2760/4865 | Loss: 0.7074 | Acc: 0.8125 | LR: 7.61e-06
2026-01-07 15:06:20,685 [INFO] Step 2780/4865 | Loss: 1.2077 | Acc: 0.6250 | LR: 7.51e-06
2026-01-07 15:06:28,397 [INFO] Step 2800/4865 | Loss: 0.5103 | Acc: 1.0000 | LR: 7.41e-06
2026-01-07 15:06:39,374 [INFO] [EVAL] Step 2800 | Val Loss: 0.4433 | Val Acc: 0.8756
2026-01-07 15:06:39,380 [INFO] New best validation accuracy: 0.8756
2026-01-07 15:06:42,309 [WARNING] Skipping batch due to non-finite loss at step=2807 (loss=nan, epoch=3).
2026-01-07 15:06:46,986 [INFO] Step 2820/4865 | Loss: 0.8215 | Acc: 0.8750 | LR: 7.31e-06
2026-01-07 15:06:54,349 [INFO] Step 2840/4865 | Loss: 0.9207 | Acc: 0.7500 | LR: 7.21e-06
2026-01-07 15:07:01,478 [INFO] Step 2860/4865 | Loss: 0.5891 | Acc: 0.9375 | LR: 7.11e-06
2026-01-07 15:07:09,115 [INFO] Step 2880/4865 | Loss: 0.8067 | Acc: 0.8125 | LR: 7.01e-06
2026-01-07 15:07:14,605 [INFO] Epoch 3 complete | Avg Loss: 0.8803 | Avg Acc: 0.7831 | Updates: 968 | Micro-batches: 971 | Skipped: 3 (loss=3, logits=0, grads=0)
2026-01-07 15:07:14,605 [INFO] Epoch 4/5
2026-01-07 15:07:16,707 [INFO] Step 2900/4865 | Loss: 1.0910 | Acc: 0.7500 | LR: 6.91e-06
2026-01-07 15:07:27,673 [INFO] [EVAL] Step 2900 | Val Loss: 0.4465 | Val Acc: 0.8738
2026-01-07 15:07:35,055 [INFO] Step 2920/4865 | Loss: 0.7678 | Acc: 0.9375 | LR: 6.81e-06
2026-01-07 15:07:42,738 [INFO] Step 2940/4865 | Loss: 0.8733 | Acc: 0.7500 | LR: 6.72e-06
2026-01-07 15:07:49,557 [WARNING] Skipping batch due to non-finite loss at step=2958 (loss=nan, epoch=4).
2026-01-07 15:07:50,224 [INFO] Step 2960/4865 | Loss: 0.8621 | Acc: 0.8125 | LR: 6.62e-06
2026-01-07 15:07:57,060 [INFO] Step 2980/4865 | Loss: 0.8177 | Acc: 0.7500 | LR: 6.52e-06
2026-01-07 15:08:04,853 [INFO] Step 3000/4865 | Loss: 1.0987 | Acc: 0.6250 | LR: 6.42e-06
2026-01-07 15:08:15,850 [INFO] [EVAL] Step 3000 | Val Loss: 0.4311 | Val Acc: 0.8812
2026-01-07 15:08:15,861 [INFO] New best validation accuracy: 0.8812
2026-01-07 15:08:20,485 [WARNING] Skipping batch due to non-finite loss at step=3012 (loss=nan, epoch=4).
2026-01-07 15:08:23,260 [INFO] Step 3020/4865 | Loss: 1.0710 | Acc: 0.6875 | LR: 6.32e-06
2026-01-07 15:08:30,395 [INFO] Step 3040/4865 | Loss: 0.7523 | Acc: 0.8750 | LR: 6.22e-06
2026-01-07 15:08:37,765 [INFO] Step 3060/4865 | Loss: 0.8798 | Acc: 0.8750 | LR: 6.13e-06
2026-01-07 15:08:45,193 [INFO] Step 3080/4865 | Loss: 1.1827 | Acc: 0.6875 | LR: 6.03e-06
2026-01-07 15:08:52,948 [INFO] Step 3100/4865 | Loss: 0.9700 | Acc: 0.6250 | LR: 5.93e-06
2026-01-07 15:09:04,123 [INFO] [EVAL] Step 3100 | Val Loss: 0.4313 | Val Acc: 0.8775
2026-01-07 15:09:11,609 [INFO] Step 3120/4865 | Loss: 0.6275 | Acc: 0.9375 | LR: 5.84e-06
2026-01-07 15:09:19,212 [INFO] Step 3140/4865 | Loss: 1.0226 | Acc: 0.7500 | LR: 5.74e-06
2026-01-07 15:09:26,413 [INFO] Step 3160/4865 | Loss: 0.8188 | Acc: 0.8125 | LR: 5.65e-06
2026-01-07 15:09:33,819 [INFO] Step 3180/4865 | Loss: 0.8492 | Acc: 0.7500 | LR: 5.55e-06
2026-01-07 15:09:41,779 [INFO] Step 3200/4865 | Loss: 0.5835 | Acc: 1.0000 | LR: 5.46e-06
2026-01-07 15:09:52,925 [INFO] [EVAL] Step 3200 | Val Loss: 0.4341 | Val Acc: 0.8788
2026-01-07 15:10:00,183 [INFO] Step 3220/4865 | Loss: 0.7850 | Acc: 0.8750 | LR: 5.36e-06
2026-01-07 15:10:07,289 [INFO] Step 3240/4865 | Loss: 1.0654 | Acc: 0.6875 | LR: 5.27e-06
2026-01-07 15:10:14,775 [INFO] Step 3260/4865 | Loss: 0.6326 | Acc: 0.8750 | LR: 5.18e-06
2026-01-07 15:10:21,865 [INFO] Step 3280/4865 | Loss: 0.9684 | Acc: 0.7500 | LR: 5.09e-06
2026-01-07 15:10:29,716 [INFO] Step 3300/4865 | Loss: 0.7557 | Acc: 0.8750 | LR: 4.99e-06
2026-01-07 15:10:40,728 [INFO] [EVAL] Step 3300 | Val Loss: 0.4274 | Val Acc: 0.8775
2026-01-07 15:10:48,369 [INFO] Step 3320/4865 | Loss: 0.5845 | Acc: 0.9375 | LR: 4.90e-06
2026-01-07 15:10:55,485 [INFO] Step 3340/4865 | Loss: 0.8574 | Acc: 0.7500 | LR: 4.81e-06
2026-01-07 15:11:02,623 [INFO] Step 3360/4865 | Loss: 0.5821 | Acc: 0.9375 | LR: 4.72e-06
2026-01-07 15:11:09,577 [INFO] Step 3380/4865 | Loss: 0.8995 | Acc: 0.8125 | LR: 4.64e-06
2026-01-07 15:11:17,283 [INFO] Step 3400/4865 | Loss: 0.7905 | Acc: 0.8125 | LR: 4.55e-06
2026-01-07 15:11:28,145 [INFO] [EVAL] Step 3400 | Val Loss: 0.4231 | Val Acc: 0.8794
2026-01-07 15:11:35,576 [INFO] Step 3420/4865 | Loss: 0.8354 | Acc: 0.8750 | LR: 4.46e-06
2026-01-07 15:11:42,808 [INFO] Step 3440/4865 | Loss: 0.9832 | Acc: 0.7500 | LR: 4.37e-06
2026-01-07 15:11:50,061 [INFO] Step 3460/4865 | Loss: 0.8215 | Acc: 0.8750 | LR: 4.29e-06
2026-01-07 15:11:57,133 [INFO] Step 3480/4865 | Loss: 0.8065 | Acc: 0.7500 | LR: 4.20e-06
2026-01-07 15:12:05,106 [INFO] Step 3500/4865 | Loss: 0.8544 | Acc: 0.8750 | LR: 4.12e-06
2026-01-07 15:12:16,089 [INFO] [EVAL] Step 3500 | Val Loss: 0.4176 | Val Acc: 0.8769
2026-01-07 15:12:23,316 [INFO] Step 3520/4865 | Loss: 0.7686 | Acc: 0.8125 | LR: 4.04e-06
2026-01-07 15:12:30,442 [INFO] Step 3540/4865 | Loss: 0.6570 | Acc: 0.9375 | LR: 3.95e-06
2026-01-07 15:12:37,479 [INFO] Step 3560/4865 | Loss: 0.7650 | Acc: 0.8750 | LR: 3.87e-06
2026-01-07 15:12:42,958 [WARNING] Skipping batch due to non-finite loss at step=3575 (loss=nan, epoch=4).
2026-01-07 15:12:44,740 [INFO] Step 3580/4865 | Loss: 0.8500 | Acc: 0.7500 | LR: 3.79e-06
2026-01-07 15:12:52,484 [INFO] Step 3600/4865 | Loss: 1.1653 | Acc: 0.6250 | LR: 3.71e-06
2026-01-07 15:13:03,610 [INFO] [EVAL] Step 3600 | Val Loss: 0.4189 | Val Acc: 0.8769
2026-01-07 15:13:10,880 [INFO] Step 3620/4865 | Loss: 0.7709 | Acc: 0.8125 | LR: 3.63e-06
2026-01-07 15:13:18,044 [INFO] Step 3640/4865 | Loss: 0.6436 | Acc: 0.8750 | LR: 3.55e-06
2026-01-07 15:13:23,887 [WARNING] Skipping batch due to non-finite loss at step=3656 (loss=nan, epoch=4).
2026-01-07 15:13:25,214 [INFO] Step 3660/4865 | Loss: 0.7387 | Acc: 0.8750 | LR: 3.48e-06
2026-01-07 15:13:32,532 [INFO] Step 3680/4865 | Loss: 0.7458 | Acc: 0.7500 | LR: 3.40e-06
2026-01-07 15:13:38,103 [WARNING] Skipping batch due to non-finite loss at step=3695 (loss=nan, epoch=4).
2026-01-07 15:13:40,436 [INFO] Step 3700/4865 | Loss: 1.0720 | Acc: 0.7500 | LR: 3.32e-06
2026-01-07 15:13:51,839 [INFO] [EVAL] Step 3700 | Val Loss: 0.4133 | Val Acc: 0.8781
2026-01-07 15:13:59,529 [INFO] Step 3720/4865 | Loss: 1.0372 | Acc: 0.8125 | LR: 3.25e-06
2026-01-07 15:14:07,048 [INFO] Step 3740/4865 | Loss: 1.0297 | Acc: 0.7500 | LR: 3.18e-06
2026-01-07 15:14:14,232 [INFO] Step 3760/4865 | Loss: 1.0842 | Acc: 0.7500 | LR: 3.10e-06
2026-01-07 15:14:22,232 [INFO] Step 3780/4865 | Loss: 0.7270 | Acc: 0.8750 | LR: 3.03e-06
2026-01-07 15:14:30,956 [INFO] Step 3800/4865 | Loss: 0.8686 | Acc: 0.7500 | LR: 2.96e-06
2026-01-07 15:14:41,891 [INFO] [EVAL] Step 3800 | Val Loss: 0.4219 | Val Acc: 0.8762
2026-01-07 15:14:43,749 [WARNING] Skipping batch due to non-finite loss at step=3804 (loss=nan, epoch=4).
2026-01-07 15:14:49,835 [INFO] Step 3820/4865 | Loss: 0.8371 | Acc: 0.8125 | LR: 2.89e-06
2026-01-07 15:14:57,248 [INFO] Step 3840/4865 | Loss: 0.8644 | Acc: 0.7500 | LR: 2.82e-06
2026-01-07 15:15:04,685 [INFO] Step 3860/4865 | Loss: 0.6525 | Acc: 0.8750 | LR: 2.76e-06
2026-01-07 15:15:05,046 [INFO] Epoch 4 complete | Avg Loss: 0.8439 | Avg Acc: 0.8001 | Updates: 965 | Micro-batches: 971 | Skipped: 6 (loss=6, logits=0, grads=0)
2026-01-07 15:15:05,046 [INFO] Epoch 5/5
2026-01-07 15:15:11,604 [INFO] Step 3880/4865 | Loss: 0.7869 | Acc: 0.8125 | LR: 2.69e-06
2026-01-07 15:15:20,219 [INFO] Step 3900/4865 | Loss: 0.9156 | Acc: 0.8125 | LR: 2.62e-06
2026-01-07 15:15:31,204 [INFO] [EVAL] Step 3900 | Val Loss: 0.4047 | Val Acc: 0.8844
2026-01-07 15:15:31,211 [INFO] New best validation accuracy: 0.8844
2026-01-07 15:15:34,432 [WARNING] Skipping batch due to non-finite loss at step=3907 (loss=nan, epoch=5).
2026-01-07 15:15:39,688 [INFO] Step 3920/4865 | Loss: 0.7069 | Acc: 0.9375 | LR: 2.56e-06
2026-01-07 15:15:47,811 [INFO] Step 3940/4865 | Loss: 1.1217 | Acc: 0.6875 | LR: 2.50e-06
2026-01-07 15:15:56,173 [INFO] Step 3960/4865 | Loss: 0.8880 | Acc: 0.8125 | LR: 2.44e-06
2026-01-07 15:16:03,919 [INFO] Step 3980/4865 | Loss: 1.1278 | Acc: 0.6875 | LR: 2.38e-06
2026-01-07 15:16:12,356 [INFO] Step 4000/4865 | Loss: 0.6969 | Acc: 0.9375 | LR: 2.32e-06
2026-01-07 15:16:23,241 [INFO] [EVAL] Step 4000 | Val Loss: 0.4095 | Val Acc: 0.8800
2026-01-07 15:16:31,336 [INFO] Step 4020/4865 | Loss: 1.0891 | Acc: 0.6875 | LR: 2.26e-06
2026-01-07 15:16:39,115 [INFO] Step 4040/4865 | Loss: 0.7207 | Acc: 0.7500 | LR: 2.20e-06
2026-01-07 15:16:46,837 [INFO] Step 4060/4865 | Loss: 0.7943 | Acc: 0.8125 | LR: 2.15e-06
2026-01-07 15:16:54,927 [INFO] Step 4080/4865 | Loss: 1.0453 | Acc: 0.7500 | LR: 2.09e-06
2026-01-07 15:17:03,365 [INFO] Step 4100/4865 | Loss: 0.9121 | Acc: 0.8125 | LR: 2.04e-06
2026-01-07 15:17:14,269 [INFO] [EVAL] Step 4100 | Val Loss: 0.4119 | Val Acc: 0.8794
2026-01-07 15:17:22,524 [INFO] Step 4120/4865 | Loss: 0.6643 | Acc: 0.8750 | LR: 1.98e-06
2026-01-07 15:17:30,892 [INFO] Step 4140/4865 | Loss: 0.6945 | Acc: 0.8750 | LR: 1.93e-06
2026-01-07 15:17:38,856 [INFO] Step 4160/4865 | Loss: 0.8144 | Acc: 0.8125 | LR: 1.88e-06
2026-01-07 15:17:47,007 [INFO] Step 4180/4865 | Loss: 0.5952 | Acc: 0.8750 | LR: 1.84e-06
2026-01-07 15:17:47,170 [WARNING] Skipping batch due to non-finite loss at step=4180 (loss=nan, epoch=5).
2026-01-07 15:17:55,580 [INFO] Step 4200/4865 | Loss: 1.0842 | Acc: 0.5625 | LR: 1.79e-06
2026-01-07 15:18:06,435 [INFO] [EVAL] Step 4200 | Val Loss: 0.4079 | Val Acc: 0.8819
2026-01-07 15:18:14,856 [INFO] Step 4220/4865 | Loss: 0.7550 | Acc: 0.8125 | LR: 1.74e-06
2026-01-07 15:18:23,129 [INFO] Step 4240/4865 | Loss: 0.6873 | Acc: 0.8750 | LR: 1.70e-06
2026-01-07 15:18:31,278 [INFO] Step 4260/4865 | Loss: 0.9070 | Acc: 0.8125 | LR: 1.66e-06
2026-01-07 15:18:39,398 [INFO] Step 4280/4865 | Loss: 0.8704 | Acc: 0.8125 | LR: 1.61e-06
2026-01-07 15:18:48,127 [INFO] Step 4300/4865 | Loss: 0.6659 | Acc: 0.8750 | LR: 1.57e-06
2026-01-07 15:18:59,102 [INFO] [EVAL] Step 4300 | Val Loss: 0.4110 | Val Acc: 0.8850
2026-01-07 15:18:59,106 [INFO] New best validation accuracy: 0.8850
2026-01-07 15:19:07,341 [INFO] Step 4320/4865 | Loss: 1.0990 | Acc: 0.6250 | LR: 1.53e-06
2026-01-07 15:19:14,398 [INFO] Step 4340/4865 | Loss: 0.8321 | Acc: 0.8125 | LR: 1.50e-06
Warning: Skipping sample 1116: shapes (80,257) and (0,) not aligned: 257 (dim 1) != 0 (dim 0)
Warning: Skipping sample 8648: shapes (80,257) and (0,) not aligned: 257 (dim 1) != 0 (dim 0)
Warning: Skipping sample 141: shapes (80,257) and (0,) not aligned: 257 (dim 1) != 0 (dim 0)
Warning: Skipping sample 4826: shapes (80,257) and (0,) not aligned: 257 (dim 1) != 0 (dim 0)
Warning: Skipping sample 4827: shapes (80,257) and (0,) not aligned: 257 (dim 1) != 0 (dim 0)
Warning: Skipping sample 8644: shapes (80,257) and (0,) not aligned: 257 (dim 1) != 0 (dim 0)
Warning: Skipping sample 8643: shapes (80,257) and (0,) not aligned: 257 (dim 1) != 0 (dim 0)
Warning: Skipping sample 12074: shapes (80,257) and (0,) not aligned: 257 (dim 1) != 0 (dim 0)
Warning: Skipping sample 12072: shapes (80,257) and (0,) not aligned: 257 (dim 1) != 0 (dim 0)
Warning: Skipping sample 4824: shapes (80,257) and (0,) not aligned: 257 (dim 1) != 0 (dim 0)
Warning: Skipping sample 4830: shapes (80,257) and (0,) not aligned: 257 (dim 1) != 0 (dim 0)
Warning: Skipping sample 7084: shapes (80,257) and (0,) not aligned: 257 (dim 1) != 0 (dim 0)
Warning: Skipping sample 4829: shapes (80,257) and (0,) not aligned: 257 (dim 1) != 0 (dim 0)
Warning: Skipping sample 12071: shapes (80,257) and (0,) not aligned: 257 (dim 1) != 0 (dim 0)
Warning: Skipping sample 6696: shapes (80,257) and (0,) not aligned: 257 (dim 1) != 0 (dim 0)
Warning: Skipping sample 4822: shapes (80,257) and (0,) not aligned: 257 (dim 1) != 0 (dim 0)
Warning: Skipping sample 4823: shapes (80,257) and (0,) not aligned: 257 (dim 1) != 0 (dim 0)
Warning: Skipping sample 6694: shapes (80,257) and (0,) not aligned: 257 (dim 1) != 0 (dim 0)
Warning: Skipping sample 4828: shapes (80,257) and (0,) not aligned: 257 (dim 1) != 0 (dim 0)
Warning: Skipping sample 4821: shapes (80,257) and (0,) not aligned: 257 (dim 1) != 0 (dim 0)
Warning: Skipping sample 6695: shapes (80,257) and (0,) not aligned: 257 (dim 1) != 0 (dim 0)
Warning: Skipping sample 4832: shapes (80,257) and (0,) not aligned: 257 (dim 1) != 0 (dim 0)
Warning: Skipping sample 1117: shapes (80,257) and (0,) not aligned: 257 (dim 1) != 0 (dim 0)
Warning: Skipping sample 12073: shapes (80,257) and (0,) not aligned: 257 (dim 1) != 0 (dim 0)
Warning: Skipping sample 4825: shapes (80,257) and (0,) not aligned: 257 (dim 1) != 0 (dim 0)
Warning: Skipping sample 12629: shapes (80,257) and (0,) not aligned: 257 (dim 1) != 0 (dim 0)
Warning: Skipping sample 8646: shapes (80,257) and (0,) not aligned: 257 (dim 1) != 0 (dim 0)
Warning: Skipping sample 12070: shapes (80,257) and (0,) not aligned: 257 (dim 1) != 0 (dim 0)
Warning: Skipping sample 6698: shapes (80,257) and (0,) not aligned: 257 (dim 1) != 0 (dim 0)
Warning: Skipping sample 84: shapes (80,257) and (0,) not aligned: 257 (dim 1) != 0 (dim 0)
Warning: Skipping sample 7088: shapes (80,257) and (0,) not aligned: 257 (dim 1) != 0 (dim 0)
Warning: Skipping sample 8647: shapes (80,257) and (0,) not aligned: 257 (dim 1) != 0 (dim 0)
Warning: Skipping sample 6697: shapes (80,257) and (0,) not aligned: 257 (dim 1) != 0 (dim 0)
Warning: Skipping sample 1118: shapes (80,257) and (0,) not aligned: 257 (dim 1) != 0 (dim 0)
Warning: Skipping sample 4831: shapes (80,257) and (0,) not aligned: 257 (dim 1) != 0 (dim 0)
Warning: Skipping sample 6693: shapes (80,257) and (0,) not aligned: 257 (dim 1) != 0 (dim 0)
Warning: Skipping sample 12616: shapes (80,257) and (0,) not aligned: 257 (dim 1) != 0 (dim 0)
Warning: Skipping sample 12075: shapes (80,257) and (0,) not aligned: 257 (dim 1) != 0 (dim 0)
Warning: Skipping sample 8645: shapes (80,257) and (0,) not aligned: 257 (dim 1) != 0 (dim 0)
Warning: Skipping sample 4831: shapes (80,257) and (0,) not aligned: 257 (dim 1) != 0 (dim 0)
Warning: Skipping sample 12072: shapes (80,257) and (0,) not aligned: 257 (dim 1) != 0 (dim 0)
Warning: Skipping sample 4823: shapes (80,257) and (0,) not aligned: 257 (dim 1) != 0 (dim 0)
Warning: Skipping sample 12073: shapes (80,257) and (0,) not aligned: 257 (dim 1) != 0 (dim 0)
Warning: Skipping sample 4821: shapes (80,257) and (0,) not aligned: 257 (dim 1) != 0 (dim 0)
Warning: Skipping sample 4830: shapes (80,257) and (0,) not aligned: 257 (dim 1) != 0 (dim 0)
Warning: Skipping sample 8648: shapes (80,257) and (0,) not aligned: 257 (dim 1) != 0 (dim 0)
Warning: Skipping sample 12075: shapes (80,257) and (0,) not aligned: 257 (dim 1) != 0 (dim 0)
Warning: Skipping sample 8643: shapes (80,257) and (0,) not aligned: 257 (dim 1) != 0 (dim 0)
Warning: Skipping sample 8644: shapes (80,257) and (0,) not aligned: 257 (dim 1) != 0 (dim 0)
Warning: Skipping sample 6694: shapes (80,257) and (0,) not aligned: 257 (dim 1) != 0 (dim 0)
Warning: Skipping sample 4828: shapes (80,257) and (0,) not aligned: 257 (dim 1) != 0 (dim 0)
Warning: Skipping sample 6697: shapes (80,257) and (0,) not aligned: 257 (dim 1) != 0 (dim 0)
Warning: Skipping sample 4826: shapes (80,257) and (0,) not aligned: 257 (dim 1) != 0 (dim 0)
Warning: Skipping sample 4829: shapes (80,257) and (0,) not aligned: 257 (dim 1) != 0 (dim 0)
Warning: Skipping sample 8645: shapes (80,257) and (0,) not aligned: 257 (dim 1) != 0 (dim 0)
Warning: Skipping sample 84: shapes (80,257) and (0,) not aligned: 257 (dim 1) != 0 (dim 0)
Warning: Skipping sample 1118: shapes (80,257) and (0,) not aligned: 257 (dim 1) != 0 (dim 0)
Warning: Skipping sample 4824: shapes (80,257) and (0,) not aligned: 257 (dim 1) != 0 (dim 0)
Warning: Skipping sample 4822: shapes (80,257) and (0,) not aligned: 257 (dim 1) != 0 (dim 0)
Warning: Skipping sample 7088: shapes (80,257) and (0,) not aligned: 257 (dim 1) != 0 (dim 0)
Warning: Skipping sample 1117: shapes (80,257) and (0,) not aligned: 257 (dim 1) != 0 (dim 0)
Warning: Skipping sample 4832: shapes (80,257) and (0,) not aligned: 257 (dim 1) != 0 (dim 0)
Warning: Skipping sample 7084: shapes (80,257) and (0,) not aligned: 257 (dim 1) != 0 (dim 0)
Warning: Skipping sample 8646: shapes (80,257) and (0,) not aligned: 257 (dim 1) != 0 (dim 0)
Warning: Skipping sample 6693: shapes (80,257) and (0,) not aligned: 257 (dim 1) != 0 (dim 0)
Warning: Skipping sample 6695: shapes (80,257) and (0,) not aligned: 257 (dim 1) != 0 (dim 0)
Warning: Skipping sample 1116: shapes (80,257) and (0,) not aligned: 257 (dim 1) != 0 (dim 0)
Warning: Skipping sample 4827: shapes (80,257) and (0,) not aligned: 257 (dim 1) != 0 (dim 0)
Warning: Skipping sample 12616: shapes (80,257) and (0,) not aligned: 257 (dim 1) != 0 (dim 0)
Warning: Skipping sample 8647: shapes (80,257) and (0,) not aligned: 257 (dim 1) != 0 (dim 0)
Warning: Skipping sample 6698: shapes (80,257) and (0,) not aligned: 257 (dim 1) != 0 (dim 0)
Warning: Skipping sample 141: shapes (80,257) and (0,) not aligned: 257 (dim 1) != 0 (dim 0)
Warning: Skipping sample 12071: shapes (80,257) and (0,) not aligned: 257 (dim 1) != 0 (dim 0)
Warning: Skipping sample 6696: shapes (80,257) and (0,) not aligned: 257 (dim 1) != 0 (dim 0)
Warning: Skipping sample 4825: shapes (80,257) and (0,) not aligned: 257 (dim 1) != 0 (dim 0)
Warning: Skipping sample 12074: shapes (80,257) and (0,) not aligned: 257 (dim 1) != 0 (dim 0)
Warning: Skipping sample 12070: shapes (80,257) and (0,) not aligned: 257 (dim 1) != 0 (dim 0)
Warning: Skipping sample 12629: shapes (80,257) and (0,) not aligned: 257 (dim 1) != 0 (dim 0)
Warning: Skipping sample 141: shapes (80,257) and (0,) not aligned: 257 (dim 1) != 0 (dim 0)
Warning: Skipping sample 6698: shapes (80,257) and (0,) not aligned: 257 (dim 1) != 0 (dim 0)
Warning: Skipping sample 12071: shapes (80,257) and (0,) not aligned: 257 (dim 1) != 0 (dim 0)
Warning: Skipping sample 8644: shapes (80,257) and (0,) not aligned: 257 (dim 1) != 0 (dim 0)
Warning: Skipping sample 8645: shapes (80,257) and (0,) not aligned: 257 (dim 1) != 0 (dim 0)
Warning: Skipping sample 84: shapes (80,257) and (0,) not aligned: 257 (dim 1) != 0 (dim 0)
Warning: Skipping sample 4821: shapes (80,257) and (0,) not aligned: 257 (dim 1) != 0 (dim 0)
Warning: Skipping sample 12629: shapes (80,257) and (0,) not aligned: 257 (dim 1) != 0 (dim 0)
Warning: Skipping sample 12072: shapes (80,257) and (0,) not aligned: 257 (dim 1) != 0 (dim 0)
Warning: Skipping sample 4822: shapes (80,257) and (0,) not aligned: 257 (dim 1) != 0 (dim 0)2026-01-07 15:19:21,404 [INFO] Step 4360/4865 | Loss: 0.6323 | Acc: 0.9375 | LR: 1.46e-06
2026-01-07 15:19:28,644 [INFO] Step 4380/4865 | Loss: 0.9803 | Acc: 0.7500 | LR: 1.42e-06
2026-01-07 15:19:36,354 [INFO] Step 4400/4865 | Loss: 0.8613 | Acc: 0.8750 | LR: 1.39e-06
2026-01-07 15:19:47,256 [INFO] [EVAL] Step 4400 | Val Loss: 0.4169 | Val Acc: 0.8800
2026-01-07 15:19:54,625 [INFO] Step 4420/4865 | Loss: 0.5710 | Acc: 1.0000 | LR: 1.36e-06
2026-01-07 15:20:02,093 [INFO] Step 4440/4865 | Loss: 0.6730 | Acc: 0.9375 | LR: 1.33e-06
2026-01-07 15:20:09,076 [INFO] Step 4460/4865 | Loss: 0.8541 | Acc: 0.7500 | LR: 1.30e-06
2026-01-07 15:20:16,449 [INFO] Step 4480/4865 | Loss: 0.8253 | Acc: 0.8750 | LR: 1.27e-06
2026-01-07 15:20:24,361 [INFO] Step 4500/4865 | Loss: 0.6594 | Acc: 0.8750 | LR: 1.24e-06
2026-01-07 15:20:35,264 [INFO] [EVAL] Step 4500 | Val Loss: 0.4080 | Val Acc: 0.8850
2026-01-07 15:20:42,652 [INFO] Step 4520/4865 | Loss: 0.8597 | Acc: 0.8125 | LR: 1.22e-06
2026-01-07 15:20:49,474 [INFO] Step 4540/4865 | Loss: 0.9901 | Acc: 0.7500 | LR: 1.19e-06
2026-01-07 15:20:57,160 [INFO] Step 4560/4865 | Loss: 0.9044 | Acc: 0.8125 | LR: 1.17e-06
2026-01-07 15:21:04,359 [INFO] Step 4580/4865 | Loss: 1.0800 | Acc: 0.6250 | LR: 1.15e-06
2026-01-07 15:21:12,205 [INFO] Step 4600/4865 | Loss: 0.7376 | Acc: 0.8750 | LR: 1.13e-06
2026-01-07 15:21:23,329 [INFO] [EVAL] Step 4600 | Val Loss: 0.4070 | Val Acc: 0.8850
2026-01-07 15:21:30,939 [INFO] Step 4620/4865 | Loss: 0.7394 | Acc: 0.8125 | LR: 1.11e-06
2026-01-07 15:21:38,417 [INFO] Step 4640/4865 | Loss: 0.9806 | Acc: 0.8125 | LR: 1.09e-06
2026-01-07 15:21:38,898 [WARNING] Skipping batch due to non-finite loss at step=4641 (loss=nan, epoch=5).
2026-01-07 15:21:45,964 [INFO] Step 4660/4865 | Loss: 0.8420 | Acc: 0.8125 | LR: 1.08e-06
2026-01-07 15:21:52,975 [INFO] Step 4680/4865 | Loss: 0.7487 | Acc: 0.8125 | LR: 1.06e-06
2026-01-07 15:22:01,006 [INFO] Step 4700/4865 | Loss: 0.6626 | Acc: 0.9375 | LR: 1.05e-06
2026-01-07 15:22:11,997 [INFO] [EVAL] Step 4700 | Val Loss: 0.4024 | Val Acc: 0.8838
2026-01-07 15:22:19,574 [INFO] Step 4720/4865 | Loss: 0.6644 | Acc: 0.8750 | LR: 1.04e-06
2026-01-07 15:22:26,718 [INFO] Step 4740/4865 | Loss: 0.8851 | Acc: 0.8125 | LR: 1.03e-06
2026-01-07 15:22:33,759 [INFO] Step 4760/4865 | Loss: 0.9843 | Acc: 0.6250 | LR: 1.02e-06
2026-01-07 15:22:41,354 [INFO] Step 4780/4865 | Loss: 1.0351 | Acc: 0.8125 | LR: 1.01e-06
2026-01-07 15:22:48,618 [INFO] Step 4800/4865 | Loss: 0.9711 | Acc: 0.6250 | LR: 1.01e-06
2026-01-07 15:22:59,897 [INFO] [EVAL] Step 4800 | Val Loss: 0.4065 | Val Acc: 0.8831
2026-01-07 15:23:07,207 [INFO] Step 4820/4865 | Loss: 0.5898 | Acc: 1.0000 | LR: 1.00e-06
2026-01-07 15:23:10,262 [INFO] Epoch 5 complete | Avg Loss: 0.8262 | Avg Acc: 0.8084 | Updates: 968 | Micro-batches: 971 | Skipped: 3 (loss=3, logits=0, grads=0)
2026-01-07 15:23:21,337 [INFO] Final validation: Loss=0.4072, Acc=0.8831
2026-01-07 15:23:21,346 [INFO] Training completed in 2338.94s (0.65h)
2026-01-07 15:23:21,346 [INFO] Best validation accuracy: 0.8850

Warning: Skipping sample 7088: shapes (80,257) and (0,) not aligned: 257 (dim 1) != 0 (dim 0)
Warning: Skipping sample 12616: shapes (80,257) and (0,) not aligned: 257 (dim 1) != 0 (dim 0)
Warning: Skipping sample 8648: shapes (80,257) and (0,) not aligned: 257 (dim 1) != 0 (dim 0)
Warning: Skipping sample 4832: shapes (80,257) and (0,) not aligned: 257 (dim 1) != 0 (dim 0)
Warning: Skipping sample 4827: shapes (80,257) and (0,) not aligned: 257 (dim 1) != 0 (dim 0)
Warning: Skipping sample 7084: shapes (80,257) and (0,) not aligned: 257 (dim 1) != 0 (dim 0)
Warning: Skipping sample 6693: shapes (80,257) and (0,) not aligned: 257 (dim 1) != 0 (dim 0)
Warning: Skipping sample 6694: shapes (80,257) and (0,) not aligned: 257 (dim 1) != 0 (dim 0)
Warning: Skipping sample 6695: shapes (80,257) and (0,) not aligned: 257 (dim 1) != 0 (dim 0)
Warning: Skipping sample 8646: shapes (80,257) and (0,) not aligned: 257 (dim 1) != 0 (dim 0)
Warning: Skipping sample 4830: shapes (80,257) and (0,) not aligned: 257 (dim 1) != 0 (dim 0)
Warning: Skipping sample 12074: shapes (80,257) and (0,) not aligned: 257 (dim 1) != 0 (dim 0)
Warning: Skipping sample 4829: shapes (80,257) and (0,) not aligned: 257 (dim 1) != 0 (dim 0)
Warning: Skipping sample 8643: shapes (80,257) and (0,) not aligned: 257 (dim 1) != 0 (dim 0)
Warning: Skipping sample 4825: shapes (80,257) and (0,) not aligned: 257 (dim 1) != 0 (dim 0)
Warning: Skipping sample 8647: shapes (80,257) and (0,) not aligned: 257 (dim 1) != 0 (dim 0)
Warning: Skipping sample 4824: shapes (80,257) and (0,) not aligned: 257 (dim 1) != 0 (dim 0)
Warning: Skipping sample 1116: shapes (80,257) and (0,) not aligned: 257 (dim 1) != 0 (dim 0)
Warning: Skipping sample 6697: shapes (80,257) and (0,) not aligned: 257 (dim 1) != 0 (dim 0)
Warning: Skipping sample 4831: shapes (80,257) and (0,) not aligned: 257 (dim 1) != 0 (dim 0)
Warning: Skipping sample 4828: shapes (80,257) and (0,) not aligned: 257 (dim 1) != 0 (dim 0)
Warning: Skipping sample 12075: shapes (80,257) and (0,) not aligned: 257 (dim 1) != 0 (dim 0)
Warning: Skipping sample 1118: shapes (80,257) and (0,) not aligned: 257 (dim 1) != 0 (dim 0)
Warning: Skipping sample 4826: shapes (80,257) and (0,) not aligned: 257 (dim 1) != 0 (dim 0)
Warning: Skipping sample 12073: shapes (80,257) and (0,) not aligned: 257 (dim 1) != 0 (dim 0)
Warning: Skipping sample 4823: shapes (80,257) and (0,) not aligned: 257 (dim 1) != 0 (dim 0)
Warning: Skipping sample 1117: shapes (80,257) and (0,) not aligned: 257 (dim 1) != 0 (dim 0)
Warning: Skipping sample 12070: shapes (80,257) and (0,) not aligned: 257 (dim 1) != 0 (dim 0)
Warning: Skipping sample 6696: shapes (80,257) and (0,) not aligned: 257 (dim 1) != 0 (dim 0)
Warning: Skipping sample 7088: shapes (80,257) and (0,) not aligned: 257 (dim 1) != 0 (dim 0)
Warning: Skipping sample 1116: shapes (80,257) and (0,) not aligned: 257 (dim 1) != 0 (dim 0)
Warning: Skipping sample 6694: shapes (80,257) and (0,) not aligned: 257 (dim 1) != 0 (dim 0)
Warning: Skipping sample 4829: shapes (80,257) and (0,) not aligned: 257 (dim 1) != 0 (dim 0)
Warning: Skipping sample 12070: shapes (80,257) and (0,) not aligned: 257 (dim 1) != 0 (dim 0)
Warning: Skipping sample 4831: shapes (80,257) and (0,) not aligned: 257 (dim 1) != 0 (dim 0)
Warning: Skipping sample 6696: shapes (80,257) and (0,) not aligned: 257 (dim 1) != 0 (dim 0)
Warning: Skipping sample 12072: shapes (80,257) and (0,) not aligned: 257 (dim 1) != 0 (dim 0)
Warning: Skipping sample 6697: shapes (80,257) and (0,) not aligned: 257 (dim 1) != 0 (dim 0)
Warning: Skipping sample 4824: shapes (80,257) and (0,) not aligned: 257 (dim 1) != 0 (dim 0)
Warning: Skipping sample 1118: shapes (80,257) and (0,) not aligned: 257 (dim 1) != 0 (dim 0)
Warning: Skipping sample 4821: shapes (80,257) and (0,) not aligned: 257 (dim 1) != 0 (dim 0)
Warning: Skipping sample 8647: shapes (80,257) and (0,) not aligned: 257 (dim 1) != 0 (dim 0)
Warning: Skipping sample 12074: shapes (80,257) and (0,) not aligned: 257 (dim 1) != 0 (dim 0)
Warning: Skipping sample 12071: shapes (80,257) and (0,) not aligned: 257 (dim 1) != 0 (dim 0)
Warning: Skipping sample 8645: shapes (80,257) and (0,) not aligned: 257 (dim 1) != 0 (dim 0)
Warning: Skipping sample 8644: shapes (80,257) and (0,) not aligned: 257 (dim 1) != 0 (dim 0)
Warning: Skipping sample 7084: shapes (80,257) and (0,) not aligned: 257 (dim 1) != 0 (dim 0)
Warning: Skipping sample 6693: shapes (80,257) and (0,) not aligned: 257 (dim 1) != 0 (dim 0)
Warning: Skipping sample 141: shapes (80,257) and (0,) not aligned: 257 (dim 1) != 0 (dim 0)
Warning: Skipping sample 84: shapes (80,257) and (0,) not aligned: 257 (dim 1) != 0 (dim 0)
Warning: Skipping sample 6695: shapes (80,257) and (0,) not aligned: 257 (dim 1) != 0 (dim 0)
Warning: Skipping sample 1117: shapes (80,257) and (0,) not aligned: 257 (dim 1) != 0 (dim 0)
Warning: Skipping sample 4825: shapes (80,257) and (0,) not aligned: 257 (dim 1) != 0 (dim 0)
Warning: Skipping sample 4822: shapes (80,257) and (0,) not aligned: 257 (dim 1) != 0 (dim 0)
Warning: Skipping sample 8643: shapes (80,257) and (0,) not aligned: 257 (dim 1) != 0 (dim 0)
Warning: Skipping sample 6698: shapes (80,257) and (0,) not aligned: 257 (dim 1) != 0 (dim 0)
Warning: Skipping sample 4826: shapes (80,257) and (0,) not aligned: 257 (dim 1) != 0 (dim 0)
Warning: Skipping sample 4830: shapes (80,257) and (0,) not aligned: 257 (dim 1) != 0 (dim 0)
Warning: Skipping sample 12075: shapes (80,257) and (0,) not aligned: 257 (dim 1) != 0 (dim 0)
Warning: Skipping sample 12073: shapes (80,257) and (0,) not aligned: 257 (dim 1) != 0 (dim 0)
Warning: Skipping sample 4828: shapes (80,257) and (0,) not aligned: 257 (dim 1) != 0 (dim 0)
Warning: Skipping sample 8648: shapes (80,257) and (0,) not aligned: 257 (dim 1) != 0 (dim 0)
Warning: Skipping sample 12629: shapes (80,257) and (0,) not aligned: 257 (dim 1) != 0 (dim 0)
Warning: Skipping sample 12616: shapes (80,257) and (0,) not aligned: 257 (dim 1) != 0 (dim 0)
Warning: Skipping sample 4827: shapes (80,257) and (0,) not aligned: 257 (dim 1) != 0 (dim 0)
Warning: Skipping sample 8646: shapes (80,257) and (0,) not aligned: 257 (dim 1) != 0 (dim 0)
Warning: Skipping sample 4823: shapes (80,257) and (0,) not aligned: 257 (dim 1) != 0 (dim 0)
Warning: Skipping sample 4832: shapes (80,257) and (0,) not aligned: 257 (dim 1) != 0 (dim 0)
Warning: Skipping sample 4832: shapes (80,257) and (0,) not aligned: 257 (dim 1) != 0 (dim 0)
Warning: Skipping sample 4823: shapes (80,257) and (0,) not aligned: 257 (dim 1) != 0 (dim 0)
Warning: Skipping sample 4828: shapes (80,257) and (0,) not aligned: 257 (dim 1) != 0 (dim 0)
Warning: Skipping sample 4829: shapes (80,257) and (0,) not aligned: 257 (dim 1) != 0 (dim 0)
Warning: Skipping sample 8648: shapes (80,257) and (0,) not aligned: 257 (dim 1) != 0 (dim 0)
Warning: Skipping sample 4831: shapes (80,257) and (0,) not aligned: 257 (dim 1) != 0 (dim 0)
Warning: Skipping sample 7088: shapes (80,257) and (0,) not aligned: 257 (dim 1) != 0 (dim 0)
Warning: Skipping sample 4825: shapes (80,257) and (0,) not aligned: 257 (dim 1) != 0 (dim 0)
Warning: Skipping sample 1116: shapes (80,257) and (0,) not aligned: 257 (dim 1) != 0 (dim 0)
Warning: Skipping sample 12074: shapes (80,257) and (0,) not aligned: 257 (dim 1) != 0 (dim 0)
Warning: Skipping sample 6696: shapes (80,257) and (0,) not aligned: 257 (dim 1) != 0 (dim 0)
Warning: Skipping sample 8645: shapes (80,257) and (0,) not aligned: 257 (dim 1) != 0 (dim 0)
Warning: Skipping sample 12072: shapes (80,257) and (0,) not aligned: 257 (dim 1) != 0 (dim 0)
Warning: Skipping sample 1117: shapes (80,257) and (0,) not aligned: 257 (dim 1) != 0 (dim 0)
Warning: Skipping sample 4822: shapes (80,257) and (0,) not aligned: 257 (dim 1) != 0 (dim 0)
Warning: Skipping sample 6694: shapes (80,257) and (0,) not aligned: 257 (dim 1) != 0 (dim 0)
Warning: Skipping sample 12073: shapes (80,257) and (0,) not aligned: 257 (dim 1) != 0 (dim 0)
Warning: Skipping sample 7084: shapes (80,257) and (0,) not aligned: 257 (dim 1) != 0 (dim 0)
Warning: Skipping sample 4821: shapes (80,257) and (0,) not aligned: 257 (dim 1) != 0 (dim 0)
Warning: Skipping sample 12616: shapes (80,257) and (0,) not aligned: 257 (dim 1) != 0 (dim 0)
Warning: Skipping sample 6693: shapes (80,257) and (0,) not aligned: 257 (dim 1) != 0 (dim 0)
Warning: Skipping sample 6697: shapes (80,257) and (0,) not aligned: 257 (dim 1) != 0 (dim 0)
Warning: Skipping sample 1118: shapes (80,257) and (0,) not aligned: 257 (dim 1) != 0 (dim 0)
Warning: Skipping sample 8643: shapes (80,257) and (0,) not aligned: 257 (dim 1) != 0 (dim 0)
Warning: Skipping sample 84: shapes (80,257) and (0,) not aligned: 257 (dim 1) != 0 (dim 0)
Warning: Skipping sample 8644: shapes (80,257) and (0,) not aligned: 257 (dim 1) != 0 (dim 0)
Warning: Skipping sample 6698: shapes (80,257) and (0,) not aligned: 257 (dim 1) != 0 (dim 0)
Warning: Skipping sample 4830: shapes (80,257) and (0,) not aligned: 257 (dim 1) != 0 (dim 0)
Warning: Skipping sample 4826: shapes (80,257) and (0,) not aligned: 257 (dim 1) != 0 (dim 0)
Warning: Skipping sample 12070: shapes (80,257) and (0,) not aligned: 257 (dim 1) != 0 (dim 0)
Warning: Skipping sample 12071: shapes (80,257) and (0,) not aligned: 257 (dim 1) != 0 (dim 0)
Warning: Skipping sample 4824: shapes (80,257) and (0,) not aligned: 257 (dim 1) != 0 (dim 0)
Warning: Skipping sample 8647: shapes (80,257) and (0,) not aligned: 257 (dim 1) != 0 (dim 0)
Warning: Skipping sample 141: shapes (80,257) and (0,) not aligned: 257 (dim 1) != 0 (dim 0)
Warning: Skipping sample 6695: shapes (80,257) and (0,) not aligned: 257 (dim 1) != 0 (dim 0)
Warning: Skipping sample 8646: shapes (80,257) and (0,) not aligned: 257 (dim 1) != 0 (dim 0)
Warning: Skipping sample 12075: shapes (80,257) and (0,) not aligned: 257 (dim 1) != 0 (dim 0)
Warning: Skipping sample 4827: shapes (80,257) and (0,) not aligned: 257 (dim 1) != 0 (dim 0)
Warning: Skipping sample 12629: shapes (80,257) and (0,) not aligned: 257 (dim 1) != 0 (dim 0)
