/opt/homebrew/lib/python3.14/site-packages/webrtcvad.py:1: UserWarning: pkg_resources is deprecated as an API. See https://setuptools.pypa.io/en/latest/pkg_resources.html. The pkg_resources package is slated for removal as early as 2025-11-30. Refrain from using this package or pin to Setuptools<81.
  import pkg_resources
Train: 19734 samples
Val: 2193 samples
Cache-only mode: 9409/19734 samples (47.7% cached)
Cache-only mode: 0/2193 samples (0.0% cached)
WARNING: No cached validation samples. Validation will be skipped.
Using cached encoder features from: data/v3_multitask/encoder_cache
Prosody features: ENABLED (from cache)
Model parameters:
  Total: 3,294,728
  Encoder LoRA: 0
  Classification head: 3,294,728
  Converted model parameters to bfloat16
Loading weights from checkpoints/rich_decoder_v4/epoch_1.npz
  Loaded 6 weight tensors

============================================================
Training RichDecoder v4 (Optimized)
============================================================
  Epochs: 10
  Batch size: 4 x 4 = 16
  Total steps: 23530
  bfloat16: True
  Prefetch: 4 batches
  Early stopping: True (patience=3)

Epoch 1/10
  Step 50: loss=0.5051, acc=75.00%, lr=5.00e-06
  Step 100: loss=0.9028, acc=50.00%, lr=1.00e-05
  Step 150: loss=0.7690, acc=75.00%, lr=1.50e-05
  Step 200: loss=0.7415, acc=50.00%, lr=2.00e-05
  Step 250: loss=0.3106, acc=100.00%, lr=2.50e-05
  Step 300: loss=1.4648, acc=50.00%, lr=3.00e-05
  Step 350: loss=0.4011, acc=75.00%, lr=3.50e-05
  Step 400: loss=0.8626, acc=50.00%, lr=4.00e-05
  Step 450: loss=0.2378, acc=100.00%, lr=4.50e-05
  Step 500: loss=0.1731, acc=100.00%, lr=5.00e-05
  Step 550: loss=0.2871, acc=75.00%, lr=5.00e-05
  Step 600: loss=0.2324, acc=100.00%, lr=5.00e-05
  Step 650: loss=0.2185, acc=100.00%, lr=5.00e-05
  Step 700: loss=0.8850, acc=50.00%, lr=5.00e-05
  Step 750: loss=0.0599, acc=100.00%, lr=5.00e-05
  Step 800: loss=0.0406, acc=100.00%, lr=5.00e-05
  Step 850: loss=0.8408, acc=75.00%, lr=5.00e-05
  Step 900: loss=1.1572, acc=75.00%, lr=5.00e-05
  Step 950: loss=1.5634, acc=25.00%, lr=5.00e-05
  Step 1000: loss=0.4662, acc=75.00%, lr=4.99e-05
  Step 1050: loss=0.0334, acc=100.00%, lr=4.99e-05
  Step 1100: loss=0.8820, acc=75.00%, lr=4.99e-05
  Step 1150: loss=0.0730, acc=100.00%, lr=4.99e-05
  Step 1200: loss=0.6819, acc=75.00%, lr=4.99e-05
  Step 1250: loss=0.3341, acc=75.00%, lr=4.99e-05
  Step 1300: loss=1.4443, acc=50.00%, lr=4.99e-05
  Step 1350: loss=0.6465, acc=75.00%, lr=4.98e-05
  Step 1400: loss=0.6075, acc=75.00%, lr=4.98e-05
  Step 1450: loss=0.4011, acc=75.00%, lr=4.98e-05
  Step 1500: loss=0.9508, acc=75.00%, lr=4.98e-05
  Step 1550: loss=0.6922, acc=75.00%, lr=4.97e-05
  Step 1600: loss=1.0452, acc=50.00%, lr=4.97e-05
  Step 1650: loss=0.3154, acc=100.00%, lr=4.97e-05
  Step 1700: loss=0.1890, acc=100.00%, lr=4.97e-05
  Step 1750: loss=0.0634, acc=100.00%, lr=4.96e-05
  Step 1800: loss=0.3949, acc=75.00%, lr=4.96e-05
  Step 1850: loss=0.3126, acc=75.00%, lr=4.96e-05
  Step 1900: loss=0.0032, acc=100.00%, lr=4.96e-05
  Step 1950: loss=0.2461, acc=75.00%, lr=4.95e-05
  Step 2000: loss=0.4331, acc=75.00%, lr=4.95e-05
  Step 2050: loss=0.4115, acc=75.00%, lr=4.95e-05
  Step 2100: loss=0.0288, acc=100.00%, lr=4.94e-05
  Step 2150: loss=0.4737, acc=75.00%, lr=4.94e-05
  Step 2200: loss=0.2589, acc=100.00%, lr=4.93e-05
  Step 2250: loss=0.2733, acc=100.00%, lr=4.93e-05
  Step 2300: loss=0.3548, acc=100.00%, lr=4.93e-05
  Step 2350: loss=0.2083, acc=75.00%, lr=4.92e-05
  Epoch 1 complete: avg_loss=0.5670, time=76.7s
Epoch 2/10
  Step 2400: loss=0.3318, acc=75.00%, lr=4.92e-05
  Step 2450: loss=1.2023, acc=75.00%, lr=4.91e-05
  Step 2500: loss=0.1974, acc=100.00%, lr=4.91e-05
  Step 2550: loss=0.2414, acc=100.00%, lr=4.90e-05
  Step 2600: loss=0.1294, acc=100.00%, lr=4.90e-05
  Step 2650: loss=0.0006, acc=100.00%, lr=4.90e-05
  Step 2700: loss=1.3331, acc=75.00%, lr=4.89e-05
  Step 2750: loss=0.4540, acc=75.00%, lr=4.89e-05
  Step 2800: loss=0.1350, acc=100.00%, lr=4.88e-05
  Step 2850: loss=0.5816, acc=75.00%, lr=4.88e-05
  Step 2900: loss=0.4502, acc=75.00%, lr=4.87e-05
  Step 2950: loss=0.0055, acc=100.00%, lr=4.86e-05
  Step 3000: loss=1.0415, acc=75.00%, lr=4.86e-05
  Step 3050: loss=0.5994, acc=75.00%, lr=4.85e-05
  Step 3100: loss=0.3806, acc=75.00%, lr=4.85e-05
  Step 3150: loss=0.1007, acc=100.00%, lr=4.84e-05
  Step 3200: loss=0.2191, acc=100.00%, lr=4.84e-05
  Step 3250: loss=0.1240, acc=100.00%, lr=4.83e-05
  Step 3300: loss=0.7794, acc=75.00%, lr=4.82e-05
  Step 3350: loss=0.4647, acc=75.00%, lr=4.82e-05
  Step 3400: loss=0.9260, acc=50.00%, lr=4.81e-05
  Step 3450: loss=0.0089, acc=100.00%, lr=4.80e-05
  Step 3500: loss=0.1159, acc=100.00%, lr=4.80e-05
  Step 3550: loss=0.2970, acc=75.00%, lr=4.79e-05
  Step 3600: loss=0.1913, acc=100.00%, lr=4.78e-05
  Step 3650: loss=0.6773, acc=50.00%, lr=4.78e-05
  Step 3700: loss=0.0192, acc=100.00%, lr=4.77e-05
  Step 3750: loss=0.0738, acc=100.00%, lr=4.76e-05
  Step 3800: loss=0.0894, acc=100.00%, lr=4.76e-05
  Step 3850: loss=0.2871, acc=100.00%, lr=4.75e-05
  Step 3900: loss=0.7945, acc=75.00%, lr=4.74e-05
  Step 3950: loss=0.5185, acc=75.00%, lr=4.73e-05
  Step 4000: loss=0.8124, acc=75.00%, lr=4.73e-05
  Step 4050: loss=1.1633, acc=50.00%, lr=4.72e-05
  Step 4100: loss=0.6675, acc=75.00%, lr=4.71e-05
  Step 4150: loss=0.0139, acc=100.00%, lr=4.70e-05
  Step 4200: loss=0.0099, acc=100.00%, lr=4.69e-05
  Step 4250: loss=1.0073, acc=50.00%, lr=4.69e-05
  Step 4300: loss=0.2763, acc=100.00%, lr=4.68e-05
  Step 4350: loss=0.6097, acc=75.00%, lr=4.67e-05
  Step 4400: loss=0.3845, acc=75.00%, lr=4.66e-05
  Step 4450: loss=0.4461, acc=100.00%, lr=4.65e-05
  Step 4500: loss=0.0865, acc=100.00%, lr=4.64e-05
  Step 4550: loss=0.9000, acc=50.00%, lr=4.64e-05
  Step 4600: loss=0.2841, acc=75.00%, lr=4.63e-05
  Step 4650: loss=0.9960, acc=50.00%, lr=4.62e-05
  Step 4700: loss=0.2117, acc=100.00%, lr=4.61e-05
  Epoch 2 complete: avg_loss=0.4511, time=79.3s
Epoch 3/10
  Step 4750: loss=0.4694, acc=75.00%, lr=4.60e-05
  Step 4800: loss=0.0571, acc=100.00%, lr=4.59e-05
  Step 4850: loss=1.1118, acc=50.00%, lr=4.58e-05
  Step 4900: loss=0.3078, acc=75.00%, lr=4.57e-05
  Step 4950: loss=0.2181, acc=100.00%, lr=4.56e-05
  Step 5000: loss=0.4711, acc=75.00%, lr=4.55e-05
  Step 5050: loss=0.3682, acc=75.00%, lr=4.54e-05
  Step 5100: loss=0.1126, acc=100.00%, lr=4.53e-05
  Step 5150: loss=0.6345, acc=75.00%, lr=4.52e-05
  Step 5200: loss=1.0312, acc=75.00%, lr=4.51e-05
  Step 5250: loss=0.7948, acc=75.00%, lr=4.50e-05
  Step 5300: loss=0.4649, acc=75.00%, lr=4.49e-05
  Step 5350: loss=0.1993, acc=100.00%, lr=4.48e-05
  Step 5400: loss=0.0218, acc=100.00%, lr=4.47e-05
  Step 5450: loss=0.2968, acc=75.00%, lr=4.46e-05
  Step 5500: loss=0.0853, acc=100.00%, lr=4.45e-05
  Step 5550: loss=0.6198, acc=50.00%, lr=4.44e-05
  Step 5600: loss=0.0142, acc=100.00%, lr=4.43e-05
  Step 5650: loss=0.1820, acc=100.00%, lr=4.42e-05
  Step 5700: loss=1.0013, acc=50.00%, lr=4.41e-05
  Step 5750: loss=0.4844, acc=75.00%, lr=4.40e-05
  Step 5800: loss=0.5234, acc=75.00%, lr=4.39e-05
  Step 5850: loss=0.7406, acc=75.00%, lr=4.38e-05
  Step 5900: loss=0.1162, acc=100.00%, lr=4.36e-05
  Step 5950: loss=0.3741, acc=75.00%, lr=4.35e-05
  Step 6000: loss=0.5697, acc=75.00%, lr=4.34e-05
  Step 6050: loss=0.4273, acc=100.00%, lr=4.33e-05
  Step 6100: loss=0.0004, acc=100.00%, lr=4.32e-05
  Step 6150: loss=0.4494, acc=100.00%, lr=4.31e-05
  Step 6200: loss=0.2223, acc=75.00%, lr=4.30e-05
  Step 6250: loss=0.8219, acc=75.00%, lr=4.28e-05
  Step 6300: loss=0.6037, acc=75.00%, lr=4.27e-05
  Step 6350: loss=0.1309, acc=100.00%, lr=4.26e-05
  Step 6400: loss=0.4177, acc=75.00%, lr=4.25e-05
  Step 6450: loss=0.1147, acc=100.00%, lr=4.24e-05
  Step 6500: loss=1.1880, acc=75.00%, lr=4.22e-05
  Step 6550: loss=0.2052, acc=100.00%, lr=4.21e-05
  Step 6600: loss=0.7890, acc=50.00%, lr=4.20e-05
  Step 6650: loss=0.3883, acc=75.00%, lr=4.19e-05
  Step 6700: loss=0.6908, acc=75.00%, lr=4.17e-05
  Step 6750: loss=0.3635, acc=100.00%, lr=4.16e-05
  Step 6800: loss=0.2267, acc=100.00%, lr=4.15e-05
  Step 6850: loss=0.4692, acc=75.00%, lr=4.14e-05
  Step 6900: loss=0.0004, acc=100.00%, lr=4.12e-05
  Step 6950: loss=0.1239, acc=100.00%, lr=4.11e-05
  Step 7000: loss=0.1158, acc=100.00%, lr=4.10e-05
  Step 7050: loss=0.3424, acc=75.00%, lr=4.09e-05
  Epoch 3 complete: avg_loss=0.4331, time=80.1s
Epoch 4/10
  Step 7100: loss=1.1030, acc=50.00%, lr=4.07e-05
  Step 7150: loss=0.2109, acc=100.00%, lr=4.06e-05
  Step 7200: loss=0.3336, acc=100.00%, lr=4.05e-05
  Step 7250: loss=1.2728, acc=75.00%, lr=4.03e-05
  Step 7300: loss=1.1777, acc=50.00%, lr=4.02e-05
  Step 7350: loss=0.1212, acc=100.00%, lr=4.01e-05
  Step 7400: loss=0.4132, acc=75.00%, lr=3.99e-05
  Step 7450: loss=0.6610, acc=75.00%, lr=3.98e-05
  Step 7500: loss=0.0225, acc=100.00%, lr=3.97e-05
  Step 7550: loss=0.0746, acc=100.00%, lr=3.95e-05
  Step 7600: loss=0.4885, acc=75.00%, lr=3.94e-05
  Step 7650: loss=0.7134, acc=75.00%, lr=3.92e-05
  Step 7700: loss=0.1317, acc=100.00%, lr=3.91e-05
  Step 7750: loss=0.3025, acc=100.00%, lr=3.90e-05
  Step 7800: loss=0.3445, acc=75.00%, lr=3.88e-05
  Step 7850: loss=0.2821, acc=75.00%, lr=3.87e-05
  Step 7900: loss=0.3747, acc=100.00%, lr=3.85e-05
  Step 7950: loss=0.3526, acc=100.00%, lr=3.84e-05
  Step 8000: loss=0.0001, acc=100.00%, lr=3.83e-05
  Step 8050: loss=0.5474, acc=75.00%, lr=3.81e-05
  Step 8100: loss=0.0403, acc=100.00%, lr=3.80e-05
  Step 8150: loss=0.1000, acc=100.00%, lr=3.78e-05
  Step 8200: loss=0.7573, acc=50.00%, lr=3.77e-05
  Step 8250: loss=0.2050, acc=100.00%, lr=3.75e-05
  Step 8300: loss=0.6716, acc=100.00%, lr=3.74e-05
  Step 8350: loss=0.4756, acc=75.00%, lr=3.72e-05
  Step 8400: loss=0.1628, acc=100.00%, lr=3.71e-05
  Step 8450: loss=0.0870, acc=100.00%, lr=3.70e-05
  Step 8500: loss=0.4084, acc=75.00%, lr=3.68e-05
  Step 8550: loss=0.3299, acc=100.00%, lr=3.67e-05
  Step 8600: loss=0.7053, acc=50.00%, lr=3.65e-05
  Step 8650: loss=0.0449, acc=100.00%, lr=3.64e-05
  Step 8700: loss=0.2149, acc=100.00%, lr=3.62e-05
  Step 8750: loss=0.3442, acc=75.00%, lr=3.61e-05
  Step 8800: loss=0.4488, acc=75.00%, lr=3.59e-05
  Step 8850: loss=0.4086, acc=75.00%, lr=3.58e-05
  Step 8900: loss=0.0866, acc=100.00%, lr=3.56e-05
  Step 8950: loss=0.9056, acc=50.00%, lr=3.54e-05
  Step 9000: loss=0.3365, acc=100.00%, lr=3.53e-05
  Step 9050: loss=0.0147, acc=100.00%, lr=3.51e-05
  Step 9100: loss=0.2679, acc=100.00%, lr=3.50e-05
  Step 9150: loss=1.0786, acc=75.00%, lr=3.48e-05
  Step 9200: loss=0.6625, acc=75.00%, lr=3.47e-05
  Step 9250: loss=0.5248, acc=75.00%, lr=3.45e-05
  Step 9300: loss=0.2713, acc=75.00%, lr=3.44e-05
  Step 9350: loss=0.0043, acc=100.00%, lr=3.42e-05
  Step 9400: loss=0.7782, acc=75.00%, lr=3.41e-05
  Epoch 4 complete: avg_loss=0.4225, time=80.5s
Epoch 5/10
  Step 9450: loss=0.6906, acc=75.00%, lr=3.39e-05
  Step 9500: loss=0.4984, acc=75.00%, lr=3.37e-05
  Step 9550: loss=0.7987, acc=75.00%, lr=3.36e-05
  Step 9600: loss=0.0442, acc=100.00%, lr=3.34e-05
  Step 9650: loss=0.8571, acc=50.00%, lr=3.33e-05
  Step 9700: loss=0.2553, acc=75.00%, lr=3.31e-05
  Step 9750: loss=0.4255, acc=75.00%, lr=3.30e-05
  Step 9800: loss=1.2347, acc=50.00%, lr=3.28e-05
  Step 9850: loss=0.2223, acc=100.00%, lr=3.26e-05
  Step 9900: loss=0.4170, acc=75.00%, lr=3.25e-05
  Step 9950: loss=0.3998, acc=75.00%, lr=3.23e-05
  Step 10000: loss=0.6848, acc=75.00%, lr=3.21e-05
  Step 10050: loss=0.6718, acc=75.00%, lr=3.20e-05
  Step 10100: loss=0.7532, acc=75.00%, lr=3.18e-05
  Step 10150: loss=0.5240, acc=75.00%, lr=3.17e-05
  Step 10200: loss=0.0028, acc=100.00%, lr=3.15e-05
  Step 10250: loss=1.2052, acc=75.00%, lr=3.13e-05
  Step 10300: loss=0.0019, acc=100.00%, lr=3.12e-05
  Step 10350: loss=0.1724, acc=100.00%, lr=3.10e-05
  Step 10400: loss=0.0130, acc=100.00%, lr=3.09e-05
  Step 10450: loss=0.4950, acc=75.00%, lr=3.07e-05
  Step 10500: loss=0.4885, acc=75.00%, lr=3.05e-05
  Step 10550: loss=0.1434, acc=100.00%, lr=3.04e-05
  Step 10600: loss=0.6052, acc=75.00%, lr=3.02e-05
  Step 10650: loss=0.2433, acc=100.00%, lr=3.00e-05
  Step 10700: loss=0.1091, acc=100.00%, lr=2.99e-05
  Step 10750: loss=0.5256, acc=75.00%, lr=2.97e-05
  Step 10800: loss=0.0057, acc=100.00%, lr=2.95e-05
  Step 10850: loss=0.4256, acc=75.00%, lr=2.94e-05
  Step 10900: loss=0.4364, acc=75.00%, lr=2.92e-05
  Step 10950: loss=0.1996, acc=100.00%, lr=2.90e-05
  Step 11000: loss=0.0613, acc=100.00%, lr=2.89e-05
  Step 11050: loss=0.3898, acc=75.00%, lr=2.87e-05
  Step 11100: loss=0.2255, acc=100.00%, lr=2.86e-05
  Step 11150: loss=0.3671, acc=100.00%, lr=2.84e-05
  Step 11200: loss=0.1338, acc=100.00%, lr=2.82e-05
  Step 11250: loss=0.0368, acc=100.00%, lr=2.81e-05
  Step 11300: loss=0.1978, acc=75.00%, lr=2.79e-05
  Step 11350: loss=0.6150, acc=75.00%, lr=2.77e-05
  Step 11400: loss=0.5172, acc=75.00%, lr=2.76e-05
  Step 11450: loss=0.1281, acc=100.00%, lr=2.74e-05
  Step 11500: loss=0.2070, acc=100.00%, lr=2.72e-05
  Step 11550: loss=0.1568, acc=100.00%, lr=2.71e-05
  Step 11600: loss=0.6479, acc=50.00%, lr=2.69e-05
  Step 11650: loss=1.1472, acc=50.00%, lr=2.67e-05
  Step 11700: loss=0.3819, acc=75.00%, lr=2.66e-05
  Step 11750: loss=0.2029, acc=75.00%, lr=2.64e-05
  Epoch 5 complete: avg_loss=0.4087, time=81.1s
Epoch 6/10
  Step 11800: loss=0.0553, acc=100.00%, lr=2.62e-05
  Step 11850: loss=0.1133, acc=100.00%, lr=2.61e-05
  Step 11900: loss=0.0029, acc=100.00%, lr=2.59e-05
  Step 11950: loss=0.9443, acc=75.00%, lr=2.57e-05
  Step 12000: loss=0.3416, acc=75.00%, lr=2.56e-05
  Step 12050: loss=0.0091, acc=100.00%, lr=2.54e-05
  Step 12100: loss=0.1758, acc=100.00%, lr=2.52e-05
  Step 12150: loss=0.6656, acc=100.00%, lr=2.50e-05
  Step 12200: loss=0.0056, acc=100.00%, lr=2.49e-05
  Step 12250: loss=0.0013, acc=100.00%, lr=2.47e-05
  Step 12300: loss=0.4624, acc=75.00%, lr=2.45e-05
  Step 12350: loss=0.2910, acc=100.00%, lr=2.44e-05
  Step 12400: loss=0.0005, acc=100.00%, lr=2.42e-05
  Step 12450: loss=0.7296, acc=75.00%, lr=2.40e-05
  Step 12500: loss=0.2076, acc=100.00%, lr=2.39e-05
  Step 12550: loss=0.8331, acc=75.00%, lr=2.37e-05
  Step 12600: loss=1.1718, acc=25.00%, lr=2.35e-05
  Step 12650: loss=0.4610, acc=75.00%, lr=2.34e-05
  Step 12700: loss=2.0107, acc=25.00%, lr=2.32e-05
  Step 12750: loss=0.0442, acc=100.00%, lr=2.30e-05
  Step 12800: loss=0.4948, acc=75.00%, lr=2.29e-05
  Step 12850: loss=0.0046, acc=100.00%, lr=2.27e-05
  Step 12900: loss=0.9325, acc=75.00%, lr=2.25e-05
  Step 12950: loss=0.1451, acc=100.00%, lr=2.24e-05
  Step 13000: loss=0.6369, acc=75.00%, lr=2.22e-05
  Step 13050: loss=0.5873, acc=75.00%, lr=2.21e-05
  Step 13100: loss=0.3119, acc=75.00%, lr=2.19e-05
  Step 13150: loss=0.0016, acc=100.00%, lr=2.17e-05
  Step 13200: loss=0.3946, acc=75.00%, lr=2.16e-05
  Step 13250: loss=1.2386, acc=25.00%, lr=2.14e-05
  Step 13300: loss=0.0189, acc=100.00%, lr=2.12e-05
  Step 13350: loss=0.0144, acc=100.00%, lr=2.11e-05
  Step 13400: loss=0.2108, acc=100.00%, lr=2.09e-05
  Step 13450: loss=0.1583, acc=100.00%, lr=2.07e-05
  Step 13500: loss=0.4831, acc=50.00%, lr=2.06e-05
  Step 13550: loss=0.1163, acc=100.00%, lr=2.04e-05
  Step 13600: loss=0.8747, acc=50.00%, lr=2.02e-05
  Step 13650: loss=0.0476, acc=100.00%, lr=2.01e-05
  Step 13700: loss=0.1686, acc=100.00%, lr=1.99e-05
  Step 13750: loss=0.8349, acc=75.00%, lr=1.98e-05
  Step 13800: loss=1.2041, acc=75.00%, lr=1.96e-05
  Step 13850: loss=0.5247, acc=75.00%, lr=1.94e-05
  Step 13900: loss=0.3333, acc=100.00%, lr=1.93e-05
  Step 13950: loss=0.5234, acc=75.00%, lr=1.91e-05
  Step 14000: loss=0.0243, acc=100.00%, lr=1.89e-05
  Step 14050: loss=0.3696, acc=100.00%, lr=1.88e-05
  Step 14100: loss=0.0719, acc=100.00%, lr=1.86e-05
  Epoch 6 complete: avg_loss=0.3950, time=80.8s
Epoch 7/10
  Step 14150: loss=0.3216, acc=75.00%, lr=1.85e-05
  Step 14200: loss=0.0002, acc=100.00%, lr=1.83e-05
  Step 14250: loss=0.2001, acc=100.00%, lr=1.81e-05
  Step 14300: loss=0.0038, acc=100.00%, lr=1.80e-05
  Step 14350: loss=0.0315, acc=100.00%, lr=1.78e-05
  Step 14400: loss=0.2504, acc=100.00%, lr=1.77e-05
  Step 14450: loss=0.7523, acc=75.00%, lr=1.75e-05
  Step 14500: loss=0.0002, acc=100.00%, lr=1.74e-05
  Step 14550: loss=0.2783, acc=75.00%, lr=1.72e-05
  Step 14600: loss=0.4374, acc=100.00%, lr=1.70e-05
  Step 14650: loss=0.1957, acc=100.00%, lr=1.69e-05
  Step 14700: loss=0.6108, acc=75.00%, lr=1.67e-05
  Step 14750: loss=0.1500, acc=100.00%, lr=1.66e-05
  Step 14800: loss=0.8322, acc=75.00%, lr=1.64e-05
  Step 14850: loss=0.1433, acc=100.00%, lr=1.63e-05
  Step 14900: loss=0.0000, acc=100.00%, lr=1.61e-05
  Step 14950: loss=0.2857, acc=75.00%, lr=1.60e-05
  Step 15000: loss=0.9514, acc=75.00%, lr=1.58e-05
  Step 15050: loss=0.3659, acc=100.00%, lr=1.56e-05
  Step 15100: loss=0.1457, acc=100.00%, lr=1.55e-05
  Step 15150: loss=0.1323, acc=100.00%, lr=1.53e-05
  Step 15200: loss=0.3231, acc=100.00%, lr=1.52e-05
  Step 15250: loss=0.1139, acc=100.00%, lr=1.50e-05
  Step 15300: loss=0.0524, acc=100.00%, lr=1.49e-05
  Step 15350: loss=0.5020, acc=75.00%, lr=1.47e-05
  Step 15400: loss=0.0624, acc=100.00%, lr=1.46e-05
  Step 15450: loss=0.0736, acc=100.00%, lr=1.44e-05
  Step 15500: loss=0.3898, acc=75.00%, lr=1.43e-05
  Step 15550: loss=0.0694, acc=100.00%, lr=1.41e-05
  Step 15600: loss=0.2483, acc=75.00%, lr=1.40e-05
  Step 15650: loss=0.6167, acc=75.00%, lr=1.38e-05
  Step 15700: loss=0.4587, acc=75.00%, lr=1.37e-05
  Step 15750: loss=0.1121, acc=100.00%, lr=1.36e-05
  Step 15800: loss=0.0465, acc=100.00%, lr=1.34e-05
  Step 15850: loss=0.0421, acc=100.00%, lr=1.33e-05
  Step 15900: loss=0.1529, acc=100.00%, lr=1.31e-05
  Step 15950: loss=0.0520, acc=100.00%, lr=1.30e-05
  Step 16000: loss=0.0672, acc=100.00%, lr=1.28e-05
  Step 16050: loss=0.2255, acc=75.00%, lr=1.27e-05
  Step 16100: loss=0.2747, acc=100.00%, lr=1.25e-05
  Step 16150: loss=0.1988, acc=100.00%, lr=1.24e-05
  Step 16200: loss=0.4540, acc=75.00%, lr=1.23e-05
  Step 16250: loss=0.0554, acc=100.00%, lr=1.21e-05
  Step 16300: loss=0.0309, acc=100.00%, lr=1.20e-05
  Step 16350: loss=0.0328, acc=100.00%, lr=1.18e-05
  Step 16400: loss=0.0001, acc=100.00%, lr=1.17e-05
  Step 16450: loss=0.0717, acc=100.00%, lr=1.16e-05
  Epoch 7 complete: avg_loss=0.3821, time=81.1s
Epoch 8/10
  Step 16500: loss=0.5269, acc=75.00%, lr=1.14e-05
  Step 16550: loss=0.4508, acc=75.00%, lr=1.13e-05
  Step 16600: loss=1.0743, acc=75.00%, lr=1.12e-05
  Step 16650: loss=0.0783, acc=100.00%, lr=1.10e-05
  Step 16700: loss=0.9799, acc=50.00%, lr=1.09e-05
  Step 16750: loss=0.2527, acc=100.00%, lr=1.08e-05
  Step 16800: loss=0.0070, acc=100.00%, lr=1.06e-05
  Step 16850: loss=0.2011, acc=100.00%, lr=1.05e-05
  Step 16900: loss=1.5248, acc=50.00%, lr=1.04e-05
  Step 16950: loss=0.0415, acc=100.00%, lr=1.02e-05
  Step 17000: loss=1.0299, acc=50.00%, lr=1.01e-05
  Step 17050: loss=0.0930, acc=100.00%, lr=9.96e-06
  Step 17100: loss=0.0915, acc=100.00%, lr=9.84e-06
  Step 17150: loss=0.0017, acc=100.00%, lr=9.71e-06
  Step 17200: loss=0.0011, acc=100.00%, lr=9.58e-06
  Step 17250: loss=0.3466, acc=75.00%, lr=9.45e-06
  Step 17300: loss=1.1451, acc=50.00%, lr=9.33e-06
  Step 17350: loss=0.6781, acc=50.00%, lr=9.20e-06
  Step 17400: loss=0.8746, acc=50.00%, lr=9.08e-06
  Step 17450: loss=0.2806, acc=100.00%, lr=8.95e-06
  Step 17500: loss=0.2159, acc=100.00%, lr=8.83e-06
  Step 17550: loss=0.3754, acc=75.00%, lr=8.71e-06
  Step 17600: loss=0.7585, acc=75.00%, lr=8.59e-06
  Step 17650: loss=0.0011, acc=100.00%, lr=8.47e-06
  Step 17700: loss=0.1351, acc=100.00%, lr=8.35e-06
  Step 17750: loss=0.0500, acc=100.00%, lr=8.23e-06
  Step 17800: loss=0.1139, acc=100.00%, lr=8.11e-06
  Step 17850: loss=0.0390, acc=100.00%, lr=7.99e-06
  Step 17900: loss=0.2226, acc=100.00%, lr=7.88e-06
  Step 17950: loss=0.3881, acc=75.00%, lr=7.76e-06
  Step 18000: loss=0.4277, acc=75.00%, lr=7.65e-06
  Step 18050: loss=0.0710, acc=100.00%, lr=7.53e-06
  Step 18100: loss=0.2895, acc=75.00%, lr=7.42e-06
  Step 18150: loss=0.7590, acc=75.00%, lr=7.31e-06
  Step 18200: loss=0.3609, acc=75.00%, lr=7.20e-06
  Step 18250: loss=0.3067, acc=100.00%, lr=7.08e-06
  Step 18300: loss=0.7392, acc=50.00%, lr=6.98e-06
  Step 18350: loss=0.5365, acc=75.00%, lr=6.87e-06
  Step 18400: loss=0.7643, acc=50.00%, lr=6.76e-06
  Step 18450: loss=0.2255, acc=100.00%, lr=6.65e-06
  Step 18500: loss=0.0142, acc=100.00%, lr=6.54e-06
  Step 18550: loss=0.4953, acc=75.00%, lr=6.44e-06
  Step 18600: loss=0.0376, acc=100.00%, lr=6.33e-06
  Step 18650: loss=0.1597, acc=100.00%, lr=6.23e-06
  Step 18700: loss=0.8391, acc=50.00%, lr=6.13e-06
  Step 18750: loss=0.0364, acc=100.00%, lr=6.03e-06
  Step 18800: loss=0.0064, acc=100.00%, lr=5.93e-06
  Epoch 8 complete: avg_loss=0.3736, time=81.1s
Epoch 9/10
  Step 18850: loss=0.1542, acc=100.00%, lr=5.83e-06
  Step 18900: loss=0.4460, acc=100.00%, lr=5.73e-06
  Step 18950: loss=0.1127, acc=100.00%, lr=5.63e-06
  Step 19000: loss=0.1175, acc=100.00%, lr=5.53e-06
  Step 19050: loss=0.2662, acc=100.00%, lr=5.43e-06
  Step 19100: loss=0.0389, acc=100.00%, lr=5.34e-06
  Step 19150: loss=0.3470, acc=75.00%, lr=5.24e-06
  Step 19200: loss=0.1462, acc=100.00%, lr=5.15e-06
  Step 19250: loss=0.2439, acc=100.00%, lr=5.06e-06
  Step 19300: loss=0.3260, acc=100.00%, lr=4.97e-06
  Step 19350: loss=0.2169, acc=100.00%, lr=4.88e-06
  Step 19400: loss=0.7903, acc=50.00%, lr=4.79e-06
  Step 19450: loss=0.2130, acc=100.00%, lr=4.70e-06
  Step 19500: loss=0.0090, acc=100.00%, lr=4.61e-06
  Step 19550: loss=0.0609, acc=100.00%, lr=4.52e-06
  Step 19600: loss=0.4848, acc=75.00%, lr=4.44e-06
  Step 19650: loss=0.6519, acc=75.00%, lr=4.35e-06
  Step 19700: loss=0.3610, acc=100.00%, lr=4.27e-06
  Step 19750: loss=0.7765, acc=75.00%, lr=4.19e-06
  Step 19800: loss=0.2755, acc=100.00%, lr=4.10e-06
  Step 19850: loss=0.0314, acc=100.00%, lr=4.02e-06
  Step 19900: loss=0.7195, acc=75.00%, lr=3.94e-06
  Step 19950: loss=0.3281, acc=100.00%, lr=3.86e-06
  Step 20000: loss=0.4847, acc=75.00%, lr=3.79e-06
  Step 20050: loss=0.3718, acc=75.00%, lr=3.71e-06
  Step 20100: loss=0.0366, acc=100.00%, lr=3.63e-06
  Step 20150: loss=0.8207, acc=50.00%, lr=3.56e-06
  Step 20200: loss=0.0007, acc=100.00%, lr=3.48e-06
  Step 20250: loss=0.0492, acc=100.00%, lr=3.41e-06
  Step 20300: loss=0.1362, acc=100.00%, lr=3.34e-06
  Step 20350: loss=0.2459, acc=100.00%, lr=3.27e-06
  Step 20400: loss=0.3956, acc=75.00%, lr=3.20e-06
  Step 20450: loss=0.0124, acc=100.00%, lr=3.13e-06
  Step 20500: loss=0.0056, acc=100.00%, lr=3.06e-06
  Step 20550: loss=1.0542, acc=50.00%, lr=3.00e-06
  Step 20600: loss=0.6996, acc=75.00%, lr=2.93e-06
  Step 20650: loss=0.4527, acc=75.00%, lr=2.87e-06
  Step 20700: loss=0.1341, acc=100.00%, lr=2.80e-06
  Step 20750: loss=0.3846, acc=75.00%, lr=2.74e-06
  Step 20800: loss=1.1448, acc=25.00%, lr=2.68e-06
  Step 20850: loss=0.3274, acc=75.00%, lr=2.62e-06
  Step 20900: loss=0.1014, acc=100.00%, lr=2.56e-06
  Step 20950: loss=1.3663, acc=50.00%, lr=2.50e-06
  Step 21000: loss=0.0014, acc=100.00%, lr=2.44e-06
  Step 21050: loss=0.5373, acc=75.00%, lr=2.39e-06
  Step 21100: loss=0.0293, acc=100.00%, lr=2.33e-06
  Step 21150: loss=0.2655, acc=75.00%, lr=2.28e-06
  Epoch 9 complete: avg_loss=0.3668, time=81.0s
Epoch 10/10
  Step 21200: loss=0.0024, acc=100.00%, lr=2.23e-06
  Step 21250: loss=0.0491, acc=100.00%, lr=2.18e-06
  Step 21300: loss=0.0936, acc=100.00%, lr=2.12e-06
  Step 21350: loss=0.2306, acc=100.00%, lr=2.08e-06
  Step 21400: loss=0.0897, acc=100.00%, lr=2.03e-06
  Step 21450: loss=0.5433, acc=75.00%, lr=1.98e-06
  Step 21500: loss=0.7100, acc=75.00%, lr=1.93e-06
  Step 21550: loss=0.8635, acc=75.00%, lr=1.89e-06
  Step 21600: loss=0.1501, acc=100.00%, lr=1.84e-06
  Step 21650: loss=0.3885, acc=100.00%, lr=1.80e-06
  Step 21700: loss=0.0537, acc=100.00%, lr=1.76e-06
  Step 21750: loss=0.4631, acc=75.00%, lr=1.72e-06
  Step 21800: loss=0.7806, acc=50.00%, lr=1.68e-06
  Step 21850: loss=0.0420, acc=100.00%, lr=1.64e-06
  Step 21900: loss=0.7251, acc=75.00%, lr=1.60e-06
  Step 21950: loss=0.0557, acc=100.00%, lr=1.57e-06
  Step 22000: loss=0.0031, acc=100.00%, lr=1.53e-06
  Step 22050: loss=0.6533, acc=75.00%, lr=1.50e-06
  Step 22100: loss=0.1196, acc=100.00%, lr=1.46e-06
  Step 22150: loss=0.1582, acc=100.00%, lr=1.43e-06
  Step 22200: loss=0.0988, acc=100.00%, lr=1.40e-06
  Step 22250: loss=0.1160, acc=100.00%, lr=1.37e-06
  Step 22300: loss=0.5845, acc=75.00%, lr=1.34e-06
  Step 22350: loss=0.1830, acc=100.00%, lr=1.32e-06
  Step 22400: loss=0.7526, acc=75.00%, lr=1.29e-06
  Step 22450: loss=0.5414, acc=75.00%, lr=1.27e-06
  Step 22500: loss=0.1826, acc=100.00%, lr=1.24e-06
  Step 22550: loss=0.9587, acc=50.00%, lr=1.22e-06
  Step 22600: loss=0.6902, acc=75.00%, lr=1.20e-06
  Step 22650: loss=0.2341, acc=100.00%, lr=1.18e-06
  Step 22700: loss=0.0007, acc=100.00%, lr=1.16e-06
  Step 22750: loss=0.7702, acc=75.00%, lr=1.14e-06
  Step 22800: loss=0.5844, acc=75.00%, lr=1.12e-06
  Step 22850: loss=0.3678, acc=75.00%, lr=1.11e-06
  Step 22900: loss=0.0306, acc=100.00%, lr=1.09e-06
  Step 22950: loss=0.0833, acc=100.00%, lr=1.08e-06
  Step 23000: loss=0.4367, acc=75.00%, lr=1.06e-06
  Step 23050: loss=0.5135, acc=75.00%, lr=1.05e-06
  Step 23100: loss=0.5965, acc=75.00%, lr=1.04e-06
  Step 23150: loss=0.2036, acc=100.00%, lr=1.03e-06
  Step 23200: loss=0.0426, acc=100.00%, lr=1.02e-06
  Step 23250: loss=0.6000, acc=50.00%, lr=1.02e-06
  Step 23300: loss=0.5984, acc=75.00%, lr=1.01e-06
  Step 23350: loss=0.6550, acc=75.00%, lr=1.01e-06
  Step 23400: loss=0.1013, acc=100.00%, lr=1.00e-06
  Step 23450: loss=0.2469, acc=100.00%, lr=1.00e-06
  Step 23500: loss=0.5172, acc=75.00%, lr=1.00e-06
  Epoch 10 complete: avg_loss=0.3617, time=81.0s

Training complete!
  Total time: 0.22 hours
  Best accuracy: 0.00%
