`trust_remote_code` is not supported anymore.
Please check that the Hugging Face dataset 'LIUM/tedlium' isn't based on a loading script and remove `trust_remote_code`.
If the dataset is based on a loading script, please ask the dataset author to remove it and convert it to a standard format like Parquet.
Traceback (most recent call last):
  File "<string>", line 6, in <module>
    ds = load_dataset('LIUM/tedlium', 'release3', cache_dir='data/tedlium3', trust_remote_code=True)
  File "/opt/homebrew/lib/python3.14/site-packages/datasets/load.py", line 1397, in load_dataset
    builder_instance = load_dataset_builder(
        path=path,
    ...<10 lines>...
        **config_kwargs,
    )
  File "/opt/homebrew/lib/python3.14/site-packages/datasets/load.py", line 1137, in load_dataset_builder
    dataset_module = dataset_module_factory(
        path,
    ...<5 lines>...
        cache_dir=cache_dir,
    )
  File "/opt/homebrew/lib/python3.14/site-packages/datasets/load.py", line 1036, in dataset_module_factory
    raise e1 from None
  File "/opt/homebrew/lib/python3.14/site-packages/datasets/load.py", line 994, in dataset_module_factory
    raise RuntimeError(f"Dataset scripts are no longer supported, but found {filename}")
RuntimeError: Dataset scripts are no longer supported, but found tedlium.py
Downloading TEDLIUM-3 from HuggingFace...
